\o Program:		@(#)$CDS: libManager version 6.1.7 - CAT35 10/30/2018 21:08 (sjfnl050) $
\o Sub version:		sub-version  s231 
\o Arguments:		-unmapped -mpssession virtuoso32414 -mpshost cadence-restricted 
\o Working Directory:	cadence-restricted:/home/yuan9/DTA-aes
\o 64-bit offsets
\o Qt version: 		4.8.5
\o changeWorkingDir("/home/yuan9/DTA-aes") unnecessary.
\o ddSetForcedLib("") unnecessary.
\o Log file is "/home/yuan9/DTA-aes/libManager.log".
\o Opening libManager window.
\a nrSetWindowVisibility(cdsLibManager "show")
\o MPS service: map window
\a nrSetCurrentWindow(cdsLibManager)
\o Library Manager customization server connected.
\a nrResizeWindow(cdsLibManager list(2136 449 602 491))
\a cdsLibManager->libListBox->value = "lib_trans"
\a cdsLibManager->libLineEdit->value = "lib_trans"
\a cdsLibManager->cellListBox->value = "aes_cipher_top"
\a cdsLibManager->cellLineEdit->value = "aes_cipher_top"
\o MPS request: edit design
\a nrListItemAction(cdsLibManager->cellListBox 0 0)
\a cdsLibManager->libListBox->value = nil
\a cdsLibManager->libLineEdit->value = ""
\a cdsLibManager->cellLineEdit->value = ""
\a cdsLibManager->cellListBox->value = nil
\a cdsLibManager->libListBox->value = "lib_trans"
\a cdsLibManager->libLineEdit->value = "lib_trans"
\a cdsLibManager->cellListBox->value = "aes_cipher_top"
\a cdsLibManager->cellLineEdit->value = "aes_cipher_top"
\a nrSetCurrentWindow(cdsLibManager)
\a cdsLibManager->viewListBox->value = "schematic"
\a cdsLibManager->viewLineEdit->value = "schematic"
\a cdsLibManager->viewListBox->value = nil
\a cdsLibManager->viewLineEdit->value = ""
\a cdsLibManager->viewListBox->value = "schematic"
\a cdsLibManager->viewLineEdit->value = "schematic"
\o MPS request: edit design
\a nrListItemAction(cdsLibManager->gdmXTView 0 0)
\a cdsLibManager->libListBox->value = nil
\a cdsLibManager->libLineEdit->value = ""
\a cdsLibManager->cellListBox->value = nil
\a cdsLibManager->viewLineEdit->value = ""
\a cdsLibManager->viewListBox->value = nil
\a cdsLibManager->cellLineEdit->value = ""
\a cdsLibManager->libListBox->value = "lib_trans"
\a cdsLibManager->libLineEdit->value = "lib_trans"
\a cdsLibManager->cellListBox->value = "aes_cipher_top"
\a cdsLibManager->cellLineEdit->value = "aes_cipher_top"
\a cdsLibManager->viewListBox->value = "schematic"
\a cdsLibManager->viewLineEdit->value = "schematic"
\a cdsLibManager->viewLineEdit->value = ""
\a cdsLibManager->viewListBox->value = nil
\a cdsLibManager->viewListBox->value = "schematic"
\a cdsLibManager->viewLineEdit->value = "schematic"
\a nrSetCurrentWindow(cdsLibManager)
\a nrSetCurrentWindow(cdsLibManager)
\a nrSetCurrentWindow(cdsLibManager)
\a nrSetCurrentWindow(cdsLibManager)
\a nrSetCurrentWindow(cdsLibManager)
\a nrSetCurrentWindow(cdsLibManager)
\a nrSetCurrentWindow(cdsLibManager)
\a nrSetCurrentWindow(cdsLibManager)
\a nrSetCurrentWindow(cdsLibManager)
\a nrSetCurrentWindow(cdsLibManager)
\a nrSetCurrentWindow(cdsLibManager)
\a nrSetCurrentWindow(cdsLibManager)
\a nrSetCurrentWindow(cdsLibManager)
\a nrSetCurrentWindow(cdsLibManager)
\a nrSetCurrentWindow(cdsLibManager)
