@(#)$CDS: ihdl version 6.1.7-64b 12/16/2018 07:36 (sjfhw318) $  Wed Oct 28 10:21:40 2020

INFO (VERILOGIN-589): Using xmvlog binary for compilation.
INFO (VERILOGIN-126): Unable to find the Verilog definition for module DFQD0BWP7T. Therefore using library
tcb018gbwp7t_oa, cell DFQD0BWP7T, and view symbol as the symbol.
INFO (VERILOGIN-126): Unable to find the Verilog definition for module DFKCNQD1BWP7T. Therefore using library
tcb018gbwp7t_oa, cell DFKCNQD1BWP7T, and view symbol as the symbol.
INFO (VERILOGIN-126): Unable to find the Verilog definition for module TIELBWP7T. Therefore using library
tcb018gbwp7t_oa, cell TIELBWP7T, and view symbol as the symbol.
INFO (VERILOGIN-126): Unable to find the Verilog definition for module INVD1BWP7T. Therefore using library
tcb018gbwp7t_oa, cell INVD1BWP7T, and view symbol as the symbol.
INFO (VERILOGIN-126): Unable to find the Verilog definition for module CKBD1BWP7T. Therefore using library
tcb018gbwp7t_oa, cell CKBD1BWP7T, and view symbol as the symbol.
INFO (VERILOGIN-126): Unable to find the Verilog definition for module CKND0BWP7T. Therefore using library
tcb018gbwp7t_oa, cell CKND0BWP7T, and view symbol as the symbol.
INFO (VERILOGIN-126): Unable to find the Verilog definition for module OAI21D0BWP7T. Therefore using library
tcb018gbwp7t_oa, cell OAI21D0BWP7T, and view symbol as the symbol.
INFO (VERILOGIN-126): Unable to find the Verilog definition for module NR3D0BWP7T. Therefore using library
tcb018gbwp7t_oa, cell NR3D0BWP7T, and view symbol as the symbol.
INFO (VERILOGIN-126): Unable to find the Verilog definition for module OAI31D0BWP7T. Therefore using library
tcb018gbwp7t_oa, cell OAI31D0BWP7T, and view symbol as the symbol.
INFO (VERILOGIN-126): Unable to find the Verilog definition for module AOI31D0BWP7T. Therefore using library
tcb018gbwp7t_oa, cell AOI31D0BWP7T, and view symbol as the symbol.
INFO (VERILOGIN-126): Unable to find the Verilog definition for module MUX2ND0BWP7T. Therefore using library
tcb018gbwp7t_oa, cell MUX2ND0BWP7T, and view symbol as the symbol.
INFO (VERILOGIN-126): Unable to find the Verilog definition for module IND3D0BWP7T. Therefore using library
tcb018gbwp7t_oa, cell IND3D0BWP7T, and view symbol as the symbol.
INFO (VERILOGIN-126): Unable to find the Verilog definition for module IND2D0BWP7T. Therefore using library
tcb018gbwp7t_oa, cell IND2D0BWP7T, and view symbol as the symbol.
INFO (VERILOGIN-126): Unable to find the Verilog definition for module ND4D0BWP7T. Therefore using library
tcb018gbwp7t_oa, cell ND4D0BWP7T, and view symbol as the symbol.
INFO (VERILOGIN-126): Unable to find the Verilog definition for module NR2D0BWP7T. Therefore using library
tcb018gbwp7t_oa, cell NR2D0BWP7T, and view symbol as the symbol.
INFO (VERILOGIN-126): Unable to find the Verilog definition for module XNR2D1BWP7T. Therefore using library
tcb018gbwp7t_oa, cell XNR2D1BWP7T, and view symbol as the symbol.
INFO (VERILOGIN-126): Unable to find the Verilog definition for module ND3D0BWP7T. Therefore using library
tcb018gbwp7t_oa, cell ND3D0BWP7T, and view symbol as the symbol.
INFO (VERILOGIN-126): Unable to find the Verilog definition for module CKXOR2D0BWP7T. Therefore using library
tcb018gbwp7t_oa, cell CKXOR2D0BWP7T, and view symbol as the symbol.
INFO (VERILOGIN-126): Unable to find the Verilog definition for module AO21D0BWP7T. Therefore using library
tcb018gbwp7t_oa, cell AO21D0BWP7T, and view symbol as the symbol.
INFO (VERILOGIN-126): Unable to find the Verilog definition for module CKND2D0BWP7T. Therefore using library
tcb018gbwp7t_oa, cell CKND2D0BWP7T, and view symbol as the symbol.
INFO (VERILOGIN-357): Checked in symbol aes_rcon.
INFO (VERILOGIN-372): Checked-in schematic aes_rcon.
INFO (VERILOGIN-126): Unable to find the Verilog definition for module IND4D0BWP7T. Therefore using library
tcb018gbwp7t_oa, cell IND4D0BWP7T, and view symbol as the symbol.
INFO (VERILOGIN-126): Unable to find the Verilog definition for module NR4D0BWP7T. Therefore using library
tcb018gbwp7t_oa, cell NR4D0BWP7T, and view symbol as the symbol.
INFO (VERILOGIN-126): Unable to find the Verilog definition for module AOI21D0BWP7T. Therefore using library
tcb018gbwp7t_oa, cell AOI21D0BWP7T, and view symbol as the symbol.
INFO (VERILOGIN-126): Unable to find the Verilog definition for module OAI22D0BWP7T. Therefore using library
tcb018gbwp7t_oa, cell OAI22D0BWP7T, and view symbol as the symbol.
INFO (VERILOGIN-126): Unable to find the Verilog definition for module OAI222D0BWP7T. Therefore using library
tcb018gbwp7t_oa, cell OAI222D0BWP7T, and view symbol as the symbol.
INFO (VERILOGIN-126): Unable to find the Verilog definition for module AOI22D0BWP7T. Therefore using library
tcb018gbwp7t_oa, cell AOI22D0BWP7T, and view symbol as the symbol.
INFO (VERILOGIN-126): Unable to find the Verilog definition for module AOI211D0BWP7T. Therefore using library
tcb018gbwp7t_oa, cell AOI211D0BWP7T, and view symbol as the symbol.
INFO (VERILOGIN-126): Unable to find the Verilog definition for module AOI221D0BWP7T. Therefore using library
tcb018gbwp7t_oa, cell AOI221D0BWP7T, and view symbol as the symbol.
INFO (VERILOGIN-126): Unable to find the Verilog definition for module AOI222D0BWP7T. Therefore using library
tcb018gbwp7t_oa, cell AOI222D0BWP7T, and view symbol as the symbol.
INFO (VERILOGIN-126): Unable to find the Verilog definition for module IAO21D0BWP7T. Therefore using library
tcb018gbwp7t_oa, cell IAO21D0BWP7T, and view symbol as the symbol.
INFO (VERILOGIN-126): Unable to find the Verilog definition for module MOAI22D0BWP7T. Therefore using library
tcb018gbwp7t_oa, cell MOAI22D0BWP7T, and view symbol as the symbol.
INFO (VERILOGIN-126): Unable to find the Verilog definition for module INR3D0BWP7T. Therefore using library
tcb018gbwp7t_oa, cell INR3D0BWP7T, and view symbol as the symbol.
INFO (VERILOGIN-126): Unable to find the Verilog definition for module IIND4D0BWP7T. Therefore using library
tcb018gbwp7t_oa, cell IIND4D0BWP7T, and view symbol as the symbol.
INFO (VERILOGIN-126): Unable to find the Verilog definition for module OA22D0BWP7T. Therefore using library
tcb018gbwp7t_oa, cell OA22D0BWP7T, and view symbol as the symbol.
INFO (VERILOGIN-126): Unable to find the Verilog definition for module IINR4D0BWP7T. Therefore using library
tcb018gbwp7t_oa, cell IINR4D0BWP7T, and view symbol as the symbol.
INFO (VERILOGIN-126): Unable to find the Verilog definition for module AO221D0BWP7T. Therefore using library
tcb018gbwp7t_oa, cell AO221D0BWP7T, and view symbol as the symbol.
INFO (VERILOGIN-126): Unable to find the Verilog definition for module OA221D0BWP7T. Therefore using library
tcb018gbwp7t_oa, cell OA221D0BWP7T, and view symbol as the symbol.
INFO (VERILOGIN-126): Unable to find the Verilog definition for module OA222D0BWP7T. Therefore using library
tcb018gbwp7t_oa, cell OA222D0BWP7T, and view symbol as the symbol.
INFO (VERILOGIN-126): Unable to find the Verilog definition for module MAOI22D0BWP7T. Therefore using library
tcb018gbwp7t_oa, cell MAOI22D0BWP7T, and view symbol as the symbol.
INFO (VERILOGIN-126): Unable to find the Verilog definition for module IOA21D0BWP7T. Therefore using library
tcb018gbwp7t_oa, cell IOA21D0BWP7T, and view symbol as the symbol.
INFO (VERILOGIN-126): Unable to find the Verilog definition for module OAI211D0BWP7T. Therefore using library
tcb018gbwp7t_oa, cell OAI211D0BWP7T, and view symbol as the symbol.
INFO (VERILOGIN-357): Checked in symbol aes_sbox_1.
INFO (VERILOGIN-372): Checked-in schematic aes_sbox_1.
INFO (VERILOGIN-357): Checked in symbol aes_sbox_2.
INFO (VERILOGIN-372): Checked-in schematic aes_sbox_2.
INFO (VERILOGIN-357): Checked in symbol aes_sbox_3.
INFO (VERILOGIN-372): Checked-in schematic aes_sbox_3.
INFO (VERILOGIN-357): Checked in symbol aes_sbox_4.
INFO (VERILOGIN-372): Checked-in schematic aes_sbox_4.
INFO (VERILOGIN-126): Unable to find the Verilog definition for module DFCNQD1BWP7T. Therefore using library
tcb018gbwp7t_oa, cell DFCNQD1BWP7T, and view symbol as the symbol.
INFO (VERILOGIN-126): Unable to find the Verilog definition for module BUFFD3BWP7T. Therefore using library
tcb018gbwp7t_oa, cell BUFFD3BWP7T, and view symbol as the symbol.
INFO (VERILOGIN-126): Unable to find the Verilog definition for module CKXOR2D1BWP7T. Therefore using library
tcb018gbwp7t_oa, cell CKXOR2D1BWP7T, and view symbol as the symbol.
INFO (VERILOGIN-126): Unable to find the Verilog definition for module CKMUX2D0BWP7T. Therefore using library
tcb018gbwp7t_oa, cell CKMUX2D0BWP7T, and view symbol as the symbol.
INFO (VERILOGIN-126): Unable to find the Verilog definition for module XOR3D0BWP7T. Therefore using library
tcb018gbwp7t_oa, cell XOR3D0BWP7T, and view symbol as the symbol.
INFO (VERILOGIN-357): Checked in symbol aes_key_expand_128.
INFO (VERILOGIN-372): Checked-in schematic aes_key_expand_128.
INFO (VERILOGIN-357): Checked in symbol aes_sbox_0.
INFO (VERILOGIN-372): Checked-in schematic aes_sbox_0.
INFO (VERILOGIN-357): Checked in symbol aes_sbox_5.
INFO (VERILOGIN-372): Checked-in schematic aes_sbox_5.
INFO (VERILOGIN-357): Checked in symbol aes_sbox_6.
INFO (VERILOGIN-372): Checked-in schematic aes_sbox_6.
INFO (VERILOGIN-357): Checked in symbol aes_sbox_7.
INFO (VERILOGIN-372): Checked-in schematic aes_sbox_7.
INFO (VERILOGIN-357): Checked in symbol aes_sbox_8.
INFO (VERILOGIN-372): Checked-in schematic aes_sbox_8.
INFO (VERILOGIN-357): Checked in symbol aes_sbox_9.
INFO (VERILOGIN-372): Checked-in schematic aes_sbox_9.
INFO (VERILOGIN-357): Checked in symbol aes_sbox_10.
INFO (VERILOGIN-372): Checked-in schematic aes_sbox_10.
INFO (VERILOGIN-357): Checked in symbol aes_sbox_11.
INFO (VERILOGIN-372): Checked-in schematic aes_sbox_11.
INFO (VERILOGIN-357): Checked in symbol aes_sbox_12.
INFO (VERILOGIN-372): Checked-in schematic aes_sbox_12.
INFO (VERILOGIN-357): Checked in symbol aes_sbox_13.
INFO (VERILOGIN-372): Checked-in schematic aes_sbox_13.
INFO (VERILOGIN-357): Checked in symbol aes_sbox_14.
INFO (VERILOGIN-372): Checked-in schematic aes_sbox_14.
INFO (VERILOGIN-357): Checked in symbol aes_sbox_15.
INFO (VERILOGIN-372): Checked-in schematic aes_sbox_15.
INFO (VERILOGIN-357): Checked in symbol aes_sbox_16.
INFO (VERILOGIN-372): Checked-in schematic aes_sbox_16.
INFO (VERILOGIN-357): Checked in symbol aes_sbox_17.
INFO (VERILOGIN-372): Checked-in schematic aes_sbox_17.
INFO (VERILOGIN-357): Checked in symbol aes_sbox_18.
INFO (VERILOGIN-372): Checked-in schematic aes_sbox_18.
INFO (VERILOGIN-357): Checked in symbol aes_sbox_19.
INFO (VERILOGIN-372): Checked-in schematic aes_sbox_19.
INFO (VERILOGIN-126): Unable to find the Verilog definition for module EDFCNQD1BWP7T. Therefore using library
tcb018gbwp7t_oa, cell EDFCNQD1BWP7T, and view symbol as the symbol.
INFO (VERILOGIN-126): Unable to find the Verilog definition for module OR2D0BWP7T. Therefore using library
tcb018gbwp7t_oa, cell OR2D0BWP7T, and view symbol as the symbol.
INFO (VERILOGIN-126): Unable to find the Verilog definition for module XOR4D0BWP7T. Therefore using library
tcb018gbwp7t_oa, cell XOR4D0BWP7T, and view symbol as the symbol.
INFO (VERILOGIN-126): Unable to find the Verilog definition for module XNR3D0BWP7T. Therefore using library
tcb018gbwp7t_oa, cell XNR3D0BWP7T, and view symbol as the symbol.
INFO (VERILOGIN-126): Unable to find the Verilog definition for module INR4D0BWP7T. Therefore using library
tcb018gbwp7t_oa, cell INR4D0BWP7T, and view symbol as the symbol.
INFO (VERILOGIN-357): Checked in symbol aes_cipher_top.
INFO (VERILOGIN-372): Checked-in schematic aes_cipher_top.
INFO (VERILOGIN-206): End of Logfile.
