//  v2lvs v2019.2_26.18    Tue May 7 10:56:43 PDT 2019
//
//  Copyright (c) 1992, 1993 Regents of the University of California
//         All rights reserved.
//
//        Copyright Mentor Graphics Corporation 1996-2019
//                       All Rights Reserved.
//   THIS WORK CONTAINS TRADE SECRET AND PROPRIETARY INFORMATION
//      WHICH IS THE PROPERTY OF MENTOR GRAPHICS CORPORATION
//        OR ITS LICENSORS AND IS SUBJECT TO LICENSE TERMS.
//
//  The registered trademark Linux is used pursuant to a sublicense from LMI, the
//  exclusive licensee of Linus Torvalds, owner of the mark on a world-wide basis.
//
//  Mentor Graphics software executing under x86-64 Linux
//
Running /opt/cadence/CALIBRE/pkgs/icv/pvt/v2lvs -v aes_netlist.v -l /opt/libraries/TSMCHOME/digital/Front_End/verilog/tcb018gbwp7t_270a/tcb018gbwp7t.v -s /opt/libraries/TSMCHOME/digital/Back_End/spice/tcb018gbwp7t_270a/tcb018gbwp7t_270a.spi -s0 VSS -s1 VDD -o aes_netlist.spi

Info: Creating Library Database ...
Info: Creating Design Database ...
Info: Converting Design ...
Warning: Duplicate instance name "U3" found in module "aes_key_expand_128" while doing case-insensitive lookup
Warning: Duplicate port/net name "n109" found in module "aes_key_expand_128" while doing case-insensitive lookup
Warning: Duplicate port/net name "n110" found in module "aes_key_expand_128" while doing case-insensitive lookup
Warning: Duplicate port/net name "n111" found in module "aes_key_expand_128" while doing case-insensitive lookup
Warning: Duplicate port/net name "n112" found in module "aes_key_expand_128" while doing case-insensitive lookup
Warning: Duplicate port/net name "n113" found in module "aes_key_expand_128" while doing case-insensitive lookup
Warning: Duplicate port/net name "n114" found in module "aes_key_expand_128" while doing case-insensitive lookup
Warning: Duplicate port/net name "n115" found in module "aes_key_expand_128" while doing case-insensitive lookup
Warning: Duplicate port/net name "n116" found in module "aes_key_expand_128" while doing case-insensitive lookup
Warning: Duplicate port/net name "n117" found in module "aes_key_expand_128" while doing case-insensitive lookup
Warning: Duplicate port/net name "n118" found in module "aes_key_expand_128" while doing case-insensitive lookup
Warning: Duplicate port/net name "n119" found in module "aes_key_expand_128" while doing case-insensitive lookup
Warning: Duplicate port/net name "n120" found in module "aes_key_expand_128" while doing case-insensitive lookup
Warning: Duplicate port/net name "n121" found in module "aes_key_expand_128" while doing case-insensitive lookup
Warning: Duplicate port/net name "n122" found in module "aes_key_expand_128" while doing case-insensitive lookup
Warning: Duplicate port/net name "n123" found in module "aes_key_expand_128" while doing case-insensitive lookup
Warning: Duplicate port/net name "n124" found in module "aes_key_expand_128" while doing case-insensitive lookup
Warning: Duplicate port/net name "n125" found in module "aes_key_expand_128" while doing case-insensitive lookup
Warning: Duplicate port/net name "n126" found in module "aes_key_expand_128" while doing case-insensitive lookup
Warning: Duplicate port/net name "n127" found in module "aes_key_expand_128" while doing case-insensitive lookup
Warning: Duplicate port/net name "n128" found in module "aes_key_expand_128" while doing case-insensitive lookup
Warning: Duplicate port/net name "n129" found in module "aes_key_expand_128" while doing case-insensitive lookup
Warning: Duplicate port/net name "n130" found in module "aes_key_expand_128" while doing case-insensitive lookup
Warning: Duplicate port/net name "n131" found in module "aes_key_expand_128" while doing case-insensitive lookup
Warning: Duplicate port/net name "n132" found in module "aes_key_expand_128" while doing case-insensitive lookup
Warning: Duplicate port/net name "n133" found in module "aes_key_expand_128" while doing case-insensitive lookup
Warning: Duplicate port/net name "n134" found in module "aes_key_expand_128" while doing case-insensitive lookup
Warning: Duplicate port/net name "n135" found in module "aes_key_expand_128" while doing case-insensitive lookup
Warning: Duplicate port/net name "n136" found in module "aes_key_expand_128" while doing case-insensitive lookup
Warning: Duplicate port/net name "n137" found in module "aes_key_expand_128" while doing case-insensitive lookup
Warning: Duplicate port/net name "n138" found in module "aes_key_expand_128" while doing case-insensitive lookup
Warning: Duplicate port/net name "n139" found in module "aes_key_expand_128" while doing case-insensitive lookup
Warning: Duplicate port/net name "n140" found in module "aes_key_expand_128" while doing case-insensitive lookup
Warning: Duplicate port/net name "n43" found in module "aes_key_expand_128" while doing case-insensitive lookup
Warning: Duplicate port/net name "n44" found in module "aes_key_expand_128" while doing case-insensitive lookup
Warning: Duplicate port/net name "n45" found in module "aes_key_expand_128" while doing case-insensitive lookup
Warning: Duplicate port/net name "n46" found in module "aes_key_expand_128" while doing case-insensitive lookup
Warning: Duplicate port/net name "n47" found in module "aes_key_expand_128" while doing case-insensitive lookup
Warning: Duplicate port/net name "n48" found in module "aes_key_expand_128" while doing case-insensitive lookup
Warning: Duplicate port/net name "n49" found in module "aes_key_expand_128" while doing case-insensitive lookup
Warning: Duplicate port/net name "n50" found in module "aes_key_expand_128" while doing case-insensitive lookup
Warning: Duplicate port/net name "n51" found in module "aes_key_expand_128" while doing case-insensitive lookup
Warning: Duplicate port/net name "n52" found in module "aes_key_expand_128" while doing case-insensitive lookup
Warning: Duplicate port/net name "n53" found in module "aes_key_expand_128" while doing case-insensitive lookup
Warning: Duplicate port/net name "n54" found in module "aes_key_expand_128" while doing case-insensitive lookup
Warning: Duplicate port/net name "n55" found in module "aes_key_expand_128" while doing case-insensitive lookup
Warning: Duplicate port/net name "n56" found in module "aes_key_expand_128" while doing case-insensitive lookup
Warning: Duplicate port/net name "n57" found in module "aes_key_expand_128" while doing case-insensitive lookup
Warning: Duplicate port/net name "n58" found in module "aes_key_expand_128" while doing case-insensitive lookup
Warning: Duplicate port/net name "n59" found in module "aes_key_expand_128" while doing case-insensitive lookup
Warning: Duplicate port/net name "n60" found in module "aes_key_expand_128" while doing case-insensitive lookup
Warning: Duplicate port/net name "n61" found in module "aes_key_expand_128" while doing case-insensitive lookup
Warning: Duplicate port/net name "n62" found in module "aes_key_expand_128" while doing case-insensitive lookup
Warning: Duplicate port/net name "n63" found in module "aes_key_expand_128" while doing case-insensitive lookup
Warning: Duplicate port/net name "n64" found in module "aes_key_expand_128" while doing case-insensitive lookup
Warning: Duplicate port/net name "n65" found in module "aes_key_expand_128" while doing case-insensitive lookup
Warning: Duplicate port/net name "n66" found in module "aes_key_expand_128" while doing case-insensitive lookup
Warning: Duplicate port/net name "n67" found in module "aes_key_expand_128" while doing case-insensitive lookup
Warning: Duplicate port/net name "n68" found in module "aes_key_expand_128" while doing case-insensitive lookup
Warning: Duplicate port/net name "n69" found in module "aes_key_expand_128" while doing case-insensitive lookup
Warning: Duplicate port/net name "n70" found in module "aes_key_expand_128" while doing case-insensitive lookup
Warning: Duplicate port/net name "n71" found in module "aes_key_expand_128" while doing case-insensitive lookup
Warning: Duplicate port/net name "n72" found in module "aes_key_expand_128" while doing case-insensitive lookup
Warning: Duplicate port/net name "n73" found in module "aes_key_expand_128" while doing case-insensitive lookup
Warning: Duplicate port/net name "n74" found in module "aes_key_expand_128" while doing case-insensitive lookup
Warning: Duplicate port/net name "n510" found in module "aes_cipher_top" while doing case-insensitive lookup
Warning: Duplicate port/net name "n511" found in module "aes_cipher_top" while doing case-insensitive lookup
Warning: Duplicate port/net name "n512" found in module "aes_cipher_top" while doing case-insensitive lookup
Warning: Duplicate port/net name "n513" found in module "aes_cipher_top" while doing case-insensitive lookup
Warning: Duplicate port/net name "n514" found in module "aes_cipher_top" while doing case-insensitive lookup
Warning: Duplicate port/net name "n515" found in module "aes_cipher_top" while doing case-insensitive lookup
Warning: Duplicate port/net name "n516" found in module "aes_cipher_top" while doing case-insensitive lookup
Warning: Duplicate port/net name "n517" found in module "aes_cipher_top" while doing case-insensitive lookup
Warning: Duplicate port/net name "n518" found in module "aes_cipher_top" while doing case-insensitive lookup
Warning: Duplicate port/net name "n519" found in module "aes_cipher_top" while doing case-insensitive lookup
Warning: Duplicate port/net name "n520" found in module "aes_cipher_top" while doing case-insensitive lookup
Warning: Duplicate port/net name "n521" found in module "aes_cipher_top" while doing case-insensitive lookup

CPU TIME = 0  REAL TIME = 0  MALLOC = 7/7/7
