# Preference setting overrides
gui_create_pref_key -category {Globals} -key {load_detail_for_funcov} -value_type {bool} -value {false}

# State setting overrides
gui_state_default_create -off -ini
gui_set_state_value -category Globals -key recent_databases -value {{gui_open_db -file /home/dtatest/DTA-aes/test.vcd -design V1} {gui_open_db -file /home/dtatest/gtl_sim/fame_v2/designs/leon3-asic/results_sync_nobufferWith0buffer/result_1/test_1.vcd -design V1} {gui_open_db -file /home/dtatest/gtl_sim/fame_v2/designs/leon3-asic/results_sync/result_0/test_0.vcd -design V1} {gui_open_db -file /home/dtatest/gtl_sim/fame_v2/designs/leon3-asic/results_fullchipzero/result_0/test_0.vcd -design V1} {gui_open_db -file /home/dtatest/gtl_sim/fame_v2/designs/leon3-asic/results_aes/result_0/test_0.vcd -design V1}}
gui_set_state_value -category Layout -key child_console_size_x -value 1613
gui_set_state_value -category Layout -key child_console_size_y -value 517
gui_set_state_value -category Layout -key child_data_coltype -value 87
gui_set_state_value -category Layout -key child_data_colvalue -value 147
gui_set_state_value -category Layout -key child_data_colvariable -value 371
gui_set_state_value -category Layout -key child_data_size_x -value 438
gui_set_state_value -category Layout -key child_data_size_y -value 399
gui_set_state_value -category Layout -key child_hier_col3 -value {-1}
gui_set_state_value -category Layout -key child_hier_colhier -value 271
gui_set_state_value -category Layout -key child_hier_colpd -value 0
gui_set_state_value -category Layout -key child_hier_coltype -value 54
gui_set_state_value -category Layout -key child_hier_size_x -value 333
gui_set_state_value -category Layout -key child_hier_size_y -value 399
gui_set_state_value -category Layout -key child_source_docknewline -value false
gui_set_state_value -category Layout -key child_source_pos_x -value {-2}
gui_set_state_value -category Layout -key child_source_pos_y -value {-15}
gui_set_state_value -category Layout -key child_source_size_x -value 845
gui_set_state_value -category Layout -key child_source_size_y -value 394
gui_set_state_value -category Layout -key child_wave_colname -value 97
gui_set_state_value -category Layout -key child_wave_colvalue -value 366
gui_set_state_value -category Layout -key child_wave_left -value 467
gui_set_state_value -category Layout -key child_wave_right -value 1140
gui_set_state_value -category Layout -key main_pos_x -value 65
gui_set_state_value -category Layout -key main_pos_y -value 52
gui_set_state_value -category Layout -key main_size_x -value 1678
gui_set_state_value -category Layout -key main_size_y -value 1049
gui_set_state_value -category Layout -key stand_wave_child_docknewline -value false
gui_set_state_value -category Layout -key stand_wave_child_pos_x -value {-2}
gui_set_state_value -category Layout -key stand_wave_child_pos_y -value {-15}
gui_set_state_value -category Layout -key stand_wave_child_size_x -value 1617
gui_set_state_value -category Layout -key stand_wave_child_size_y -value 858
gui_set_state_value -category Layout -key stand_wave_top_pos_x -value 65
gui_set_state_value -category Layout -key stand_wave_top_pos_y -value 59
gui_set_state_value -category Layout -key stand_wave_top_size_x -value 1677
gui_set_state_value -category Layout -key stand_wave_top_size_y -value 1026
gui_create_state_key -category FindDialog -key m_pMatchCase -value_type bool -value false
gui_create_state_key -category FindDialog -key m_pMatchWord -value_type bool -value false
gui_create_state_key -category FindDialog -key m_pUseCombo -value_type string -value {}
gui_create_state_key -category FindDialog -key m_pWrapAround -value_type bool -value true
gui_create_state_key -category Widget_History -key {TopLevel.1|qt_left_dock|DockWnd1|HSPane.1|pages|Hier.1|hbox1|Scope Explore} -value_type string -value {testbench.d3 testbench.d3.core0_leon3core0_cp2_v0}
gui_create_state_key -category Widget_History -key TopLevel.2|EkTopVbox|wndWorkspace|qt_workspacechild2|Wave.1|left|filterVBox|controlHBox|unnamed -value_type string -value *Q*
gui_state_default_create -off

# Begin command logging
gui_open_db -file /home/dtatest/DTA-aes/final_results_100fs/vcdFiles_sync/test_1.vcd -design V1
gui_list_expand -id  Hier.1   aes_cipher_top_tb
gui_list_select -id Hier.1 -current_item_name aes_cipher_top_tb -current_item_type Scope  -selected  { aes_cipher_top_tb   }
gui_list_select -id Data.1 -selected  { aes_cipher_top_tb.rst   }
gui_list_select_all -id Data.1
gui_open_window Wave
gui_list_add -id Wave.1 -from Data.1 { aes_cipher_top_tb.rst aes_cipher_top_tb.ld aes_cipher_top_tb.done {aes_cipher_top_tb.key[127:0]} {aes_cipher_top_tb.text_in[127:0]} {aes_cipher_top_tb.data_output_encrypt[127:0]} {aes_cipher_top_tb.text_out[127:0]} aes_cipher_top_tb.clk } -insertionbar
gui_list_expand -id  Hier.1   aes_cipher_top_tb.dut
gui_list_select -id Hier.1 -current_item_name aes_cipher_top_tb.dut.U809 -current_item_type Scope  -selected  { aes_cipher_top_tb.dut.U809   }
gui_list_select -id Hier.1 -current_item_name {aes_cipher_top_tb.dut.\sa00_reg[0] } -current_item_type Scope  -selected  { {aes_cipher_top_tb.dut.\sa00_reg[0] }   }
gui_list_select -id Data.1 -selected  { {aes_cipher_top_tb.dut.\sa00_reg[0] .Q}   }
gui_list_select -id Hier.1 -current_item_name {aes_cipher_top_tb.dut.\sa33_reg[7] } -current_item_type Scope  { {aes_cipher_top_tb.dut.\sa00_reg[1] }  {aes_cipher_top_tb.dut.\sa00_reg[2] }  {aes_cipher_top_tb.dut.\sa00_reg[3] }  {aes_cipher_top_tb.dut.\sa00_reg[4] }  {aes_cipher_top_tb.dut.\sa00_reg[5] }  {aes_cipher_top_tb.dut.\sa00_reg[6] }  {aes_cipher_top_tb.dut.\sa00_reg[7] }  {aes_cipher_top_tb.dut.\sa01_reg[0] }  {aes_cipher_top_tb.dut.\sa01_reg[1] }  {aes_cipher_top_tb.dut.\sa01_reg[2] }  {aes_cipher_top_tb.dut.\sa01_reg[3] }  {aes_cipher_top_tb.dut.\sa01_reg[4] }  {aes_cipher_top_tb.dut.\sa01_reg[5] }  {aes_cipher_top_tb.dut.\sa01_reg[6] }  {aes_cipher_top_tb.dut.\sa01_reg[7] }  {aes_cipher_top_tb.dut.\sa02_reg[0] }  {aes_cipher_top_tb.dut.\sa02_reg[1] }  {aes_cipher_top_tb.dut.\sa02_reg[2] }  {aes_cipher_top_tb.dut.\sa02_reg[3] }  {aes_cipher_top_tb.dut.\sa02_reg[4] }  {aes_cipher_top_tb.dut.\sa02_reg[5] }  {aes_cipher_top_tb.dut.\sa02_reg[6] }  {aes_cipher_top_tb.dut.\sa02_reg[7] }  {aes_cipher_top_tb.dut.\sa03_reg[0] }  {aes_cipher_top_tb.dut.\sa03_reg[1] }  {aes_cipher_top_tb.dut.\sa03_reg[2] }  {aes_cipher_top_tb.dut.\sa03_reg[3] }  {aes_cipher_top_tb.dut.\sa03_reg[4] }  {aes_cipher_top_tb.dut.\sa03_reg[5] }  {aes_cipher_top_tb.dut.\sa03_reg[6] }  {aes_cipher_top_tb.dut.\sa03_reg[7] }  {aes_cipher_top_tb.dut.\sa10_reg[0] }  {aes_cipher_top_tb.dut.\sa10_reg[1] }  {aes_cipher_top_tb.dut.\sa10_reg[2] }  {aes_cipher_top_tb.dut.\sa10_reg[3] }  {aes_cipher_top_tb.dut.\sa10_reg[4] }  {aes_cipher_top_tb.dut.\sa10_reg[5] }  {aes_cipher_top_tb.dut.\sa10_reg[6] }  {aes_cipher_top_tb.dut.\sa10_reg[7] }  {aes_cipher_top_tb.dut.\sa11_reg[0] }  {aes_cipher_top_tb.dut.\sa11_reg[1] }  {aes_cipher_top_tb.dut.\sa11_reg[2] }  {aes_cipher_top_tb.dut.\sa11_reg[3] }  {aes_cipher_top_tb.dut.\sa11_reg[4] }  {aes_cipher_top_tb.dut.\sa11_reg[5] }  {aes_cipher_top_tb.dut.\sa11_reg[6] }  {aes_cipher_top_tb.dut.\sa11_reg[7] }  {aes_cipher_top_tb.dut.\sa12_reg[0] }  {aes_cipher_top_tb.dut.\sa12_reg[1] }  {aes_cipher_top_tb.dut.\sa12_reg[2] }  {aes_cipher_top_tb.dut.\sa12_reg[3] }  {aes_cipher_top_tb.dut.\sa12_reg[4] }  {aes_cipher_top_tb.dut.\sa12_reg[5] }  {aes_cipher_top_tb.dut.\sa12_reg[6] }  {aes_cipher_top_tb.dut.\sa12_reg[7] }  {aes_cipher_top_tb.dut.\sa13_reg[0] }  {aes_cipher_top_tb.dut.\sa13_reg[1] }  {aes_cipher_top_tb.dut.\sa13_reg[2] }  {aes_cipher_top_tb.dut.\sa13_reg[3] }  {aes_cipher_top_tb.dut.\sa13_reg[4] }  {aes_cipher_top_tb.dut.\sa13_reg[5] }  {aes_cipher_top_tb.dut.\sa13_reg[6] }  {aes_cipher_top_tb.dut.\sa13_reg[7] }  {aes_cipher_top_tb.dut.\sa20_reg[0] }  {aes_cipher_top_tb.dut.\sa20_reg[1] }  {aes_cipher_top_tb.dut.\sa20_reg[2] }  {aes_cipher_top_tb.dut.\sa20_reg[3] }  {aes_cipher_top_tb.dut.\sa20_reg[4] }  {aes_cipher_top_tb.dut.\sa20_reg[5] }  {aes_cipher_top_tb.dut.\sa20_reg[6] }  {aes_cipher_top_tb.dut.\sa20_reg[7] }  {aes_cipher_top_tb.dut.\sa21_reg[0] }  {aes_cipher_top_tb.dut.\sa21_reg[1] }  {aes_cipher_top_tb.dut.\sa21_reg[2] }  {aes_cipher_top_tb.dut.\sa21_reg[3] }  {aes_cipher_top_tb.dut.\sa21_reg[4] }  {aes_cipher_top_tb.dut.\sa21_reg[5] }  {aes_cipher_top_tb.dut.\sa21_reg[6] }  {aes_cipher_top_tb.dut.\sa21_reg[7] }  {aes_cipher_top_tb.dut.\sa22_reg[0] }  {aes_cipher_top_tb.dut.\sa22_reg[1] }  {aes_cipher_top_tb.dut.\sa22_reg[2] }  {aes_cipher_top_tb.dut.\sa22_reg[3] }  {aes_cipher_top_tb.dut.\sa22_reg[4] }  {aes_cipher_top_tb.dut.\sa22_reg[5] }  {aes_cipher_top_tb.dut.\sa22_reg[6] }  {aes_cipher_top_tb.dut.\sa22_reg[7] }  {aes_cipher_top_tb.dut.\sa23_reg[0] }  {aes_cipher_top_tb.dut.\sa23_reg[1] }  {aes_cipher_top_tb.dut.\sa23_reg[2] }  {aes_cipher_top_tb.dut.\sa23_reg[3] }  {aes_cipher_top_tb.dut.\sa23_reg[4] }  {aes_cipher_top_tb.dut.\sa23_reg[5] }  {aes_cipher_top_tb.dut.\sa23_reg[6] }  {aes_cipher_top_tb.dut.\sa23_reg[7] }  {aes_cipher_top_tb.dut.\sa30_reg[0] }  {aes_cipher_top_tb.dut.\sa30_reg[1] }  {aes_cipher_top_tb.dut.\sa30_reg[2] }  {aes_cipher_top_tb.dut.\sa30_reg[3] }  {aes_cipher_top_tb.dut.\sa30_reg[4] }  {aes_cipher_top_tb.dut.\sa30_reg[5] }  {aes_cipher_top_tb.dut.\sa30_reg[6] }  {aes_cipher_top_tb.dut.\sa30_reg[7] }  {aes_cipher_top_tb.dut.\sa31_reg[0] }  {aes_cipher_top_tb.dut.\sa31_reg[1] }  {aes_cipher_top_tb.dut.\sa31_reg[2] }  {aes_cipher_top_tb.dut.\sa31_reg[3] }  {aes_cipher_top_tb.dut.\sa31_reg[4] }  {aes_cipher_top_tb.dut.\sa31_reg[5] }  {aes_cipher_top_tb.dut.\sa31_reg[6] }  {aes_cipher_top_tb.dut.\sa31_reg[7] }  {aes_cipher_top_tb.dut.\sa32_reg[0] }  {aes_cipher_top_tb.dut.\sa32_reg[1] }  {aes_cipher_top_tb.dut.\sa32_reg[2] }  {aes_cipher_top_tb.dut.\sa32_reg[3] }  {aes_cipher_top_tb.dut.\sa32_reg[4] }  {aes_cipher_top_tb.dut.\sa32_reg[5] }  {aes_cipher_top_tb.dut.\sa32_reg[6] }  {aes_cipher_top_tb.dut.\sa32_reg[7] }  {aes_cipher_top_tb.dut.\sa33_reg[0] }  {aes_cipher_top_tb.dut.\sa33_reg[1] }  {aes_cipher_top_tb.dut.\sa33_reg[2] }  {aes_cipher_top_tb.dut.\sa33_reg[3] }  {aes_cipher_top_tb.dut.\sa33_reg[4] }  {aes_cipher_top_tb.dut.\sa33_reg[5] }  {aes_cipher_top_tb.dut.\sa33_reg[6] }  {aes_cipher_top_tb.dut.\sa33_reg[7] }   }
gui_list_select -id Data.1 -selected  { {aes_cipher_top_tb.dut.\sa33_reg[7] .Q}   }
gui_list_add -id Wave.1 -from Data.1 { {aes_cipher_top_tb.dut.\sa33_reg[7] .Q} } -insertionbar
gui_list_create_group_when_add -wave -enable
gui_list_add -id Wave.1 -from Hier.1 { {aes_cipher_top_tb.dut.\sa00_reg[0] } {aes_cipher_top_tb.dut.\sa00_reg[1] } {aes_cipher_top_tb.dut.\sa00_reg[2] } {aes_cipher_top_tb.dut.\sa00_reg[3] } {aes_cipher_top_tb.dut.\sa00_reg[4] } {aes_cipher_top_tb.dut.\sa00_reg[5] } {aes_cipher_top_tb.dut.\sa00_reg[6] } {aes_cipher_top_tb.dut.\sa00_reg[7] } {aes_cipher_top_tb.dut.\sa01_reg[0] } {aes_cipher_top_tb.dut.\sa01_reg[1] } {aes_cipher_top_tb.dut.\sa01_reg[2] } {aes_cipher_top_tb.dut.\sa01_reg[3] } {aes_cipher_top_tb.dut.\sa01_reg[4] } {aes_cipher_top_tb.dut.\sa01_reg[5] } {aes_cipher_top_tb.dut.\sa01_reg[6] } {aes_cipher_top_tb.dut.\sa01_reg[7] } {aes_cipher_top_tb.dut.\sa02_reg[0] } {aes_cipher_top_tb.dut.\sa02_reg[1] } {aes_cipher_top_tb.dut.\sa02_reg[2] } {aes_cipher_top_tb.dut.\sa02_reg[3] } {aes_cipher_top_tb.dut.\sa02_reg[4] } {aes_cipher_top_tb.dut.\sa02_reg[5] } {aes_cipher_top_tb.dut.\sa02_reg[6] } {aes_cipher_top_tb.dut.\sa02_reg[7] } {aes_cipher_top_tb.dut.\sa03_reg[0] } {aes_cipher_top_tb.dut.\sa03_reg[1] } {aes_cipher_top_tb.dut.\sa03_reg[2] } {aes_cipher_top_tb.dut.\sa03_reg[3] } {aes_cipher_top_tb.dut.\sa03_reg[4] } {aes_cipher_top_tb.dut.\sa03_reg[5] } {aes_cipher_top_tb.dut.\sa03_reg[6] } {aes_cipher_top_tb.dut.\sa03_reg[7] } {aes_cipher_top_tb.dut.\sa10_reg[0] } {aes_cipher_top_tb.dut.\sa10_reg[1] } {aes_cipher_top_tb.dut.\sa10_reg[2] } {aes_cipher_top_tb.dut.\sa10_reg[3] } {aes_cipher_top_tb.dut.\sa10_reg[4] } {aes_cipher_top_tb.dut.\sa10_reg[5] } {aes_cipher_top_tb.dut.\sa10_reg[6] } {aes_cipher_top_tb.dut.\sa10_reg[7] } {aes_cipher_top_tb.dut.\sa11_reg[0] } {aes_cipher_top_tb.dut.\sa11_reg[1] } {aes_cipher_top_tb.dut.\sa11_reg[2] } {aes_cipher_top_tb.dut.\sa11_reg[3] } {aes_cipher_top_tb.dut.\sa11_reg[4] } {aes_cipher_top_tb.dut.\sa11_reg[5] } {aes_cipher_top_tb.dut.\sa11_reg[6] } {aes_cipher_top_tb.dut.\sa11_reg[7] } {aes_cipher_top_tb.dut.\sa12_reg[0] } {aes_cipher_top_tb.dut.\sa12_reg[1] } {aes_cipher_top_tb.dut.\sa12_reg[2] } {aes_cipher_top_tb.dut.\sa12_reg[3] } {aes_cipher_top_tb.dut.\sa12_reg[4] } {aes_cipher_top_tb.dut.\sa12_reg[5] } {aes_cipher_top_tb.dut.\sa12_reg[6] } {aes_cipher_top_tb.dut.\sa12_reg[7] } {aes_cipher_top_tb.dut.\sa13_reg[0] } {aes_cipher_top_tb.dut.\sa13_reg[1] } {aes_cipher_top_tb.dut.\sa13_reg[2] } {aes_cipher_top_tb.dut.\sa13_reg[3] } {aes_cipher_top_tb.dut.\sa13_reg[4] } {aes_cipher_top_tb.dut.\sa13_reg[5] } {aes_cipher_top_tb.dut.\sa13_reg[6] } {aes_cipher_top_tb.dut.\sa13_reg[7] } {aes_cipher_top_tb.dut.\sa20_reg[0] } {aes_cipher_top_tb.dut.\sa20_reg[1] } {aes_cipher_top_tb.dut.\sa20_reg[2] } {aes_cipher_top_tb.dut.\sa20_reg[3] } {aes_cipher_top_tb.dut.\sa20_reg[4] } {aes_cipher_top_tb.dut.\sa20_reg[5] } {aes_cipher_top_tb.dut.\sa20_reg[6] } {aes_cipher_top_tb.dut.\sa20_reg[7] } {aes_cipher_top_tb.dut.\sa21_reg[0] } {aes_cipher_top_tb.dut.\sa21_reg[1] } {aes_cipher_top_tb.dut.\sa21_reg[2] } {aes_cipher_top_tb.dut.\sa21_reg[3] } {aes_cipher_top_tb.dut.\sa21_reg[4] } {aes_cipher_top_tb.dut.\sa21_reg[5] } {aes_cipher_top_tb.dut.\sa21_reg[6] } {aes_cipher_top_tb.dut.\sa21_reg[7] } {aes_cipher_top_tb.dut.\sa22_reg[0] } {aes_cipher_top_tb.dut.\sa22_reg[1] } {aes_cipher_top_tb.dut.\sa22_reg[2] } {aes_cipher_top_tb.dut.\sa22_reg[3] } {aes_cipher_top_tb.dut.\sa22_reg[4] } {aes_cipher_top_tb.dut.\sa22_reg[5] } {aes_cipher_top_tb.dut.\sa22_reg[6] } {aes_cipher_top_tb.dut.\sa22_reg[7] } {aes_cipher_top_tb.dut.\sa23_reg[0] } {aes_cipher_top_tb.dut.\sa23_reg[1] } {aes_cipher_top_tb.dut.\sa23_reg[2] } {aes_cipher_top_tb.dut.\sa23_reg[3] } {aes_cipher_top_tb.dut.\sa23_reg[4] } {aes_cipher_top_tb.dut.\sa23_reg[5] } {aes_cipher_top_tb.dut.\sa23_reg[6] } {aes_cipher_top_tb.dut.\sa23_reg[7] } {aes_cipher_top_tb.dut.\sa30_reg[0] } {aes_cipher_top_tb.dut.\sa30_reg[1] } {aes_cipher_top_tb.dut.\sa30_reg[2] } {aes_cipher_top_tb.dut.\sa30_reg[3] } {aes_cipher_top_tb.dut.\sa30_reg[4] } {aes_cipher_top_tb.dut.\sa30_reg[5] } {aes_cipher_top_tb.dut.\sa30_reg[6] } {aes_cipher_top_tb.dut.\sa30_reg[7] } {aes_cipher_top_tb.dut.\sa31_reg[0] } {aes_cipher_top_tb.dut.\sa31_reg[1] } {aes_cipher_top_tb.dut.\sa31_reg[2] } {aes_cipher_top_tb.dut.\sa31_reg[3] } {aes_cipher_top_tb.dut.\sa31_reg[4] } {aes_cipher_top_tb.dut.\sa31_reg[5] } {aes_cipher_top_tb.dut.\sa31_reg[6] } {aes_cipher_top_tb.dut.\sa31_reg[7] } {aes_cipher_top_tb.dut.\sa32_reg[0] } {aes_cipher_top_tb.dut.\sa32_reg[1] } {aes_cipher_top_tb.dut.\sa32_reg[2] } {aes_cipher_top_tb.dut.\sa32_reg[3] } {aes_cipher_top_tb.dut.\sa32_reg[4] } {aes_cipher_top_tb.dut.\sa32_reg[5] } {aes_cipher_top_tb.dut.\sa32_reg[6] } {aes_cipher_top_tb.dut.\sa32_reg[7] } {aes_cipher_top_tb.dut.\sa33_reg[0] } {aes_cipher_top_tb.dut.\sa33_reg[1] } {aes_cipher_top_tb.dut.\sa33_reg[2] } {aes_cipher_top_tb.dut.\sa33_reg[3] } {aes_cipher_top_tb.dut.\sa33_reg[4] } {aes_cipher_top_tb.dut.\sa33_reg[5] } {aes_cipher_top_tb.dut.\sa33_reg[6] } {aes_cipher_top_tb.dut.\sa33_reg[7] } } -insertionbar
gui_list_show_data -select -id  Hier.1   {aes_cipher_top_tb.dut.\sa00_reg[0] }
gui_list_add -id Wave.1 -from Data.1 { {aes_cipher_top_tb.dut.\sa00_reg[0] .Q} } -insertionbar
gui_list_select -id Hier.1 -current_item_name {aes_cipher_top_tb.dut.\sa00_reg[1] } -current_item_type Scope  -selected  { {aes_cipher_top_tb.dut.\sa00_reg[1] }   }
gui_list_sort -id  Data.1   {Variable}
gui_list_sort -id  Data.1   -descending  {Variable}
gui_list_select -id Data.1 -selected  { {aes_cipher_top_tb.dut.\sa00_reg[1] .xSN}   }
gui_list_select -id Data.1 -selected  { {aes_cipher_top_tb.dut.\sa00_reg[1] .Q}   }
gui_list_add -id Wave.1 -from Data.1 { {aes_cipher_top_tb.dut.\sa00_reg[1] .Q} } -insertionbar
gui_list_create_group_when_add -wave -disable
gui_list_select -id Hier.1 -current_item_name {aes_cipher_top_tb.dut.\sa00_reg[0] } -current_item_type Scope  -selected  { {aes_cipher_top_tb.dut.\sa00_reg[0] }   }
gui_list_add -id Wave.1 -from Hier.1 { {aes_cipher_top_tb.dut.\sa00_reg[0] } } -insertionbar
gui_list_select -id Hier.1 -current_item_name {aes_cipher_top_tb.dut.\sa00_reg[1] } -current_item_type Scope  -selected  { {aes_cipher_top_tb.dut.\sa00_reg[1] }   }
gui_list_add -id Wave.1 -from Hier.1 { {aes_cipher_top_tb.dut.\sa00_reg[1] } } -insertionbar
gui_list_select -id Hier.1 -current_item_name {aes_cipher_top_tb.dut.\sa00_reg[2] } -current_item_type Scope  -selected  { {aes_cipher_top_tb.dut.\sa00_reg[2] }   }
gui_list_select -id Data.1 -selected  { {aes_cipher_top_tb.dut.\sa00_reg[2] .Q}   }
gui_list_add -id Wave.1 -from Data.1 { {aes_cipher_top_tb.dut.\sa00_reg[2] .Q} } -insertionbar
gui_list_select -id Hier.1 -current_item_name {aes_cipher_top_tb.dut.\sa00_reg[3] } -current_item_type Scope  -selected  { {aes_cipher_top_tb.dut.\sa00_reg[3] }   }
gui_list_select -id Data.1 -selected  { {aes_cipher_top_tb.dut.\sa00_reg[3] .Q}   }
gui_list_add -id Wave.1 -from Data.1 { {aes_cipher_top_tb.dut.\sa00_reg[3] .Q} } -insertionbar
gui_list_select -id Hier.1 -current_item_name {aes_cipher_top_tb.dut.\sa00_reg[4] } -current_item_type Scope  -selected  { {aes_cipher_top_tb.dut.\sa00_reg[4] }   }
gui_list_select -id Data.1 -selected  { {aes_cipher_top_tb.dut.\sa00_reg[4] .Q}   }
gui_list_add -id Wave.1 -from Data.1 { {aes_cipher_top_tb.dut.\sa00_reg[4] .Q} } -insertionbar
gui_list_select -id Hier.1 -current_item_name {aes_cipher_top_tb.dut.\sa00_reg[5] } -current_item_type Scope  -selected  { {aes_cipher_top_tb.dut.\sa00_reg[5] }   }
gui_list_select -id Data.1 -selected  { {aes_cipher_top_tb.dut.\sa00_reg[5] .clk}   }
gui_list_select -id Data.1 -selected  { {aes_cipher_top_tb.dut.\sa00_reg[5] .Q}   }
gui_list_add -id Wave.1 -from Data.1 { {aes_cipher_top_tb.dut.\sa00_reg[5] .Q} } -insertionbar
gui_list_select -id Hier.1 -current_item_name {aes_cipher_top_tb.dut.\sa00_reg[6] } -current_item_type Scope  -selected  { {aes_cipher_top_tb.dut.\sa00_reg[6] }   }
gui_list_select -id Data.1 -selected  { {aes_cipher_top_tb.dut.\sa00_reg[6] .Q}   }
gui_list_add -id Wave.1 -from Data.1 { {aes_cipher_top_tb.dut.\sa00_reg[6] .Q} } -insertionbar
gui_list_select -id Data.1 -selected  { {aes_cipher_top_tb.dut.\sa00_reg[7] .Q}   }
gui_list_add -id Wave.1 -from Data.1 { {aes_cipher_top_tb.dut.\sa00_reg[7] .Q} } -insertionbar
gui_list_select -id Hier.1 -current_item_name {aes_cipher_top_tb.dut.\sa01_reg[0] } -current_item_type Scope  -selected  { {aes_cipher_top_tb.dut.\sa01_reg[0] }   }
gui_list_select -id Data.1 -selected  { {aes_cipher_top_tb.dut.\sa01_reg[0] .Q}   }
gui_list_add -id Wave.1 -from Data.1 { {aes_cipher_top_tb.dut.\sa01_reg[0] .Q} } -insertionbar
gui_list_select -id Hier.1 -current_item_name {aes_cipher_top_tb.dut.\sa01_reg[1] } -current_item_type Scope  -selected  { {aes_cipher_top_tb.dut.\sa01_reg[1] }   }
gui_list_select -id Data.1 -selected  { {aes_cipher_top_tb.dut.\sa01_reg[1] .Q}   }
gui_list_add -id Wave.1 -from Data.1 { {aes_cipher_top_tb.dut.\sa01_reg[1] .Q} } -insertionbar
gui_list_select -id Hier.1 -current_item_name {aes_cipher_top_tb.dut.\sa01_reg[2] } -current_item_type Scope  -selected  { {aes_cipher_top_tb.dut.\sa01_reg[2] }   }
gui_list_select -id Data.1 -selected  { {aes_cipher_top_tb.dut.\sa01_reg[2] .Q}   }
gui_list_add -id Wave.1 -from Data.1 { {aes_cipher_top_tb.dut.\sa01_reg[2] .Q} } -insertionbar
gui_list_select -id Hier.1 -current_item_name {aes_cipher_top_tb.dut.\sa01_reg[3] } -current_item_type Scope  -selected  { {aes_cipher_top_tb.dut.\sa01_reg[3] }   }
gui_list_select -id Data.1 -selected  { {aes_cipher_top_tb.dut.\sa01_reg[3] .Q}   }
gui_list_add -id Wave.1 -from Data.1 { {aes_cipher_top_tb.dut.\sa01_reg[3] .Q} } -insertionbar
gui_list_select -id Hier.1 -current_item_name {aes_cipher_top_tb.dut.\sa01_reg[4] } -current_item_type Scope  -selected  { {aes_cipher_top_tb.dut.\sa01_reg[4] }   }
gui_list_select -id Data.1 -selected  { {aes_cipher_top_tb.dut.\sa01_reg[4] .Q}   }
gui_list_add -id Wave.1 -from Data.1 { {aes_cipher_top_tb.dut.\sa01_reg[4] .Q} } -insertionbar
gui_list_select -id Hier.1 -current_item_name {aes_cipher_top_tb.dut.\sa01_reg[5] } -current_item_type Scope  -selected  { {aes_cipher_top_tb.dut.\sa01_reg[5] }   }
gui_list_select -id Data.1 -selected  { {aes_cipher_top_tb.dut.\sa01_reg[5] .Q}   }
gui_list_add -id Wave.1 -from Data.1 { {aes_cipher_top_tb.dut.\sa01_reg[5] .Q} } -insertionbar
gui_list_select -id Hier.1 -current_item_name {aes_cipher_top_tb.dut.\sa01_reg[6] } -current_item_type Scope  -selected  { {aes_cipher_top_tb.dut.\sa01_reg[6] }   }
gui_list_select -id Data.1 -selected  { {aes_cipher_top_tb.dut.\sa01_reg[6] .Q}   }
gui_list_add -id Wave.1 -from Data.1 { {aes_cipher_top_tb.dut.\sa01_reg[6] .Q} } -insertionbar
gui_list_select -id Hier.1 -current_item_name {aes_cipher_top_tb.dut.\sa01_reg[7] } -current_item_type Scope  -selected  { {aes_cipher_top_tb.dut.\sa01_reg[7] }   }
gui_list_select -id Data.1 -selected  { {aes_cipher_top_tb.dut.\sa01_reg[7] .Q}   }
gui_list_add -id Wave.1 -from Data.1 { {aes_cipher_top_tb.dut.\sa01_reg[7] .Q} } -insertionbar
gui_list_select -id Hier.1 -current_item_name {aes_cipher_top_tb.dut.\sa02_reg[0] } -current_item_type Scope  -selected  { {aes_cipher_top_tb.dut.\sa02_reg[0] }   }
gui_list_select -id Data.1 -selected  { {aes_cipher_top_tb.dut.\sa02_reg[0] .Q}   }
gui_list_add -id Wave.1 -from Data.1 { {aes_cipher_top_tb.dut.\sa02_reg[0] .Q} } -insertionbar
gui_list_select -id Data.1 -selected  { {aes_cipher_top_tb.dut.\sa02_reg[1] .Q}   }
gui_list_add -id Wave.1 -from Data.1 { {aes_cipher_top_tb.dut.\sa02_reg[1] .Q} } -insertionbar
gui_list_select -id Hier.1 -current_item_name {aes_cipher_top_tb.dut.\sa02_reg[2] } -current_item_type Scope  -selected  { {aes_cipher_top_tb.dut.\sa02_reg[2] }   }
gui_list_select -id Data.1 -selected  { {aes_cipher_top_tb.dut.\sa02_reg[2] .Q}   }
gui_list_add -id Wave.1 -from Data.1 { {aes_cipher_top_tb.dut.\sa02_reg[2] .Q} } -insertionbar
gui_list_select -id Hier.1 -current_item_name {aes_cipher_top_tb.dut.\sa02_reg[3] } -current_item_type Scope  -selected  { {aes_cipher_top_tb.dut.\sa02_reg[3] }   }
gui_list_select -id Data.1 -selected  { {aes_cipher_top_tb.dut.\sa02_reg[3] .Q}   }
gui_list_add -id Wave.1 -from Data.1 { {aes_cipher_top_tb.dut.\sa02_reg[3] .Q} } -insertionbar
gui_list_select -id Hier.1 -current_item_name {aes_cipher_top_tb.dut.\sa02_reg[4] } -current_item_type Scope  -selected  { {aes_cipher_top_tb.dut.\sa02_reg[4] }   }
gui_list_select -id Data.1 -selected  { {aes_cipher_top_tb.dut.\sa02_reg[4] .Q}   }
gui_list_add -id Wave.1 -from Data.1 { {aes_cipher_top_tb.dut.\sa02_reg[4] .Q} } -insertionbar
gui_list_select -id Hier.1 -current_item_name {aes_cipher_top_tb.dut.\sa02_reg[5] } -current_item_type Scope  -selected  { {aes_cipher_top_tb.dut.\sa02_reg[5] }   }
gui_list_select -id Data.1 -selected  { {aes_cipher_top_tb.dut.\sa02_reg[5] .Q}   }
gui_list_add -id Wave.1 -from Data.1 { {aes_cipher_top_tb.dut.\sa02_reg[5] .Q} } -insertionbar
gui_list_select -id Hier.1 -current_item_name {aes_cipher_top_tb.dut.\sa02_reg[6] } -current_item_type Scope  -selected  { {aes_cipher_top_tb.dut.\sa02_reg[6] }   }
gui_list_select -id Data.1 -selected  { {aes_cipher_top_tb.dut.\sa02_reg[6] .Q}   }
gui_list_add -id Wave.1 -from Data.1 { {aes_cipher_top_tb.dut.\sa02_reg[6] .Q} } -insertionbar
gui_list_select -id Hier.1 -current_item_name {aes_cipher_top_tb.dut.\sa03_reg[0] } -current_item_type Scope  -selected  { {aes_cipher_top_tb.dut.\sa03_reg[0] }   }
gui_list_select -id Hier.1 -current_item_name {aes_cipher_top_tb.dut.\sa02_reg[7] } -current_item_type Scope  -selected  { {aes_cipher_top_tb.dut.\sa02_reg[7] }   }
gui_list_select -id Data.1 -selected  { {aes_cipher_top_tb.dut.\sa02_reg[7] .Q}   }
gui_list_add -id Wave.1 -from Data.1 { {aes_cipher_top_tb.dut.\sa02_reg[7] .Q} } -insertionbar
gui_list_select -id Hier.1 -current_item_name {aes_cipher_top_tb.dut.\sa03_reg[0] } -current_item_type Scope  -selected  { {aes_cipher_top_tb.dut.\sa03_reg[0] }   }
gui_list_select -id Data.1 -selected  { {aes_cipher_top_tb.dut.\sa03_reg[0] .Q}   }
gui_list_add -id Wave.1 -from Data.1 { {aes_cipher_top_tb.dut.\sa03_reg[0] .Q} } -insertionbar
gui_list_select -id Hier.1 -current_item_name {aes_cipher_top_tb.dut.\sa03_reg[1] } -current_item_type Scope  -selected  { {aes_cipher_top_tb.dut.\sa03_reg[1] }   }
gui_list_select -id Data.1 -selected  { {aes_cipher_top_tb.dut.\sa03_reg[1] .Q}   }
gui_list_add -id Wave.1 -from Data.1 { {aes_cipher_top_tb.dut.\sa03_reg[1] .Q} } -insertionbar
gui_list_select -id Hier.1 -current_item_name {aes_cipher_top_tb.dut.\sa03_reg[2] } -current_item_type Scope  -selected  { {aes_cipher_top_tb.dut.\sa03_reg[2] }   }
gui_list_select -id Data.1 -selected  { {aes_cipher_top_tb.dut.\sa03_reg[2] .Q}   }
gui_list_add -id Wave.1 -from Data.1 { {aes_cipher_top_tb.dut.\sa03_reg[2] .Q} } -insertionbar
gui_list_select -id Hier.1 -current_item_name {aes_cipher_top_tb.dut.\sa03_reg[3] } -current_item_type Scope  -selected  { {aes_cipher_top_tb.dut.\sa03_reg[3] }   }
gui_list_select -id Data.1 -selected  { {aes_cipher_top_tb.dut.\sa03_reg[3] .Q}   }
gui_list_add -id Wave.1 -from Data.1 { {aes_cipher_top_tb.dut.\sa03_reg[3] .Q} } -insertionbar
gui_list_select -id Hier.1 -current_item_name {aes_cipher_top_tb.dut.\sa03_reg[4] } -current_item_type Scope  -selected  { {aes_cipher_top_tb.dut.\sa03_reg[4] }   }
gui_list_select -id Data.1 -selected  { {aes_cipher_top_tb.dut.\sa03_reg[4] .Q}   }
gui_list_add -id Wave.1 -from Data.1 { {aes_cipher_top_tb.dut.\sa03_reg[4] .Q} } -insertionbar
gui_list_select -id Hier.1 -current_item_name {aes_cipher_top_tb.dut.\sa03_reg[5] } -current_item_type Scope  -selected  { {aes_cipher_top_tb.dut.\sa03_reg[5] }   }
gui_list_select -id Data.1 -selected  { {aes_cipher_top_tb.dut.\sa03_reg[5] .Q}   }
gui_list_add -id Wave.1 -from Data.1 { {aes_cipher_top_tb.dut.\sa03_reg[5] .Q} } -insertionbar
gui_list_select -id Hier.1 -current_item_name {aes_cipher_top_tb.dut.\sa03_reg[6] } -current_item_type Scope  -selected  { {aes_cipher_top_tb.dut.\sa03_reg[6] }   }
gui_list_select -id Data.1 -selected  { {aes_cipher_top_tb.dut.\sa03_reg[6] .Q}   }
gui_list_add -id Wave.1 -from Data.1 { {aes_cipher_top_tb.dut.\sa03_reg[6] .Q} } -insertionbar
gui_list_select -id Hier.1 -current_item_name {aes_cipher_top_tb.dut.\sa03_reg[7] } -current_item_type Scope  -selected  { {aes_cipher_top_tb.dut.\sa03_reg[7] }   }
gui_list_select -id Data.1 -selected  { {aes_cipher_top_tb.dut.\sa03_reg[7] .Q}   }
gui_list_add -id Wave.1 -from Data.1 { {aes_cipher_top_tb.dut.\sa03_reg[7] .Q} } -insertionbar
gui_list_select -id Hier.1 -current_item_name {aes_cipher_top_tb.dut.\sa10_reg[0] } -current_item_type Scope  -selected  { {aes_cipher_top_tb.dut.\sa10_reg[0] }   }
gui_list_select -id Data.1 -selected  { {aes_cipher_top_tb.dut.\sa10_reg[0] .Q}   }
gui_list_add -id Wave.1 -from Data.1 { {aes_cipher_top_tb.dut.\sa10_reg[0] .Q} } -insertionbar
gui_list_select -id Hier.1 -current_item_name {aes_cipher_top_tb.dut.\sa10_reg[1] } -current_item_type Scope  -selected  { {aes_cipher_top_tb.dut.\sa10_reg[1] }   }
gui_list_select -id Data.1 -selected  { {aes_cipher_top_tb.dut.\sa10_reg[1] .Q}   }
gui_list_add -id Wave.1 -from Data.1 { {aes_cipher_top_tb.dut.\sa10_reg[1] .Q} } -insertionbar
gui_list_select -id Hier.1 -current_item_name {aes_cipher_top_tb.dut.\sa10_reg[2] } -current_item_type Scope  -selected  { {aes_cipher_top_tb.dut.\sa10_reg[2] }   }
gui_list_select -id Data.1 -selected  { {aes_cipher_top_tb.dut.\sa10_reg[2] .Q}   }
gui_list_add -id Wave.1 -from Data.1 { {aes_cipher_top_tb.dut.\sa10_reg[2] .Q} } -insertionbar
gui_list_select -id Hier.1 -current_item_name {aes_cipher_top_tb.dut.\sa10_reg[3] } -current_item_type Scope  -selected  { {aes_cipher_top_tb.dut.\sa10_reg[3] }   }
gui_list_select -id Data.1 -selected  { {aes_cipher_top_tb.dut.\sa10_reg[3] .Q}   }
gui_list_add -id Wave.1 -from Data.1 { {aes_cipher_top_tb.dut.\sa10_reg[3] .Q} } -insertionbar
gui_list_select -id Hier.1 -current_item_name {aes_cipher_top_tb.dut.\sa10_reg[4] } -current_item_type Scope  -selected  { {aes_cipher_top_tb.dut.\sa10_reg[4] }   }
gui_list_select -id Data.1 -selected  { {aes_cipher_top_tb.dut.\sa10_reg[4] .Q}   }
gui_list_add -id Wave.1 -from Data.1 { {aes_cipher_top_tb.dut.\sa10_reg[4] .Q} } -insertionbar
gui_list_select -id Hier.1 -current_item_name {aes_cipher_top_tb.dut.\sa10_reg[5] } -current_item_type Scope  -selected  { {aes_cipher_top_tb.dut.\sa10_reg[5] }   }
gui_list_select -id Data.1 -selected  { {aes_cipher_top_tb.dut.\sa10_reg[5] .Q}   }
gui_list_add -id Wave.1 -from Data.1 { {aes_cipher_top_tb.dut.\sa10_reg[5] .Q} } -insertionbar
gui_list_select -id Hier.1 -current_item_name {aes_cipher_top_tb.dut.\sa10_reg[6] } -current_item_type Scope  -selected  { {aes_cipher_top_tb.dut.\sa10_reg[6] }   }
gui_list_select -id Data.1 -selected  { {aes_cipher_top_tb.dut.\sa10_reg[6] .Q}   }
gui_list_add -id Wave.1 -from Data.1 { {aes_cipher_top_tb.dut.\sa10_reg[6] .Q} } -insertionbar
gui_list_select -id Hier.1 -current_item_name {aes_cipher_top_tb.dut.\sa10_reg[7] } -current_item_type Scope  -selected  { {aes_cipher_top_tb.dut.\sa10_reg[7] }   }
gui_list_select -id Data.1 -selected  { {aes_cipher_top_tb.dut.\sa10_reg[7] .Q}   }
gui_list_add -id Wave.1 -from Data.1 { {aes_cipher_top_tb.dut.\sa10_reg[7] .Q} } -insertionbar
gui_list_select -id Hier.1 -current_item_name {aes_cipher_top_tb.dut.\sa11_reg[0] } -current_item_type Scope  -selected  { {aes_cipher_top_tb.dut.\sa11_reg[0] }   }
gui_list_select -id Data.1 -selected  { {aes_cipher_top_tb.dut.\sa11_reg[0] .Q}   }
gui_list_add -id Wave.1 -from Data.1 { {aes_cipher_top_tb.dut.\sa11_reg[0] .Q} } -insertionbar
gui_list_select -id Hier.1 -current_item_name {aes_cipher_top_tb.dut.\sa11_reg[1] } -current_item_type Scope  -selected  { {aes_cipher_top_tb.dut.\sa11_reg[1] }   }
gui_list_select -id Data.1 -selected  { {aes_cipher_top_tb.dut.\sa11_reg[1] .Q}   }
gui_list_add -id Wave.1 -from Data.1 { {aes_cipher_top_tb.dut.\sa11_reg[1] .Q} } -insertionbar
gui_list_select -id Hier.1 -current_item_name {aes_cipher_top_tb.dut.\sa11_reg[3] } -current_item_type Scope  -selected  { {aes_cipher_top_tb.dut.\sa11_reg[3] }   }
gui_list_select -id Hier.1 -current_item_name {aes_cipher_top_tb.dut.\sa11_reg[2] } -current_item_type Scope  -selected  { {aes_cipher_top_tb.dut.\sa11_reg[2] }   }
gui_list_select -id Data.1 -selected  { {aes_cipher_top_tb.dut.\sa11_reg[2] .Q}   }
gui_list_add -id Wave.1 -from Data.1 { {aes_cipher_top_tb.dut.\sa11_reg[2] .Q} } -insertionbar
gui_list_select -id Hier.1 -current_item_name {aes_cipher_top_tb.dut.\sa11_reg[3] } -current_item_type Scope  -selected  { {aes_cipher_top_tb.dut.\sa11_reg[3] }   }
gui_list_select -id Data.1 -selected  { {aes_cipher_top_tb.dut.\sa11_reg[3] .Q}   }
gui_list_add -id Wave.1 -from Data.1 { {aes_cipher_top_tb.dut.\sa11_reg[3] .Q} } -insertionbar
gui_list_select -id Hier.1 -current_item_name {aes_cipher_top_tb.dut.\sa11_reg[4] } -current_item_type Scope  -selected  { {aes_cipher_top_tb.dut.\sa11_reg[4] }   }
gui_list_select -id Data.1 -selected  { {aes_cipher_top_tb.dut.\sa11_reg[4] .Q}   }
gui_list_add -id Wave.1 -from Data.1 { {aes_cipher_top_tb.dut.\sa11_reg[4] .Q} } -insertionbar
gui_list_select -id Hier.1 -current_item_name {aes_cipher_top_tb.dut.\sa11_reg[6] } -current_item_type Scope  -selected  { {aes_cipher_top_tb.dut.\sa11_reg[6] }   }
gui_list_select -id Hier.1 -current_item_name {aes_cipher_top_tb.dut.\sa11_reg[5] } -current_item_type Scope  -selected  { {aes_cipher_top_tb.dut.\sa11_reg[5] }   }
gui_list_select -id Data.1 -selected  { {aes_cipher_top_tb.dut.\sa11_reg[5] .Q}   }
gui_list_add -id Wave.1 -from Data.1 { {aes_cipher_top_tb.dut.\sa11_reg[5] .Q} } -insertionbar
gui_list_select -id Hier.1 -current_item_name {aes_cipher_top_tb.dut.\sa11_reg[6] } -current_item_type Scope  -selected  { {aes_cipher_top_tb.dut.\sa11_reg[6] }   }
gui_list_select -id Data.1 -selected  { {aes_cipher_top_tb.dut.\sa11_reg[6] .Q}   }
gui_list_add -id Wave.1 -from Data.1 { {aes_cipher_top_tb.dut.\sa11_reg[6] .Q} } -insertionbar
gui_list_select -id Hier.1 -current_item_name {aes_cipher_top_tb.dut.\sa11_reg[7] } -current_item_type Scope  -selected  { {aes_cipher_top_tb.dut.\sa11_reg[7] }   }
gui_list_select -id Data.1 -selected  { {aes_cipher_top_tb.dut.\sa11_reg[7] .Q}   }
gui_list_add -id Wave.1 -from Data.1 { {aes_cipher_top_tb.dut.\sa11_reg[7] .Q} } -insertionbar
gui_list_select -id Hier.1 -current_item_name {aes_cipher_top_tb.dut.\sa12_reg[0] } -current_item_type Scope  -selected  { {aes_cipher_top_tb.dut.\sa12_reg[0] }   }
gui_list_select -id Data.1 -selected  { {aes_cipher_top_tb.dut.\sa12_reg[0] .Q}   }
gui_list_add -id Wave.1 -from Data.1 { {aes_cipher_top_tb.dut.\sa12_reg[0] .Q} } -insertionbar
gui_list_select -id Hier.1 -current_item_name {aes_cipher_top_tb.dut.\sa12_reg[1] } -current_item_type Scope  -selected  { {aes_cipher_top_tb.dut.\sa12_reg[1] }   }
gui_list_select -id Data.1 -selected  { {aes_cipher_top_tb.dut.\sa12_reg[1] .Q}   }
gui_list_add -id Wave.1 -from Data.1 { {aes_cipher_top_tb.dut.\sa12_reg[1] .Q} } -insertionbar
gui_list_select -id Hier.1 -current_item_name {aes_cipher_top_tb.dut.\sa12_reg[2] } -current_item_type Scope  -selected  { {aes_cipher_top_tb.dut.\sa12_reg[2] }   }
gui_list_select -id Data.1 -selected  { {aes_cipher_top_tb.dut.\sa12_reg[2] .Q}   }
gui_list_add -id Wave.1 -from Data.1 { {aes_cipher_top_tb.dut.\sa12_reg[2] .Q} } -insertionbar
gui_list_select -id Hier.1 -current_item_name {aes_cipher_top_tb.dut.\sa12_reg[3] } -current_item_type Scope  -selected  { {aes_cipher_top_tb.dut.\sa12_reg[3] }   }
gui_list_select -id Data.1 -selected  { {aes_cipher_top_tb.dut.\sa12_reg[3] .Q}   }
gui_list_add -id Wave.1 -from Data.1 { {aes_cipher_top_tb.dut.\sa12_reg[3] .Q} } -insertionbar
gui_list_select -id Hier.1 -current_item_name {aes_cipher_top_tb.dut.\sa12_reg[4] } -current_item_type Scope  -selected  { {aes_cipher_top_tb.dut.\sa12_reg[4] }   }
gui_list_select -id Data.1 -selected  { {aes_cipher_top_tb.dut.\sa12_reg[4] .Q}   }
gui_list_add -id Wave.1 -from Data.1 { {aes_cipher_top_tb.dut.\sa12_reg[4] .Q} } -insertionbar
gui_list_select -id Hier.1 -current_item_name {aes_cipher_top_tb.dut.\sa12_reg[5] } -current_item_type Scope  -selected  { {aes_cipher_top_tb.dut.\sa12_reg[5] }   }
gui_list_select -id Data.1 -selected  { {aes_cipher_top_tb.dut.\sa12_reg[5] .Q}   }
gui_list_add -id Wave.1 -from Data.1 { {aes_cipher_top_tb.dut.\sa12_reg[5] .Q} } -insertionbar
gui_list_select -id Hier.1 -current_item_name {aes_cipher_top_tb.dut.\sa12_reg[6] } -current_item_type Scope  -selected  { {aes_cipher_top_tb.dut.\sa12_reg[6] }   }
gui_list_select -id Data.1 -selected  { {aes_cipher_top_tb.dut.\sa12_reg[6] .Q}   }
gui_list_add -id Wave.1 -from Data.1 { {aes_cipher_top_tb.dut.\sa12_reg[6] .Q} } -insertionbar
gui_list_select -id Hier.1 -current_item_name {aes_cipher_top_tb.dut.\sa12_reg[7] } -current_item_type Scope  -selected  { {aes_cipher_top_tb.dut.\sa12_reg[7] }   }
gui_list_select -id Data.1 -selected  { {aes_cipher_top_tb.dut.\sa12_reg[7] .Q}   }
gui_list_add -id Wave.1 -from Data.1 { {aes_cipher_top_tb.dut.\sa12_reg[7] .Q} } -insertionbar
gui_list_select -id Hier.1 -current_item_name {aes_cipher_top_tb.dut.\sa13_reg[0] } -current_item_type Scope  -selected  { {aes_cipher_top_tb.dut.\sa13_reg[0] }   }
gui_list_select -id Data.1 -selected  { {aes_cipher_top_tb.dut.\sa13_reg[0] .Q}   }
gui_list_add -id Wave.1 -from Data.1 { {aes_cipher_top_tb.dut.\sa13_reg[0] .Q} } -insertionbar
gui_list_select -id Hier.1 -current_item_name {aes_cipher_top_tb.dut.\sa13_reg[1] } -current_item_type Scope  -selected  { {aes_cipher_top_tb.dut.\sa13_reg[1] }   }
gui_list_select -id Data.1 -selected  { {aes_cipher_top_tb.dut.\sa13_reg[1] .clk}   }
gui_list_select -id Data.1 -selected  { {aes_cipher_top_tb.dut.\sa13_reg[1] .Q}   }
gui_list_add -id Wave.1 -from Data.1 { {aes_cipher_top_tb.dut.\sa13_reg[1] .Q} } -insertionbar
gui_list_select -id Hier.1 -current_item_name {aes_cipher_top_tb.dut.\sa13_reg[2] } -current_item_type Scope  -selected  { {aes_cipher_top_tb.dut.\sa13_reg[2] }   }
gui_list_select -id Data.1 -selected  { {aes_cipher_top_tb.dut.\sa13_reg[2] .Q}   }
gui_list_add -id Wave.1 -from Data.1 { {aes_cipher_top_tb.dut.\sa13_reg[2] .Q} } -insertionbar
gui_list_select -id Hier.1 -current_item_name {aes_cipher_top_tb.dut.\sa13_reg[3] } -current_item_type Scope  -selected  { {aes_cipher_top_tb.dut.\sa13_reg[3] }   }
gui_list_select -id Data.1 -selected  { {aes_cipher_top_tb.dut.\sa13_reg[3] .Q}   }
gui_list_add -id Wave.1 -from Data.1 { {aes_cipher_top_tb.dut.\sa13_reg[3] .Q} } -insertionbar
gui_list_select -id Hier.1 -current_item_name {aes_cipher_top_tb.dut.\sa13_reg[4] } -current_item_type Scope  -selected  { {aes_cipher_top_tb.dut.\sa13_reg[4] }   }
gui_list_select -id Data.1 -selected  { {aes_cipher_top_tb.dut.\sa13_reg[4] .Q}   }
gui_list_add -id Wave.1 -from Data.1 { {aes_cipher_top_tb.dut.\sa13_reg[4] .Q} } -insertionbar
gui_list_select -id Hier.1 -current_item_name {aes_cipher_top_tb.dut.\sa13_reg[5] } -current_item_type Scope  -selected  { {aes_cipher_top_tb.dut.\sa13_reg[5] }   }
gui_list_select -id Data.1 -selected  { {aes_cipher_top_tb.dut.\sa13_reg[5] .Q}   }
gui_list_add -id Wave.1 -from Data.1 { {aes_cipher_top_tb.dut.\sa13_reg[5] .Q} } -insertionbar
gui_list_select -id Hier.1 -current_item_name {aes_cipher_top_tb.dut.\sa13_reg[6] } -current_item_type Scope  -selected  { {aes_cipher_top_tb.dut.\sa13_reg[6] }   }
gui_list_select -id Data.1 -selected  { {aes_cipher_top_tb.dut.\sa13_reg[6] .Q}   }
gui_list_add -id Wave.1 -from Data.1 { {aes_cipher_top_tb.dut.\sa13_reg[6] .Q} } -insertionbar
gui_list_select -id Hier.1 -current_item_name {aes_cipher_top_tb.dut.\sa13_reg[7] } -current_item_type Scope  -selected  { {aes_cipher_top_tb.dut.\sa13_reg[7] }   }
gui_list_select -id Data.1 -selected  { {aes_cipher_top_tb.dut.\sa13_reg[7] .Q}   }
gui_list_add -id Wave.1 -from Data.1 { {aes_cipher_top_tb.dut.\sa13_reg[7] .Q} } -insertionbar
gui_list_select -id Hier.1 -current_item_name {aes_cipher_top_tb.dut.\sa20_reg[0] } -current_item_type Scope  -selected  { {aes_cipher_top_tb.dut.\sa20_reg[0] }   }
gui_list_select -id Data.1 -selected  { {aes_cipher_top_tb.dut.\sa20_reg[0] .NOTIFIER}   }
gui_list_select -id Data.1 -selected  { {aes_cipher_top_tb.dut.\sa20_reg[0] .Q}   }
gui_list_add -id Wave.1 -from Data.1 { {aes_cipher_top_tb.dut.\sa20_reg[0] .Q} } -insertionbar
gui_list_select -id Hier.1 -current_item_name {aes_cipher_top_tb.dut.\sa20_reg[1] } -current_item_type Scope  -selected  { {aes_cipher_top_tb.dut.\sa20_reg[1] }   }
gui_list_select -id Data.1 -selected  { {aes_cipher_top_tb.dut.\sa20_reg[1] .Q}   }
gui_list_add -id Wave.1 -from Data.1 { {aes_cipher_top_tb.dut.\sa20_reg[1] .Q} } -insertionbar
gui_list_select -id Hier.1 -current_item_name {aes_cipher_top_tb.dut.\sa20_reg[2] } -current_item_type Scope  -selected  { {aes_cipher_top_tb.dut.\sa20_reg[2] }   }
gui_list_select -id Data.1 -selected  { {aes_cipher_top_tb.dut.\sa20_reg[2] .Q}   }
gui_list_add -id Wave.1 -from Data.1 { {aes_cipher_top_tb.dut.\sa20_reg[2] .Q} } -insertionbar
gui_list_select -id Hier.1 -current_item_name {aes_cipher_top_tb.dut.\sa20_reg[3] } -current_item_type Scope  -selected  { {aes_cipher_top_tb.dut.\sa20_reg[3] }   }
gui_list_select -id Data.1 -selected  { {aes_cipher_top_tb.dut.\sa20_reg[3] .Q}   }
gui_list_add -id Wave.1 -from Data.1 { {aes_cipher_top_tb.dut.\sa20_reg[3] .Q} } -insertionbar
gui_list_select -id Hier.1 -current_item_name {aes_cipher_top_tb.dut.\sa20_reg[4] } -current_item_type Scope  -selected  { {aes_cipher_top_tb.dut.\sa20_reg[4] }   }
gui_list_select -id Data.1 -selected  { {aes_cipher_top_tb.dut.\sa20_reg[4] .clk}   }
gui_list_select -id Data.1 -selected  { {aes_cipher_top_tb.dut.\sa20_reg[4] .Q}   }
gui_list_add -id Wave.1 -from Data.1 { {aes_cipher_top_tb.dut.\sa20_reg[4] .Q} } -insertionbar
gui_list_select -id Data.1 -selected  { {aes_cipher_top_tb.dut.\sa20_reg[5] .Q}   }
gui_list_add -id Wave.1 -from Data.1 { {aes_cipher_top_tb.dut.\sa20_reg[5] .Q} } -insertionbar
gui_list_select -id Hier.1 -current_item_name {aes_cipher_top_tb.dut.\sa20_reg[6] } -current_item_type Scope  -selected  { {aes_cipher_top_tb.dut.\sa20_reg[6] }   }
gui_list_select -id Data.1 -selected  { {aes_cipher_top_tb.dut.\sa20_reg[6] .Q}   }
gui_list_add -id Wave.1 -from Data.1 { {aes_cipher_top_tb.dut.\sa20_reg[6] .Q} } -insertionbar
gui_list_select -id Hier.1 -current_item_name {aes_cipher_top_tb.dut.\sa20_reg[7] } -current_item_type Scope  -selected  { {aes_cipher_top_tb.dut.\sa20_reg[7] }   }
gui_list_select -id Data.1 -selected  { {aes_cipher_top_tb.dut.\sa20_reg[7] .Q}   }
gui_list_add -id Wave.1 -from Data.1 { {aes_cipher_top_tb.dut.\sa20_reg[7] .Q} } -insertionbar
gui_list_select -id Hier.1 -current_item_name {aes_cipher_top_tb.dut.\sa21_reg[0] } -current_item_type Scope  -selected  { {aes_cipher_top_tb.dut.\sa21_reg[0] }   }
gui_list_select -id Data.1 -selected  { {aes_cipher_top_tb.dut.\sa21_reg[0] .Q}   }
gui_list_add -id Wave.1 -from Data.1 { {aes_cipher_top_tb.dut.\sa21_reg[0] .Q} } -insertionbar
gui_list_select -id Hier.1 -current_item_name {aes_cipher_top_tb.dut.\sa21_reg[1] } -current_item_type Scope  -selected  { {aes_cipher_top_tb.dut.\sa21_reg[1] }   }
gui_list_select -id Data.1 -selected  { {aes_cipher_top_tb.dut.\sa21_reg[1] .Q}   }
gui_list_add -id Wave.1 -from Data.1 { {aes_cipher_top_tb.dut.\sa21_reg[1] .Q} } -insertionbar
gui_list_select -id Hier.1 -current_item_name {aes_cipher_top_tb.dut.\sa21_reg[2] } -current_item_type Scope  -selected  { {aes_cipher_top_tb.dut.\sa21_reg[2] }   }
gui_list_select -id Data.1 -selected  { {aes_cipher_top_tb.dut.\sa21_reg[2] .Q}   }
gui_list_add -id Wave.1 -from Data.1 { {aes_cipher_top_tb.dut.\sa21_reg[2] .Q} } -insertionbar
gui_list_select -id Hier.1 -current_item_name {aes_cipher_top_tb.dut.\sa21_reg[3] } -current_item_type Scope  -selected  { {aes_cipher_top_tb.dut.\sa21_reg[3] }   }
gui_list_select -id Data.1 -selected  { {aes_cipher_top_tb.dut.\sa21_reg[3] .Q}   }
gui_list_add -id Wave.1 -from Data.1 { {aes_cipher_top_tb.dut.\sa21_reg[3] .Q} } -insertionbar
gui_list_select -id Hier.1 -current_item_name {aes_cipher_top_tb.dut.\sa21_reg[4] } -current_item_type Scope  -selected  { {aes_cipher_top_tb.dut.\sa21_reg[4] }   }
gui_list_select -id Data.1 -selected  { {aes_cipher_top_tb.dut.\sa21_reg[4] .Q}   }
gui_list_add -id Wave.1 -from Data.1 { {aes_cipher_top_tb.dut.\sa21_reg[4] .Q} } -insertionbar
gui_list_select -id Hier.1 -current_item_name {aes_cipher_top_tb.dut.\sa21_reg[5] } -current_item_type Scope  -selected  { {aes_cipher_top_tb.dut.\sa21_reg[5] }   }
gui_list_select -id Data.1 -selected  { {aes_cipher_top_tb.dut.\sa21_reg[5] .Q}   }
gui_list_add -id Wave.1 -from Data.1 { {aes_cipher_top_tb.dut.\sa21_reg[5] .Q} } -insertionbar
gui_list_select -id Hier.1 -current_item_name {aes_cipher_top_tb.dut.\sa21_reg[6] } -current_item_type Scope  -selected  { {aes_cipher_top_tb.dut.\sa21_reg[6] }   }
gui_list_select -id Data.1 -selected  { {aes_cipher_top_tb.dut.\sa21_reg[6] .Q}   }
gui_list_add -id Wave.1 -from Data.1 { {aes_cipher_top_tb.dut.\sa21_reg[6] .Q} } -insertionbar
gui_list_select -id Hier.1 -current_item_name {aes_cipher_top_tb.dut.\sa21_reg[7] } -current_item_type Scope  -selected  { {aes_cipher_top_tb.dut.\sa21_reg[7] }   }
gui_list_select -id Data.1 -selected  { {aes_cipher_top_tb.dut.\sa21_reg[7] .Q}   }
gui_list_add -id Wave.1 -from Data.1 { {aes_cipher_top_tb.dut.\sa21_reg[7] .Q} } -insertionbar
gui_list_select -id Data.1 -selected  { {aes_cipher_top_tb.dut.\sa22_reg[0] .Q}   }
gui_list_add -id Wave.1 -from Data.1 { {aes_cipher_top_tb.dut.\sa22_reg[0] .Q} } -insertionbar
gui_list_select -id Hier.1 -current_item_name {aes_cipher_top_tb.dut.\sa22_reg[1] } -current_item_type Scope  -selected  { {aes_cipher_top_tb.dut.\sa22_reg[1] }   }
gui_list_select -id Data.1 -selected  { {aes_cipher_top_tb.dut.\sa22_reg[1] .Q}   }
gui_list_add -id Wave.1 -from Data.1 { {aes_cipher_top_tb.dut.\sa22_reg[1] .Q} } -insertionbar
gui_list_select -id Hier.1 -current_item_name {aes_cipher_top_tb.dut.\sa22_reg[2] } -current_item_type Scope  -selected  { {aes_cipher_top_tb.dut.\sa22_reg[2] }   }
gui_list_select -id Data.1 -selected  { {aes_cipher_top_tb.dut.\sa22_reg[2] .Q}   }
gui_list_add -id Wave.1 -from Data.1 { {aes_cipher_top_tb.dut.\sa22_reg[2] .Q} } -insertionbar
gui_list_select -id Hier.1 -current_item_name {aes_cipher_top_tb.dut.\sa22_reg[3] } -current_item_type Scope  -selected  { {aes_cipher_top_tb.dut.\sa22_reg[3] }   }
gui_list_select -id Data.1 -selected  { {aes_cipher_top_tb.dut.\sa22_reg[3] .Q}   }
gui_list_add -id Wave.1 -from Data.1 { {aes_cipher_top_tb.dut.\sa22_reg[3] .Q} } -insertionbar
gui_list_select -id Hier.1 -current_item_name {aes_cipher_top_tb.dut.\sa22_reg[4] } -current_item_type Scope  -selected  { {aes_cipher_top_tb.dut.\sa22_reg[4] }   }
gui_list_select -id Data.1 -selected  { {aes_cipher_top_tb.dut.\sa22_reg[4] .Q}   }
gui_list_add -id Wave.1 -from Data.1 { {aes_cipher_top_tb.dut.\sa22_reg[4] .Q} } -insertionbar
gui_list_select -id Hier.1 -current_item_name {aes_cipher_top_tb.dut.\sa22_reg[5] } -current_item_type Scope  -selected  { {aes_cipher_top_tb.dut.\sa22_reg[5] }   }
gui_list_select -id Data.1 -selected  { {aes_cipher_top_tb.dut.\sa22_reg[5] .Q}   }
gui_list_add -id Wave.1 -from Data.1 { {aes_cipher_top_tb.dut.\sa22_reg[5] .Q} } -insertionbar
gui_list_select -id Hier.1 -current_item_name {aes_cipher_top_tb.dut.\sa22_reg[6] } -current_item_type Scope  -selected  { {aes_cipher_top_tb.dut.\sa22_reg[6] }   }
gui_list_select -id Data.1 -selected  { {aes_cipher_top_tb.dut.\sa22_reg[6] .Q}   }
gui_list_add -id Wave.1 -from Data.1 { {aes_cipher_top_tb.dut.\sa22_reg[6] .Q} } -insertionbar
gui_list_select -id Hier.1 -current_item_name {aes_cipher_top_tb.dut.\sa22_reg[7] } -current_item_type Scope  -selected  { {aes_cipher_top_tb.dut.\sa22_reg[7] }   }
gui_list_select -id Data.1 -selected  { {aes_cipher_top_tb.dut.\sa22_reg[7] .Q}   }
gui_list_add -id Wave.1 -from Data.1 { {aes_cipher_top_tb.dut.\sa22_reg[7] .Q} } -insertionbar
gui_list_select -id Hier.1 -current_item_name {aes_cipher_top_tb.dut.\sa23_reg[0] } -current_item_type Scope  -selected  { {aes_cipher_top_tb.dut.\sa23_reg[0] }   }
gui_list_select -id Data.1 -selected  { {aes_cipher_top_tb.dut.\sa23_reg[0] .Q}   }
gui_list_add -id Wave.1 -from Data.1 { {aes_cipher_top_tb.dut.\sa23_reg[0] .Q} } -insertionbar
gui_list_select -id Hier.1 -current_item_name {aes_cipher_top_tb.dut.\sa23_reg[1] } -current_item_type Scope  -selected  { {aes_cipher_top_tb.dut.\sa23_reg[1] }   }
gui_list_select -id Data.1 -selected  { {aes_cipher_top_tb.dut.\sa23_reg[1] .Q}   }
gui_list_add -id Wave.1 -from Data.1 { {aes_cipher_top_tb.dut.\sa23_reg[1] .Q} } -insertionbar
gui_list_select -id Hier.1 -current_item_name {aes_cipher_top_tb.dut.\sa23_reg[3] } -current_item_type Scope  -selected  { {aes_cipher_top_tb.dut.\sa23_reg[3] }   }
gui_list_select -id Hier.1 -current_item_name {aes_cipher_top_tb.dut.\sa23_reg[2] } -current_item_type Scope  -selected  { {aes_cipher_top_tb.dut.\sa23_reg[2] }   }
gui_list_select -id Data.1 -selected  { {aes_cipher_top_tb.dut.\sa23_reg[2] .Q}   }
gui_list_add -id Wave.1 -from Data.1 { {aes_cipher_top_tb.dut.\sa23_reg[2] .Q} } -insertionbar
gui_list_select -id Hier.1 -current_item_name {aes_cipher_top_tb.dut.\sa23_reg[3] } -current_item_type Scope  -selected  { {aes_cipher_top_tb.dut.\sa23_reg[3] }   }
gui_list_select -id Data.1 -selected  { {aes_cipher_top_tb.dut.\sa23_reg[3] .Q}   }
gui_list_add -id Wave.1 -from Data.1 { {aes_cipher_top_tb.dut.\sa23_reg[3] .Q} } -insertionbar
gui_list_select -id Hier.1 -current_item_name {aes_cipher_top_tb.dut.\sa23_reg[4] } -current_item_type Scope  -selected  { {aes_cipher_top_tb.dut.\sa23_reg[4] }   }
gui_list_select -id Data.1 -selected  { {aes_cipher_top_tb.dut.\sa23_reg[4] .clk}   }
gui_list_select -id Data.1 -selected  { {aes_cipher_top_tb.dut.\sa23_reg[4] .Q}   }
gui_list_add -id Wave.1 -from Data.1 { {aes_cipher_top_tb.dut.\sa23_reg[4] .Q} } -insertionbar
gui_list_select -id Hier.1 -current_item_name {aes_cipher_top_tb.dut.\sa23_reg[5] } -current_item_type Scope  -selected  { {aes_cipher_top_tb.dut.\sa23_reg[5] }   }
gui_list_select -id Data.1 -selected  { {aes_cipher_top_tb.dut.\sa23_reg[5] .Q}   }
gui_list_add -id Wave.1 -from Data.1 { {aes_cipher_top_tb.dut.\sa23_reg[5] .Q} } -insertionbar
gui_list_select -id Hier.1 -current_item_name {aes_cipher_top_tb.dut.\sa23_reg[6] } -current_item_type Scope  -selected  { {aes_cipher_top_tb.dut.\sa23_reg[6] }   }
gui_list_select -id Data.1 -selected  { {aes_cipher_top_tb.dut.\sa23_reg[6] .Q}   }
gui_list_add -id Wave.1 -from Data.1 { {aes_cipher_top_tb.dut.\sa23_reg[6] .Q} } -insertionbar
gui_list_select -id Hier.1 -current_item_name {aes_cipher_top_tb.dut.\sa23_reg[7] } -current_item_type Scope  -selected  { {aes_cipher_top_tb.dut.\sa23_reg[7] }   }
gui_list_select -id Data.1 -selected  { {aes_cipher_top_tb.dut.\sa23_reg[7] .Q}   }
gui_list_add -id Wave.1 -from Data.1 { {aes_cipher_top_tb.dut.\sa23_reg[7] .Q} } -insertionbar
gui_list_select -id Hier.1 -current_item_name {aes_cipher_top_tb.dut.\sa30_reg[0] } -current_item_type Scope  -selected  { {aes_cipher_top_tb.dut.\sa30_reg[0] }   }
gui_list_select -id Data.1 -selected  { {aes_cipher_top_tb.dut.\sa30_reg[0] .Q}   }
gui_list_add -id Wave.1 -from Data.1 { {aes_cipher_top_tb.dut.\sa30_reg[0] .Q} } -insertionbar
gui_list_select -id Hier.1 -current_item_name {aes_cipher_top_tb.dut.\sa30_reg[1] } -current_item_type Scope  -selected  { {aes_cipher_top_tb.dut.\sa30_reg[1] }   }
gui_list_select -id Data.1 -selected  { {aes_cipher_top_tb.dut.\sa30_reg[1] .Q}   }
gui_list_add -id Wave.1 -from Data.1 { {aes_cipher_top_tb.dut.\sa30_reg[1] .Q} } -insertionbar
gui_list_select -id Hier.1 -current_item_name {aes_cipher_top_tb.dut.\sa30_reg[2] } -current_item_type Scope  -selected  { {aes_cipher_top_tb.dut.\sa30_reg[2] }   }
gui_list_select -id Data.1 -selected  { {aes_cipher_top_tb.dut.\sa30_reg[2] .Q}   }
gui_list_add -id Wave.1 -from Data.1 { {aes_cipher_top_tb.dut.\sa30_reg[2] .Q} } -insertionbar
gui_list_select -id Hier.1 -current_item_name {aes_cipher_top_tb.dut.\sa30_reg[3] } -current_item_type Scope  -selected  { {aes_cipher_top_tb.dut.\sa30_reg[3] }   }
gui_list_select -id Data.1 -selected  { {aes_cipher_top_tb.dut.\sa30_reg[3] .Q}   }
gui_list_add -id Wave.1 -from Data.1 { {aes_cipher_top_tb.dut.\sa30_reg[3] .Q} } -insertionbar
gui_list_select -id Hier.1 -current_item_name {aes_cipher_top_tb.dut.\sa30_reg[4] } -current_item_type Scope  -selected  { {aes_cipher_top_tb.dut.\sa30_reg[4] }   }
gui_list_select -id Data.1 -selected  { {aes_cipher_top_tb.dut.\sa30_reg[4] .Q}   }
gui_list_add -id Wave.1 -from Data.1 { {aes_cipher_top_tb.dut.\sa30_reg[4] .Q} } -insertionbar
gui_list_select -id Hier.1 -current_item_name {aes_cipher_top_tb.dut.\sa30_reg[5] } -current_item_type Scope  -selected  { {aes_cipher_top_tb.dut.\sa30_reg[5] }   }
gui_list_select -id Data.1 -selected  { {aes_cipher_top_tb.dut.\sa30_reg[5] .Q}   }
gui_list_add -id Wave.1 -from Data.1 { {aes_cipher_top_tb.dut.\sa30_reg[5] .Q} } -insertionbar
gui_list_select -id Hier.1 -current_item_name {aes_cipher_top_tb.dut.\sa30_reg[6] } -current_item_type Scope  -selected  { {aes_cipher_top_tb.dut.\sa30_reg[6] }   }
gui_list_select -id Data.1 -selected  { {aes_cipher_top_tb.dut.\sa30_reg[6] .Q}   }
gui_list_add -id Wave.1 -from Data.1 { {aes_cipher_top_tb.dut.\sa30_reg[6] .Q} } -insertionbar
gui_list_select -id Hier.1 -current_item_name {aes_cipher_top_tb.dut.\sa30_reg[7] } -current_item_type Scope  -selected  { {aes_cipher_top_tb.dut.\sa30_reg[7] }   }
gui_list_select -id Data.1 -selected  { {aes_cipher_top_tb.dut.\sa30_reg[7] .Q}   }
gui_list_add -id Wave.1 -from Data.1 { {aes_cipher_top_tb.dut.\sa30_reg[7] .Q} } -insertionbar
gui_list_select -id Hier.1 -current_item_name {aes_cipher_top_tb.dut.\sa31_reg[0] } -current_item_type Scope  -selected  { {aes_cipher_top_tb.dut.\sa31_reg[0] }   }
gui_list_select -id Data.1 -selected  { {aes_cipher_top_tb.dut.\sa31_reg[0] .Q}   }
gui_list_add -id Wave.1 -from Data.1 { {aes_cipher_top_tb.dut.\sa31_reg[0] .Q} } -insertionbar
gui_list_select -id Hier.1 -current_item_name {aes_cipher_top_tb.dut.\sa31_reg[1] } -current_item_type Scope  -selected  { {aes_cipher_top_tb.dut.\sa31_reg[1] }   }
gui_list_select -id Data.1 -selected  { {aes_cipher_top_tb.dut.\sa31_reg[1] .Q}   }
gui_list_add -id Wave.1 -from Data.1 { {aes_cipher_top_tb.dut.\sa31_reg[1] .Q} } -insertionbar
gui_list_select -id Hier.1 -current_item_name {aes_cipher_top_tb.dut.\sa31_reg[2] } -current_item_type Scope  -selected  { {aes_cipher_top_tb.dut.\sa31_reg[2] }   }
gui_list_select -id Data.1 -selected  { {aes_cipher_top_tb.dut.\sa31_reg[2] .Q}   }
gui_list_add -id Wave.1 -from Data.1 { {aes_cipher_top_tb.dut.\sa31_reg[2] .Q} } -insertionbar
gui_list_select -id Hier.1 -current_item_name {aes_cipher_top_tb.dut.\sa31_reg[3] } -current_item_type Scope  -selected  { {aes_cipher_top_tb.dut.\sa31_reg[3] }   }
gui_list_select -id Data.1 -selected  { {aes_cipher_top_tb.dut.\sa31_reg[3] .Q}   }
gui_list_add -id Wave.1 -from Data.1 { {aes_cipher_top_tb.dut.\sa31_reg[3] .Q} } -insertionbar
gui_list_select -id Hier.1 -current_item_name {aes_cipher_top_tb.dut.\sa31_reg[5] } -current_item_type Scope  -selected  { {aes_cipher_top_tb.dut.\sa31_reg[5] }   }
gui_list_select -id Hier.1 -current_item_name {aes_cipher_top_tb.dut.\sa31_reg[4] } -current_item_type Scope  -selected  { {aes_cipher_top_tb.dut.\sa31_reg[4] }   }
gui_list_select -id Data.1 -selected  { {aes_cipher_top_tb.dut.\sa31_reg[4] .Q}   }
gui_list_add -id Wave.1 -from Data.1 { {aes_cipher_top_tb.dut.\sa31_reg[4] .Q} } -insertionbar
gui_list_select -id Hier.1 -current_item_name {aes_cipher_top_tb.dut.\sa31_reg[5] } -current_item_type Scope  -selected  { {aes_cipher_top_tb.dut.\sa31_reg[5] }   }
gui_list_select -id Data.1 -selected  { {aes_cipher_top_tb.dut.\sa31_reg[5] .Q}   }
gui_list_add -id Wave.1 -from Data.1 { {aes_cipher_top_tb.dut.\sa31_reg[5] .Q} } -insertionbar
gui_list_select -id Hier.1 -current_item_name {aes_cipher_top_tb.dut.\sa31_reg[6] } -current_item_type Scope  -selected  { {aes_cipher_top_tb.dut.\sa31_reg[6] }   }
gui_list_select -id Data.1 -selected  { {aes_cipher_top_tb.dut.\sa31_reg[6] .Q}   }
gui_list_add -id Wave.1 -from Data.1 { {aes_cipher_top_tb.dut.\sa31_reg[6] .Q} } -insertionbar
gui_list_select -id Hier.1 -current_item_name {aes_cipher_top_tb.dut.\sa31_reg[7] } -current_item_type Scope  -selected  { {aes_cipher_top_tb.dut.\sa31_reg[7] }   }
gui_list_select -id Data.1 -selected  { {aes_cipher_top_tb.dut.\sa31_reg[7] .Q}   }
gui_list_add -id Wave.1 -from Data.1 { {aes_cipher_top_tb.dut.\sa31_reg[7] .Q} } -insertionbar
gui_list_select -id Hier.1 -current_item_name {aes_cipher_top_tb.dut.\sa32_reg[0] } -current_item_type Scope  -selected  { {aes_cipher_top_tb.dut.\sa32_reg[0] }   }
gui_list_select -id Data.1 -selected  { {aes_cipher_top_tb.dut.\sa32_reg[0] .Q}   }
gui_list_add -id Wave.1 -from Data.1 { {aes_cipher_top_tb.dut.\sa32_reg[0] .Q} } -insertionbar
gui_list_select -id Hier.1 -current_item_name {aes_cipher_top_tb.dut.\sa32_reg[1] } -current_item_type Scope  -selected  { {aes_cipher_top_tb.dut.\sa32_reg[1] }   }
gui_list_select -id Data.1 -selected  { {aes_cipher_top_tb.dut.\sa32_reg[1] .Q}   }
gui_list_add -id Wave.1 -from Data.1 { {aes_cipher_top_tb.dut.\sa32_reg[1] .Q} } -insertionbar
gui_list_select -id Hier.1 -current_item_name {aes_cipher_top_tb.dut.\sa32_reg[2] } -current_item_type Scope  -selected  { {aes_cipher_top_tb.dut.\sa32_reg[2] }   }
gui_list_select -id Data.1 -selected  { {aes_cipher_top_tb.dut.\sa32_reg[2] .Q}   }
gui_list_add -id Wave.1 -from Data.1 { {aes_cipher_top_tb.dut.\sa32_reg[2] .Q} } -insertionbar
gui_list_select -id Hier.1 -current_item_name {aes_cipher_top_tb.dut.\sa32_reg[3] } -current_item_type Scope  -selected  { {aes_cipher_top_tb.dut.\sa32_reg[3] }   }
gui_list_select -id Data.1 -selected  { {aes_cipher_top_tb.dut.\sa32_reg[3] .Q}   }
gui_list_add -id Wave.1 -from Data.1 { {aes_cipher_top_tb.dut.\sa32_reg[3] .Q} } -insertionbar
gui_list_select -id Hier.1 -current_item_name {aes_cipher_top_tb.dut.\sa32_reg[4] } -current_item_type Scope  -selected  { {aes_cipher_top_tb.dut.\sa32_reg[4] }   }
gui_list_select -id Data.1 -selected  { {aes_cipher_top_tb.dut.\sa32_reg[4] .Q}   }
gui_list_add -id Wave.1 -from Data.1 { {aes_cipher_top_tb.dut.\sa32_reg[4] .Q} } -insertionbar
gui_list_select -id Hier.1 -current_item_name {aes_cipher_top_tb.dut.\sa32_reg[5] } -current_item_type Scope  -selected  { {aes_cipher_top_tb.dut.\sa32_reg[5] }   }
gui_list_select -id Data.1 -selected  { {aes_cipher_top_tb.dut.\sa32_reg[5] .Q}   }
gui_list_add -id Wave.1 -from Data.1 { {aes_cipher_top_tb.dut.\sa32_reg[5] .Q} } -insertionbar
gui_list_select -id Hier.1 -current_item_name {aes_cipher_top_tb.dut.\sa32_reg[6] } -current_item_type Scope  -selected  { {aes_cipher_top_tb.dut.\sa32_reg[6] }   }
gui_list_select -id Data.1 -selected  { {aes_cipher_top_tb.dut.\sa32_reg[6] .Q}   }
gui_list_add -id Wave.1 -from Data.1 { {aes_cipher_top_tb.dut.\sa32_reg[6] .Q} } -insertionbar
gui_list_select -id Hier.1 -current_item_name {aes_cipher_top_tb.dut.\sa32_reg[7] } -current_item_type Scope  -selected  { {aes_cipher_top_tb.dut.\sa32_reg[7] }   }
gui_list_select -id Data.1 -selected  { {aes_cipher_top_tb.dut.\sa32_reg[7] .Q}   }
gui_list_add -id Wave.1 -from Data.1 { {aes_cipher_top_tb.dut.\sa32_reg[7] .Q} } -insertionbar
gui_list_select -id Hier.1 -current_item_name {aes_cipher_top_tb.dut.\sa33_reg[0] } -current_item_type Scope  -selected  { {aes_cipher_top_tb.dut.\sa33_reg[0] }   }
gui_list_select -id Data.1 -selected  { {aes_cipher_top_tb.dut.\sa33_reg[0] .Q}   }
gui_list_add -id Wave.1 -from Data.1 { {aes_cipher_top_tb.dut.\sa33_reg[0] .Q} } -insertionbar
gui_list_select -id Hier.1 -current_item_name {aes_cipher_top_tb.dut.\sa33_reg[1] } -current_item_type Scope  -selected  { {aes_cipher_top_tb.dut.\sa33_reg[1] }   }
gui_list_select -id Data.1 -selected  { {aes_cipher_top_tb.dut.\sa33_reg[1] .Q}   }
gui_list_add -id Wave.1 -from Data.1 { {aes_cipher_top_tb.dut.\sa33_reg[1] .Q} } -insertionbar
gui_list_select -id Hier.1 -current_item_name {aes_cipher_top_tb.dut.\sa33_reg[2] } -current_item_type Scope  -selected  { {aes_cipher_top_tb.dut.\sa33_reg[2] }   }
gui_list_select -id Data.1 -selected  { {aes_cipher_top_tb.dut.\sa33_reg[2] .Q}   }
gui_list_add -id Wave.1 -from Data.1 { {aes_cipher_top_tb.dut.\sa33_reg[2] .Q} } -insertionbar
gui_list_select -id Data.1 -selected  { {aes_cipher_top_tb.dut.\sa33_reg[3] .Q}   }
gui_list_add -id Wave.1 -from Data.1 { {aes_cipher_top_tb.dut.\sa33_reg[3] .Q} } -insertionbar
gui_list_select -id Hier.1 -current_item_name {aes_cipher_top_tb.dut.\sa33_reg[4] } -current_item_type Scope  -selected  { {aes_cipher_top_tb.dut.\sa33_reg[4] }   }
gui_list_select -id Data.1 -selected  { {aes_cipher_top_tb.dut.\sa33_reg[4] .Q}   }
gui_list_add -id Wave.1 -from Data.1 { {aes_cipher_top_tb.dut.\sa33_reg[4] .Q} } -insertionbar
gui_list_select -id Hier.1 -current_item_name {aes_cipher_top_tb.dut.\sa33_reg[5] } -current_item_type Scope  -selected  { {aes_cipher_top_tb.dut.\sa33_reg[5] }   }
gui_list_select -id Data.1 -selected  { {aes_cipher_top_tb.dut.\sa33_reg[5] .Q}   }
gui_list_add -id Wave.1 -from Data.1 { {aes_cipher_top_tb.dut.\sa33_reg[5] .Q} } -insertionbar
gui_list_select -id Hier.1 -current_item_name {aes_cipher_top_tb.dut.\sa33_reg[6] } -current_item_type Scope  -selected  { {aes_cipher_top_tb.dut.\sa33_reg[6] }   }
gui_list_select -id Data.1 -selected  { {aes_cipher_top_tb.dut.\sa33_reg[6] .Q}   }
gui_list_add -id Wave.1 -from Data.1 { {aes_cipher_top_tb.dut.\sa33_reg[6] .Q} } -insertionbar
gui_list_select -id Hier.1 -current_item_name {aes_cipher_top_tb.dut.\sa33_reg[7] } -current_item_type Scope  -selected  { {aes_cipher_top_tb.dut.\sa33_reg[7] }   }
gui_list_add -id Wave.1 -from Hier.1 { {aes_cipher_top_tb.dut.\sa33_reg[7] } } -insertionbar
gui_list_select -id Wave.1 -selected  { {aes_cipher_top_tb.dut.\sa00_reg[1] .Q}   }
gui_scroll -window Wave.1 -vrel .2
gui_scroll -window Wave.1 -vrel .2
gui_scroll -window Wave.1 -vrel .2
gui_scroll -window Wave.1 -vrel .2
gui_scroll -window Wave.1 -vrel .2
gui_scroll -window Wave.1 -vrel .2
gui_scroll -window Wave.1 -vrel .2
gui_scroll -window Wave.1 -vrel .2
gui_scroll -window Wave.1 -vrel .2
gui_scroll -window Wave.1 -vrel .2
gui_scroll -window Wave.1 -vrel .2
gui_scroll -window Wave.1 -vrel .2
gui_list_select -id Wave.1 -selected  { {aes_cipher_top_tb.dut.\sa00_reg[1] .Q}  {aes_cipher_top_tb.dut.\sa33_reg[6] .Q}   }
gui_list_select -id Wave.1 -selected  { {aes_cipher_top_tb.dut.\sa33_reg[5] .Q}   }
gui_list_select -id Wave.1 -selected  { {aes_cipher_top_tb.dut.\sa00_reg[1] .Q}   }
gui_list_select -id Wave.1 { {aes_cipher_top_tb.dut.\sa00_reg[2] .Q}  {aes_cipher_top_tb.dut.\sa00_reg[3] .Q}  {aes_cipher_top_tb.dut.\sa00_reg[4] .Q}  {aes_cipher_top_tb.dut.\sa00_reg[5] .Q}  {aes_cipher_top_tb.dut.\sa00_reg[6] .Q}  {aes_cipher_top_tb.dut.\sa00_reg[7] .Q}  {aes_cipher_top_tb.dut.\sa01_reg[0] .Q}  {aes_cipher_top_tb.dut.\sa01_reg[1] .Q}  {aes_cipher_top_tb.dut.\sa01_reg[2] .Q}  {aes_cipher_top_tb.dut.\sa01_reg[3] .Q}  {aes_cipher_top_tb.dut.\sa01_reg[4] .Q}  {aes_cipher_top_tb.dut.\sa01_reg[5] .Q}  {aes_cipher_top_tb.dut.\sa01_reg[6] .Q}  {aes_cipher_top_tb.dut.\sa01_reg[7] .Q}  {aes_cipher_top_tb.dut.\sa02_reg[0] .Q}  {aes_cipher_top_tb.dut.\sa02_reg[1] .Q}  {aes_cipher_top_tb.dut.\sa02_reg[2] .Q}  {aes_cipher_top_tb.dut.\sa02_reg[3] .Q}  {aes_cipher_top_tb.dut.\sa02_reg[4] .Q}  {aes_cipher_top_tb.dut.\sa02_reg[5] .Q}  {aes_cipher_top_tb.dut.\sa02_reg[6] .Q}  {aes_cipher_top_tb.dut.\sa02_reg[7] .Q}  {aes_cipher_top_tb.dut.\sa03_reg[0] .Q}  {aes_cipher_top_tb.dut.\sa03_reg[1] .Q}  {aes_cipher_top_tb.dut.\sa03_reg[2] .Q}  {aes_cipher_top_tb.dut.\sa03_reg[3] .Q}  {aes_cipher_top_tb.dut.\sa03_reg[4] .Q}  {aes_cipher_top_tb.dut.\sa03_reg[5] .Q}  {aes_cipher_top_tb.dut.\sa03_reg[6] .Q}  {aes_cipher_top_tb.dut.\sa03_reg[7] .Q}  {aes_cipher_top_tb.dut.\sa10_reg[0] .Q}  {aes_cipher_top_tb.dut.\sa10_reg[1] .Q}  {aes_cipher_top_tb.dut.\sa10_reg[2] .Q}  {aes_cipher_top_tb.dut.\sa10_reg[3] .Q}  {aes_cipher_top_tb.dut.\sa10_reg[4] .Q}  {aes_cipher_top_tb.dut.\sa10_reg[5] .Q}  {aes_cipher_top_tb.dut.\sa10_reg[6] .Q}  {aes_cipher_top_tb.dut.\sa10_reg[7] .Q}  {aes_cipher_top_tb.dut.\sa11_reg[0] .Q}  {aes_cipher_top_tb.dut.\sa11_reg[1] .Q}  {aes_cipher_top_tb.dut.\sa11_reg[2] .Q}  {aes_cipher_top_tb.dut.\sa11_reg[3] .Q}  {aes_cipher_top_tb.dut.\sa11_reg[4] .Q}  {aes_cipher_top_tb.dut.\sa11_reg[5] .Q}  {aes_cipher_top_tb.dut.\sa11_reg[6] .Q}  {aes_cipher_top_tb.dut.\sa11_reg[7] .Q}  {aes_cipher_top_tb.dut.\sa12_reg[0] .Q}  {aes_cipher_top_tb.dut.\sa12_reg[1] .Q}  {aes_cipher_top_tb.dut.\sa12_reg[2] .Q}  {aes_cipher_top_tb.dut.\sa12_reg[3] .Q}  {aes_cipher_top_tb.dut.\sa12_reg[4] .Q}  {aes_cipher_top_tb.dut.\sa12_reg[5] .Q}  {aes_cipher_top_tb.dut.\sa12_reg[6] .Q}  {aes_cipher_top_tb.dut.\sa12_reg[7] .Q}  {aes_cipher_top_tb.dut.\sa13_reg[0] .Q}  {aes_cipher_top_tb.dut.\sa13_reg[1] .Q}  {aes_cipher_top_tb.dut.\sa13_reg[2] .Q}  {aes_cipher_top_tb.dut.\sa13_reg[3] .Q}  {aes_cipher_top_tb.dut.\sa13_reg[4] .Q}  {aes_cipher_top_tb.dut.\sa13_reg[5] .Q}  {aes_cipher_top_tb.dut.\sa13_reg[6] .Q}  {aes_cipher_top_tb.dut.\sa13_reg[7] .Q}  {aes_cipher_top_tb.dut.\sa20_reg[0] .Q}  {aes_cipher_top_tb.dut.\sa20_reg[1] .Q}  {aes_cipher_top_tb.dut.\sa20_reg[2] .Q}  {aes_cipher_top_tb.dut.\sa20_reg[3] .Q}  {aes_cipher_top_tb.dut.\sa20_reg[4] .Q}  {aes_cipher_top_tb.dut.\sa20_reg[5] .Q}  {aes_cipher_top_tb.dut.\sa20_reg[6] .Q}  {aes_cipher_top_tb.dut.\sa20_reg[7] .Q}  {aes_cipher_top_tb.dut.\sa21_reg[0] .Q}  {aes_cipher_top_tb.dut.\sa21_reg[1] .Q}  {aes_cipher_top_tb.dut.\sa21_reg[2] .Q}  {aes_cipher_top_tb.dut.\sa21_reg[3] .Q}  {aes_cipher_top_tb.dut.\sa21_reg[4] .Q}  {aes_cipher_top_tb.dut.\sa21_reg[5] .Q}  {aes_cipher_top_tb.dut.\sa21_reg[6] .Q}  {aes_cipher_top_tb.dut.\sa21_reg[7] .Q}  {aes_cipher_top_tb.dut.\sa22_reg[0] .Q}  {aes_cipher_top_tb.dut.\sa22_reg[1] .Q}  {aes_cipher_top_tb.dut.\sa22_reg[2] .Q}  {aes_cipher_top_tb.dut.\sa22_reg[3] .Q}  {aes_cipher_top_tb.dut.\sa22_reg[4] .Q}  {aes_cipher_top_tb.dut.\sa22_reg[5] .Q}  {aes_cipher_top_tb.dut.\sa22_reg[6] .Q}  {aes_cipher_top_tb.dut.\sa22_reg[7] .Q}  {aes_cipher_top_tb.dut.\sa23_reg[0] .Q}  {aes_cipher_top_tb.dut.\sa23_reg[1] .Q}  {aes_cipher_top_tb.dut.\sa23_reg[2] .Q}  {aes_cipher_top_tb.dut.\sa23_reg[3] .Q}  {aes_cipher_top_tb.dut.\sa23_reg[4] .Q}  {aes_cipher_top_tb.dut.\sa23_reg[5] .Q}  {aes_cipher_top_tb.dut.\sa23_reg[6] .Q}  {aes_cipher_top_tb.dut.\sa23_reg[7] .Q}  {aes_cipher_top_tb.dut.\sa30_reg[0] .Q}  {aes_cipher_top_tb.dut.\sa30_reg[1] .Q}  {aes_cipher_top_tb.dut.\sa30_reg[2] .Q}  {aes_cipher_top_tb.dut.\sa30_reg[3] .Q}  {aes_cipher_top_tb.dut.\sa30_reg[4] .Q}  {aes_cipher_top_tb.dut.\sa30_reg[5] .Q}  {aes_cipher_top_tb.dut.\sa30_reg[6] .Q}  {aes_cipher_top_tb.dut.\sa30_reg[7] .Q}  {aes_cipher_top_tb.dut.\sa31_reg[0] .Q}  {aes_cipher_top_tb.dut.\sa31_reg[1] .Q}  {aes_cipher_top_tb.dut.\sa31_reg[2] .Q}  {aes_cipher_top_tb.dut.\sa31_reg[3] .Q}  {aes_cipher_top_tb.dut.\sa31_reg[4] .Q}  {aes_cipher_top_tb.dut.\sa31_reg[5] .Q}  {aes_cipher_top_tb.dut.\sa31_reg[6] .Q}  {aes_cipher_top_tb.dut.\sa31_reg[7] .Q}  {aes_cipher_top_tb.dut.\sa32_reg[0] .Q}  {aes_cipher_top_tb.dut.\sa32_reg[1] .Q}  {aes_cipher_top_tb.dut.\sa32_reg[2] .Q}  {aes_cipher_top_tb.dut.\sa32_reg[3] .Q}  {aes_cipher_top_tb.dut.\sa32_reg[4] .Q}  {aes_cipher_top_tb.dut.\sa32_reg[5] .Q}  {aes_cipher_top_tb.dut.\sa32_reg[6] .Q}  {aes_cipher_top_tb.dut.\sa32_reg[7] .Q}  {aes_cipher_top_tb.dut.\sa33_reg[0] .Q}  {aes_cipher_top_tb.dut.\sa33_reg[1] .Q}  {aes_cipher_top_tb.dut.\sa33_reg[2] .Q}  {aes_cipher_top_tb.dut.\sa33_reg[3] .Q}  {aes_cipher_top_tb.dut.\sa33_reg[4] .Q}  {aes_cipher_top_tb.dut.\sa33_reg[5] .Q}  {aes_cipher_top_tb.dut.\sa33_reg[6] .Q}   }
gui_bus_create -name state_reg {{aes_cipher_top_tb.dut.\sa00_reg[1] .Q} {aes_cipher_top_tb.dut.\sa00_reg[2] .Q} {aes_cipher_top_tb.dut.\sa00_reg[3] .Q} {aes_cipher_top_tb.dut.\sa00_reg[4] .Q} {aes_cipher_top_tb.dut.\sa00_reg[5] .Q} {aes_cipher_top_tb.dut.\sa00_reg[6] .Q} {aes_cipher_top_tb.dut.\sa00_reg[7] .Q} {aes_cipher_top_tb.dut.\sa01_reg[0] .Q} {aes_cipher_top_tb.dut.\sa01_reg[1] .Q} {aes_cipher_top_tb.dut.\sa01_reg[2] .Q} {aes_cipher_top_tb.dut.\sa01_reg[3] .Q} {aes_cipher_top_tb.dut.\sa01_reg[4] .Q} {aes_cipher_top_tb.dut.\sa01_reg[5] .Q} {aes_cipher_top_tb.dut.\sa01_reg[6] .Q} {aes_cipher_top_tb.dut.\sa01_reg[7] .Q} {aes_cipher_top_tb.dut.\sa02_reg[0] .Q} {aes_cipher_top_tb.dut.\sa02_reg[1] .Q} {aes_cipher_top_tb.dut.\sa02_reg[2] .Q} {aes_cipher_top_tb.dut.\sa02_reg[3] .Q} {aes_cipher_top_tb.dut.\sa02_reg[4] .Q} {aes_cipher_top_tb.dut.\sa02_reg[5] .Q} {aes_cipher_top_tb.dut.\sa02_reg[6] .Q} {aes_cipher_top_tb.dut.\sa02_reg[7] .Q} {aes_cipher_top_tb.dut.\sa03_reg[0] .Q} {aes_cipher_top_tb.dut.\sa03_reg[1] .Q} {aes_cipher_top_tb.dut.\sa03_reg[2] .Q} {aes_cipher_top_tb.dut.\sa03_reg[3] .Q} {aes_cipher_top_tb.dut.\sa03_reg[4] .Q} {aes_cipher_top_tb.dut.\sa03_reg[5] .Q} {aes_cipher_top_tb.dut.\sa03_reg[6] .Q} {aes_cipher_top_tb.dut.\sa03_reg[7] .Q} {aes_cipher_top_tb.dut.\sa10_reg[0] .Q} {aes_cipher_top_tb.dut.\sa10_reg[1] .Q} {aes_cipher_top_tb.dut.\sa10_reg[2] .Q} {aes_cipher_top_tb.dut.\sa10_reg[3] .Q} {aes_cipher_top_tb.dut.\sa10_reg[4] .Q} {aes_cipher_top_tb.dut.\sa10_reg[5] .Q} {aes_cipher_top_tb.dut.\sa10_reg[6] .Q} {aes_cipher_top_tb.dut.\sa10_reg[7] .Q} {aes_cipher_top_tb.dut.\sa11_reg[0] .Q} {aes_cipher_top_tb.dut.\sa11_reg[1] .Q} {aes_cipher_top_tb.dut.\sa11_reg[2] .Q} {aes_cipher_top_tb.dut.\sa11_reg[3] .Q} {aes_cipher_top_tb.dut.\sa11_reg[4] .Q} {aes_cipher_top_tb.dut.\sa11_reg[5] .Q} {aes_cipher_top_tb.dut.\sa11_reg[6] .Q} {aes_cipher_top_tb.dut.\sa11_reg[7] .Q} {aes_cipher_top_tb.dut.\sa12_reg[0] .Q} {aes_cipher_top_tb.dut.\sa12_reg[1] .Q} {aes_cipher_top_tb.dut.\sa12_reg[2] .Q} {aes_cipher_top_tb.dut.\sa12_reg[3] .Q} {aes_cipher_top_tb.dut.\sa12_reg[4] .Q} {aes_cipher_top_tb.dut.\sa12_reg[5] .Q} {aes_cipher_top_tb.dut.\sa12_reg[6] .Q} {aes_cipher_top_tb.dut.\sa12_reg[7] .Q} {aes_cipher_top_tb.dut.\sa13_reg[0] .Q} {aes_cipher_top_tb.dut.\sa13_reg[1] .Q} {aes_cipher_top_tb.dut.\sa13_reg[2] .Q} {aes_cipher_top_tb.dut.\sa13_reg[3] .Q} {aes_cipher_top_tb.dut.\sa13_reg[4] .Q} {aes_cipher_top_tb.dut.\sa13_reg[5] .Q} {aes_cipher_top_tb.dut.\sa13_reg[6] .Q} {aes_cipher_top_tb.dut.\sa13_reg[7] .Q} {aes_cipher_top_tb.dut.\sa20_reg[0] .Q} {aes_cipher_top_tb.dut.\sa20_reg[1] .Q} {aes_cipher_top_tb.dut.\sa20_reg[2] .Q} {aes_cipher_top_tb.dut.\sa20_reg[3] .Q} {aes_cipher_top_tb.dut.\sa20_reg[4] .Q} {aes_cipher_top_tb.dut.\sa20_reg[5] .Q} {aes_cipher_top_tb.dut.\sa20_reg[6] .Q} {aes_cipher_top_tb.dut.\sa20_reg[7] .Q} {aes_cipher_top_tb.dut.\sa21_reg[0] .Q} {aes_cipher_top_tb.dut.\sa21_reg[1] .Q} {aes_cipher_top_tb.dut.\sa21_reg[2] .Q} {aes_cipher_top_tb.dut.\sa21_reg[3] .Q} {aes_cipher_top_tb.dut.\sa21_reg[4] .Q} {aes_cipher_top_tb.dut.\sa21_reg[5] .Q} {aes_cipher_top_tb.dut.\sa21_reg[6] .Q} {aes_cipher_top_tb.dut.\sa21_reg[7] .Q} {aes_cipher_top_tb.dut.\sa22_reg[0] .Q} {aes_cipher_top_tb.dut.\sa22_reg[1] .Q} {aes_cipher_top_tb.dut.\sa22_reg[2] .Q} {aes_cipher_top_tb.dut.\sa22_reg[3] .Q} {aes_cipher_top_tb.dut.\sa22_reg[4] .Q} {aes_cipher_top_tb.dut.\sa22_reg[5] .Q} {aes_cipher_top_tb.dut.\sa22_reg[6] .Q} {aes_cipher_top_tb.dut.\sa22_reg[7] .Q} {aes_cipher_top_tb.dut.\sa23_reg[0] .Q} {aes_cipher_top_tb.dut.\sa23_reg[1] .Q} {aes_cipher_top_tb.dut.\sa23_reg[2] .Q} {aes_cipher_top_tb.dut.\sa23_reg[3] .Q} {aes_cipher_top_tb.dut.\sa23_reg[4] .Q} {aes_cipher_top_tb.dut.\sa23_reg[5] .Q} {aes_cipher_top_tb.dut.\sa23_reg[6] .Q} {aes_cipher_top_tb.dut.\sa23_reg[7] .Q} {aes_cipher_top_tb.dut.\sa30_reg[0] .Q} {aes_cipher_top_tb.dut.\sa30_reg[1] .Q} {aes_cipher_top_tb.dut.\sa30_reg[2] .Q} {aes_cipher_top_tb.dut.\sa30_reg[3] .Q} {aes_cipher_top_tb.dut.\sa30_reg[4] .Q} {aes_cipher_top_tb.dut.\sa30_reg[5] .Q} {aes_cipher_top_tb.dut.\sa30_reg[6] .Q} {aes_cipher_top_tb.dut.\sa30_reg[7] .Q} {aes_cipher_top_tb.dut.\sa31_reg[0] .Q} {aes_cipher_top_tb.dut.\sa31_reg[1] .Q} {aes_cipher_top_tb.dut.\sa31_reg[2] .Q} {aes_cipher_top_tb.dut.\sa31_reg[3] .Q} {aes_cipher_top_tb.dut.\sa31_reg[4] .Q} {aes_cipher_top_tb.dut.\sa31_reg[5] .Q} {aes_cipher_top_tb.dut.\sa31_reg[6] .Q} {aes_cipher_top_tb.dut.\sa31_reg[7] .Q} {aes_cipher_top_tb.dut.\sa32_reg[0] .Q} {aes_cipher_top_tb.dut.\sa32_reg[1] .Q} {aes_cipher_top_tb.dut.\sa32_reg[2] .Q} {aes_cipher_top_tb.dut.\sa32_reg[3] .Q} {aes_cipher_top_tb.dut.\sa32_reg[4] .Q} {aes_cipher_top_tb.dut.\sa32_reg[5] .Q} {aes_cipher_top_tb.dut.\sa32_reg[6] .Q} {aes_cipher_top_tb.dut.\sa32_reg[7] .Q} {aes_cipher_top_tb.dut.\sa33_reg[0] .Q} {aes_cipher_top_tb.dut.\sa33_reg[1] .Q} {aes_cipher_top_tb.dut.\sa33_reg[2] .Q} {aes_cipher_top_tb.dut.\sa33_reg[3] .Q} {aes_cipher_top_tb.dut.\sa33_reg[4] .Q} {aes_cipher_top_tb.dut.\sa33_reg[5] .Q} {aes_cipher_top_tb.dut.\sa33_reg[6] .Q}}
gui_list_add -id Wave.1 -after [gui_list_get_insertion_bar -id Wave.1] EXP:state_reg -insertionbar
gui_list_select -id Wave.1 -selected  { EXP:state_reg   }
gui_zoom -window Wave.1 -full
gui_zoom -window Wave.1 -full
gui_list_select -id Wave.1 -selected  { {aes_cipher_top_tb.dut.\sa33_reg[6] .Q}   }
gui_list_select -id Data.1 -selected  { {aes_cipher_top_tb.dut.\sa33_reg[7] .n0}   }
gui_list_add -id Wave.1 -from Data.1 { {aes_cipher_top_tb.dut.\sa33_reg[7] .n0} } -insertionbar
gui_list_select -id Wave.1 -selected  { {aes_cipher_top_tb.dut.\sa33_reg[7] .n0}   }
gui_marker_move -id  Wave.1 C1 1028345
gui_marker_move -id  Wave.1 C1 1343483
gui_marker_move -id  Wave.1 C1 4340059
gui_marker_move -id  Wave.1 C1 4848703
gui_marker_move -id  Wave.1 C1 5351818
gui_close_window -window TopLevel.2
