#vsim
#vlog -work work "Add Tech Library files here!"
vlib work
** Warning: (vlib-34) Library already exists at "work".
vlog -work work /home/dtatest/gtl_sim/fame_v2/lib/tech/dare/components/sage-x_tsmc_cl018g_rvt.v 
Model Technology ModelSim SE-64 vlog 6.5 Compiler 2009.01 Jan 22 2009
-- Compiling module BENCX1
-- Compiling module BENCX2
-- Compiling module BENCX4
-- Compiling module BMXX1
-- Compiling module CMPR22X1
-- Compiling module CMPR32X1
-- Compiling module CMPR42X1
-- Compiling module CMPR42X2
-- Compiling module AFHCINX2
-- Compiling module AFHCINX4
-- Compiling module AFHCONX2
-- Compiling module AFHCONX4
-- Compiling module AHHCINX2
-- Compiling module AHHCINX4
-- Compiling module AHHCONX2
-- Compiling module AHHCONX4
-- Compiling module AFCSHCINX2
-- Compiling module AFCSHCINX4
-- Compiling module AFCSHCONX2
-- Compiling module AFCSHCONX4
-- Compiling module XNOR3X2
-- Compiling module XNOR3X4
-- Compiling module XOR3X2
-- Compiling module XOR3X4
-- Compiling module RFRDX1
-- Compiling module RFRDX2
-- Compiling module RFRDX4
-- Compiling module RF2R1WX2
-- Compiling module RF1R1WX2
-- Compiling module ADDFHX1
-- Compiling module ADDFHX2
-- Compiling module ADDFHX4
-- Compiling module ADDFHXL
-- Compiling module ADDFX1
-- Compiling module ADDFX2
-- Compiling module ADDFX4
-- Compiling module ADDFXL
-- Compiling module ADDHX1
-- Compiling module ADDHX2
-- Compiling module ADDHX4
-- Compiling module ADDHXL
-- Compiling module AND2X1
-- Compiling module AND2X2
-- Compiling module AND2X4
-- Compiling module AND2XL
-- Compiling module AND3X1
-- Compiling module AND3X2
-- Compiling module AND3X4
-- Compiling module AND3XL
-- Compiling module AND4X1
-- Compiling module AND4X2
-- Compiling module AND4X4
-- Compiling module AND4XL
-- Compiling module AOI211X1
-- Compiling module AOI211X2
-- Compiling module AOI211X4
-- Compiling module AOI211XL
-- Compiling module AOI21X1
-- Compiling module AOI21X2
-- Compiling module AOI21X4
-- Compiling module AOI21XL
-- Compiling module AOI221X1
-- Compiling module AOI221X2
-- Compiling module AOI221X4
-- Compiling module AOI221XL
-- Compiling module AOI222X1
-- Compiling module AOI222X2
-- Compiling module AOI222X4
-- Compiling module AOI222XL
-- Compiling module AOI22X1
-- Compiling module AOI22X2
-- Compiling module AOI22X4
-- Compiling module AOI22XL
-- Compiling module AOI2BB1X1
-- Compiling module AOI2BB1X2
-- Compiling module AOI2BB1X4
-- Compiling module AOI2BB1XL
-- Compiling module AOI2BB2X1
-- Compiling module AOI2BB2X2
-- Compiling module AOI2BB2X4
-- Compiling module AOI2BB2XL
-- Compiling module AOI31X1
-- Compiling module AOI31X2
-- Compiling module AOI31X4
-- Compiling module AOI31XL
-- Compiling module AOI32X1
-- Compiling module AOI32X2
-- Compiling module AOI32X4
-- Compiling module AOI32XL
-- Compiling module AOI33X1
-- Compiling module AOI33X2
-- Compiling module AOI33X4
-- Compiling module AOI33XL
-- Compiling module BUFX12
-- Compiling module BUFX16
-- Compiling module BUFX1
-- Compiling module BUFX20
-- Compiling module BUFX2
-- Compiling module BUFX3
-- Compiling module BUFX4
-- Compiling module BUFX8
-- Compiling module BUFXL
-- Compiling module CLKBUFX12
-- Compiling module CLKBUFX16
-- Compiling module CLKBUFX1
-- Compiling module CLKBUFX20
-- Compiling module CLKBUFX2
-- Compiling module CLKBUFX3
-- Compiling module CLKBUFX4
-- Compiling module CLKBUFX8
-- Compiling module CLKBUFXL
-- Compiling module CLKINVX12
-- Compiling module CLKINVX16
-- Compiling module CLKINVX1
-- Compiling module CLKINVX20
-- Compiling module CLKINVX2
-- Compiling module CLKINVX3
-- Compiling module CLKINVX4
-- Compiling module CLKINVX8
-- Compiling module CLKINVXL
-- Compiling module DFFX1
-- Compiling module DFFX2
-- Compiling module DFFX4
-- Compiling module DFFXL
-- Compiling module DFFHQX1
-- Compiling module DFFHQX2
-- Compiling module DFFHQX4
-- Compiling module DFFHQXL
-- Compiling module DFFNX1
-- Compiling module DFFNX2
-- Compiling module DFFNX4
-- Compiling module DFFNXL
-- Compiling module DFFNRX1
-- Compiling module DFFNRX2
-- Compiling module DFFNRX4
-- Compiling module DFFNRXL
-- Compiling module DFFNSX1
-- Compiling module DFFNSX2
-- Compiling module DFFNSX4
-- Compiling module DFFNSXL
-- Compiling module DFFNSRX1
-- Compiling module DFFNSRX2
-- Compiling module DFFNSRX4
-- Compiling module DFFNSRXL
-- Compiling module DFFRX1
-- Compiling module DFFRX2
-- Compiling module DFFRX4
-- Compiling module DFFRXL
-- Compiling module DFFRHQX1
-- Compiling module DFFRHQX2
-- Compiling module DFFRHQX4
-- Compiling module DFFRHQXL
-- Compiling module DFFSX1
-- Compiling module DFFSX2
-- Compiling module DFFSX4
-- Compiling module DFFSXL
-- Compiling module DFFSHQX1
-- Compiling module DFFSHQX2
-- Compiling module DFFSHQX4
-- Compiling module DFFSHQXL
-- Compiling module DFFSRX1
-- Compiling module DFFSRX2
-- Compiling module DFFSRX4
-- Compiling module DFFSRXL
-- Compiling module DFFSRHQX1
-- Compiling module DFFSRHQX2
-- Compiling module DFFSRHQX4
-- Compiling module DFFSRHQXL
-- Compiling module DFFTRX1
-- Compiling module DFFTRX2
-- Compiling module DFFTRX4
-- Compiling module DFFTRXL
-- Compiling module DLY1X1
-- Compiling module DLY2X1
-- Compiling module DLY3X1
-- Compiling module DLY4X1
-- Compiling module EDFFX1
-- Compiling module EDFFX2
-- Compiling module EDFFX4
-- Compiling module EDFFXL
-- Compiling module EDFFTRX1
-- Compiling module EDFFTRX2
-- Compiling module EDFFTRX4
-- Compiling module EDFFTRXL
-- Compiling module HOLDX1
-- Compiling module INVX12
-- Compiling module INVX16
-- Compiling module INVX1
-- Compiling module INVX20
-- Compiling module INVX2
-- Compiling module INVX3
-- Compiling module INVX4
-- Compiling module INVX8
-- Compiling module INVXL
-- Compiling module JKFFX1
-- Compiling module JKFFX2
-- Compiling module JKFFX4
-- Compiling module JKFFXL
-- Compiling module JKFFRX1
-- Compiling module JKFFRX2
-- Compiling module JKFFRX4
-- Compiling module JKFFRXL
-- Compiling module JKFFSX1
-- Compiling module JKFFSX2
-- Compiling module JKFFSX4
-- Compiling module JKFFSXL
-- Compiling module JKFFSRX1
-- Compiling module JKFFSRX2
-- Compiling module JKFFSRX4
-- Compiling module JKFFSRXL
-- Compiling module MX2X1
-- Compiling module MX2X2
-- Compiling module MX2X4
-- Compiling module MX2XL
-- Compiling module MX4X1
-- Compiling module MX4X2
-- Compiling module MX4X4
-- Compiling module MX4XL
-- Compiling module MXI2X1
-- Compiling module MXI2X2
-- Compiling module MXI2X4
-- Compiling module MXI2XL
-- Compiling module MXI4X1
-- Compiling module MXI4X2
-- Compiling module MXI4X4
-- Compiling module MXI4XL
-- Compiling module NAND2X1
-- Compiling module NAND2X2
-- Compiling module NAND2X4
-- Compiling module NAND2XL
-- Compiling module NAND2BX1
-- Compiling module NAND2BX2
-- Compiling module NAND2BX4
-- Compiling module NAND2BXL
-- Compiling module NAND3X1
-- Compiling module NAND3X2
-- Compiling module NAND3X4
-- Compiling module NAND3XL
-- Compiling module NAND3BX1
-- Compiling module NAND3BX2
-- Compiling module NAND3BX4
-- Compiling module NAND3BXL
-- Compiling module NAND4X1
-- Compiling module NAND4X2
-- Compiling module NAND4X4
-- Compiling module NAND4XL
-- Compiling module NAND4BX1
-- Compiling module NAND4BX2
-- Compiling module NAND4BX4
-- Compiling module NAND4BXL
-- Compiling module NAND4BBX1
-- Compiling module NAND4BBX2
-- Compiling module NAND4BBX4
-- Compiling module NAND4BBXL
-- Compiling module NOR2X1
-- Compiling module NOR2X2
-- Compiling module NOR2X4
-- Compiling module NOR2XL
-- Compiling module NOR2BX1
-- Compiling module NOR2BX2
-- Compiling module NOR2BX4
-- Compiling module NOR2BXL
-- Compiling module NOR3X1
-- Compiling module NOR3X2
-- Compiling module NOR3X4
-- Compiling module NOR3XL
-- Compiling module NOR3BX1
-- Compiling module NOR3BX2
-- Compiling module NOR3BX4
-- Compiling module NOR3BXL
-- Compiling module NOR4X1
-- Compiling module NOR4X2
-- Compiling module NOR4X4
-- Compiling module NOR4XL
-- Compiling module NOR4BX1
-- Compiling module NOR4BX2
-- Compiling module NOR4BX4
-- Compiling module NOR4BXL
-- Compiling module NOR4BBX1
-- Compiling module NOR4BBX2
-- Compiling module NOR4BBX4
-- Compiling module NOR4BBXL
-- Compiling module OAI211X1
-- Compiling module OAI211X2
-- Compiling module OAI211X4
-- Compiling module OAI211XL
-- Compiling module OAI21X1
-- Compiling module OAI21X2
-- Compiling module OAI21X4
-- Compiling module OAI21XL
-- Compiling module OAI221X1
-- Compiling module OAI221X2
-- Compiling module OAI221X4
-- Compiling module OAI221XL
-- Compiling module OAI222X1
-- Compiling module OAI222X2
-- Compiling module OAI222X4
-- Compiling module OAI222XL
-- Compiling module OAI22X1
-- Compiling module OAI22X2
-- Compiling module OAI22X4
-- Compiling module OAI22XL
-- Compiling module OAI2BB1X1
-- Compiling module OAI2BB1X2
-- Compiling module OAI2BB1X4
-- Compiling module OAI2BB1XL
-- Compiling module OAI2BB2X1
-- Compiling module OAI2BB2X2
-- Compiling module OAI2BB2X4
-- Compiling module OAI2BB2XL
-- Compiling module OAI31X1
-- Compiling module OAI31X2
-- Compiling module OAI31X4
-- Compiling module OAI31XL
-- Compiling module OAI32X1
-- Compiling module OAI32X2
-- Compiling module OAI32X4
-- Compiling module OAI32XL
-- Compiling module OAI33X1
-- Compiling module OAI33X2
-- Compiling module OAI33X4
-- Compiling module OAI33XL
-- Compiling module OR2X1
-- Compiling module OR2X2
-- Compiling module OR2X4
-- Compiling module OR2XL
-- Compiling module OR3X1
-- Compiling module OR3X2
-- Compiling module OR3X4
-- Compiling module OR3XL
-- Compiling module OR4X1
-- Compiling module OR4X2
-- Compiling module OR4X4
-- Compiling module OR4XL
-- Compiling module RSLATX1
-- Compiling module RSLATX2
-- Compiling module RSLATX4
-- Compiling module RSLATXL
-- Compiling module RSLATNX1
-- Compiling module RSLATNX2
-- Compiling module RSLATNX4
-- Compiling module RSLATNXL
-- Compiling module SDFFX1
-- Compiling module SDFFX2
-- Compiling module SDFFX4
-- Compiling module SDFFXL
-- Compiling module SDFFHQX1
-- Compiling module SDFFHQX2
-- Compiling module SDFFHQX4
-- Compiling module SDFFHQXL
-- Compiling module SDFFNX1
-- Compiling module SDFFNX2
-- Compiling module SDFFNX4
-- Compiling module SDFFNXL
-- Compiling module SDFFNRX1
-- Compiling module SDFFNRX2
-- Compiling module SDFFNRX4
-- Compiling module SDFFNRXL
-- Compiling module SDFFNSX1
-- Compiling module SDFFNSX2
-- Compiling module SDFFNSX4
-- Compiling module SDFFNSXL
-- Compiling module SDFFNSRX1
-- Compiling module SDFFNSRX2
-- Compiling module SDFFNSRX4
-- Compiling module SDFFNSRXL
-- Compiling module SDFFRX1
-- Compiling module SDFFRX2
-- Compiling module SDFFRX4
-- Compiling module SDFFRXL
-- Compiling module SDFFRHQX1
-- Compiling module SDFFRHQX2
-- Compiling module SDFFRHQX4
-- Compiling module SDFFRHQXL
-- Compiling module SDFFSX1
-- Compiling module SDFFSX2
-- Compiling module SDFFSX4
-- Compiling module SDFFSXL
-- Compiling module SDFFSHQX1
-- Compiling module SDFFSHQX2
-- Compiling module SDFFSHQX4
-- Compiling module SDFFSHQXL
-- Compiling module SDFFSRX1
-- Compiling module SDFFSRX2
-- Compiling module SDFFSRX4
-- Compiling module SDFFSRXL
-- Compiling module SDFFSRHQX1
-- Compiling module SDFFSRHQX2
-- Compiling module SDFFSRHQX4
-- Compiling module SDFFSRHQXL
-- Compiling module SDFFTRX1
-- Compiling module SDFFTRX2
-- Compiling module SDFFTRX4
-- Compiling module SDFFTRXL
-- Compiling module SEDFFHQX1
-- Compiling module SEDFFHQX2
-- Compiling module SEDFFHQX4
-- Compiling module SEDFFHQXL
-- Compiling module SEDFFX1
-- Compiling module SEDFFX2
-- Compiling module SEDFFX4
-- Compiling module SEDFFXL
-- Compiling module SEDFFTRX1
-- Compiling module SEDFFTRX2
-- Compiling module SEDFFTRX4
-- Compiling module SEDFFTRXL
-- Compiling module TBUFX12
-- Compiling module TBUFX16
-- Compiling module TBUFX1
-- Compiling module TBUFX20
-- Compiling module TBUFX2
-- Compiling module TBUFX3
-- Compiling module TBUFX4
-- Compiling module TBUFX8
-- Compiling module TBUFXL
-- Compiling module TBUFIX12
-- Compiling module TBUFIX16
-- Compiling module TBUFIX1
-- Compiling module TBUFIX20
-- Compiling module TBUFIX2
-- Compiling module TBUFIX3
-- Compiling module TBUFIX4
-- Compiling module TBUFIX8
-- Compiling module TBUFIXL
-- Compiling module TIEHI
-- Compiling module TIELO
-- Compiling module TTLATX1
-- Compiling module TTLATX2
-- Compiling module TTLATX4
-- Compiling module TTLATXL
-- Compiling module TLATX1
-- Compiling module TLATX2
-- Compiling module TLATX4
-- Compiling module TLATXL
-- Compiling module TLATNX1
-- Compiling module TLATNX2
-- Compiling module TLATNX4
-- Compiling module TLATNXL
-- Compiling module TLATNRX1
-- Compiling module TLATNRX2
-- Compiling module TLATNRX4
-- Compiling module TLATNRXL
-- Compiling module TLATNSX1
-- Compiling module TLATNSX2
-- Compiling module TLATNSX4
-- Compiling module TLATNSXL
-- Compiling module TLATNSRX1
-- Compiling module TLATNSRX2
-- Compiling module TLATNSRX4
-- Compiling module TLATNSRXL
-- Compiling module TLATRX1
-- Compiling module TLATRX2
-- Compiling module TLATRX4
-- Compiling module TLATRXL
-- Compiling module TLATSX1
-- Compiling module TLATSX2
-- Compiling module TLATSX4
-- Compiling module TLATSXL
-- Compiling module TLATSRX1
-- Compiling module TLATSRX2
-- Compiling module TLATSRX4
-- Compiling module TLATSRXL
-- Compiling module XNOR2X1
-- Compiling module XNOR2X2
-- Compiling module XNOR2X4
-- Compiling module XNOR2XL
-- Compiling module XOR2X1
-- Compiling module XOR2X2
-- Compiling module XOR2X4
-- Compiling module XOR2XL
-- Compiling module ANTENNA
-- Compiling UDP udp_mux
-- Compiling UDP udp_sedfft
-- Compiling UDP udp_rslat_out_
-- Compiling UDP udp_rslat_out
-- Compiling UDP udp_jkff
-- Compiling UDP udp_bmx
-- Compiling UDP udp_sedff
-- Compiling UDP udp_edfft
-- Compiling UDP udp_rslatn_out_
-- Compiling UDP udp_rslatn_out
-- Compiling UDP udp_mux2
-- Compiling UDP udp_tlatrf
-- Compiling UDP udp_mux4
-- Compiling UDP udp_dff
-- Compiling UDP udp_outrf
-- Compiling UDP udp_tlat
-- Compiling UDP udp_edff

Top level modules:
	BENCX1
	BENCX2
	BENCX4
	BMXX1
	CMPR22X1
	CMPR32X1
	CMPR42X1
	CMPR42X2
	AFHCINX2
	AFHCINX4
	AFHCONX2
	AFHCONX4
	AHHCINX2
	AHHCINX4
	AHHCONX2
	AHHCONX4
	AFCSHCINX2
	AFCSHCINX4
	AFCSHCONX2
	AFCSHCONX4
	XNOR3X2
	XNOR3X4
	XOR3X2
	XOR3X4
	RFRDX1
	RFRDX2
	RFRDX4
	RF2R1WX2
	RF1R1WX2
	ADDFHX1
	ADDFHX2
	ADDFHX4
	ADDFHXL
	ADDFX1
	ADDFX2
	ADDFX4
	ADDFXL
	ADDHX1
	ADDHX2
	ADDHX4
	ADDHXL
	AND2X1
	AND2X2
	AND2X4
	AND2XL
	AND3X1
	AND3X2
	AND3X4
	AND3XL
	AND4X1
	AND4X2
	AND4X4
	AND4XL
	AOI211X1
	AOI211X2
	AOI211X4
	AOI211XL
	AOI21X1
	AOI21X2
	AOI21X4
	AOI21XL
	AOI221X1
	AOI221X2
	AOI221X4
	AOI221XL
	AOI222X1
	AOI222X2
	AOI222X4
	AOI222XL
	AOI22X1
	AOI22X2
	AOI22X4
	AOI22XL
	AOI2BB1X1
	AOI2BB1X2
	AOI2BB1X4
	AOI2BB1XL
	AOI2BB2X1
	AOI2BB2X2
	AOI2BB2X4
	AOI2BB2XL
	AOI31X1
	AOI31X2
	AOI31X4
	AOI31XL
	AOI32X1
	AOI32X2
	AOI32X4
	AOI32XL
	AOI33X1
	AOI33X2
	AOI33X4
	AOI33XL
	BUFX12
	BUFX16
	BUFX1
	BUFX20
	BUFX2
	BUFX3
	BUFX4
	BUFX8
	BUFXL
	CLKBUFX12
	CLKBUFX16
	CLKBUFX1
	CLKBUFX20
	CLKBUFX2
	CLKBUFX3
	CLKBUFX4
	CLKBUFX8
	CLKBUFXL
	CLKINVX12
	CLKINVX16
	CLKINVX1
	CLKINVX20
	CLKINVX2
	CLKINVX3
	CLKINVX4
	CLKINVX8
	CLKINVXL
	DFFX1
	DFFX2
	DFFX4
	DFFXL
	DFFHQX1
	DFFHQX2
	DFFHQX4
	DFFHQXL
	DFFNX1
	DFFNX2
	DFFNX4
	DFFNXL
	DFFNRX1
	DFFNRX2
	DFFNRX4
	DFFNRXL
	DFFNSX1
	DFFNSX2
	DFFNSX4
	DFFNSXL
	DFFNSRX1
	DFFNSRX2
	DFFNSRX4
	DFFNSRXL
	DFFRX1
	DFFRX2
	DFFRX4
	DFFRXL
	DFFRHQX1
	DFFRHQX2
	DFFRHQX4
	DFFRHQXL
	DFFSX1
	DFFSX2
	DFFSX4
	DFFSXL
	DFFSHQX1
	DFFSHQX2
	DFFSHQX4
	DFFSHQXL
	DFFSRX1
	DFFSRX2
	DFFSRX4
	DFFSRXL
	DFFSRHQX1
	DFFSRHQX2
	DFFSRHQX4
	DFFSRHQXL
	DFFTRX1
	DFFTRX2
	DFFTRX4
	DFFTRXL
	DLY1X1
	DLY2X1
	DLY3X1
	DLY4X1
	EDFFX1
	EDFFX2
	EDFFX4
	EDFFXL
	EDFFTRX1
	EDFFTRX2
	EDFFTRX4
	EDFFTRXL
	HOLDX1
	INVX12
	INVX16
	INVX1
	INVX20
	INVX2
	INVX3
	INVX4
	INVX8
	INVXL
	JKFFX1
	JKFFX2
	JKFFX4
	JKFFXL
	JKFFRX1
	JKFFRX2
	JKFFRX4
	JKFFRXL
	JKFFSX1
	JKFFSX2
	JKFFSX4
	JKFFSXL
	JKFFSRX1
	JKFFSRX2
	JKFFSRX4
	JKFFSRXL
	MX2X1
	MX2X2
	MX2X4
	MX2XL
	MX4X1
	MX4X2
	MX4X4
	MX4XL
	MXI2X1
	MXI2X2
	MXI2X4
	MXI2XL
	MXI4X1
	MXI4X2
	MXI4X4
	MXI4XL
	NAND2X1
	NAND2X2
	NAND2X4
	NAND2XL
	NAND2BX1
	NAND2BX2
	NAND2BX4
	NAND2BXL
	NAND3X1
	NAND3X2
	NAND3X4
	NAND3XL
	NAND3BX1
	NAND3BX2
	NAND3BX4
	NAND3BXL
	NAND4X1
	NAND4X2
	NAND4X4
	NAND4XL
	NAND4BX1
	NAND4BX2
	NAND4BX4
	NAND4BXL
	NAND4BBX1
	NAND4BBX2
	NAND4BBX4
	NAND4BBXL
	NOR2X1
	NOR2X2
	NOR2X4
	NOR2XL
	NOR2BX1
	NOR2BX2
	NOR2BX4
	NOR2BXL
	NOR3X1
	NOR3X2
	NOR3X4
	NOR3XL
	NOR3BX1
	NOR3BX2
	NOR3BX4
	NOR3BXL
	NOR4X1
	NOR4X2
	NOR4X4
	NOR4XL
	NOR4BX1
	NOR4BX2
	NOR4BX4
	NOR4BXL
	NOR4BBX1
	NOR4BBX2
	NOR4BBX4
	NOR4BBXL
	OAI211X1
	OAI211X2
	OAI211X4
	OAI211XL
	OAI21X1
	OAI21X2
	OAI21X4
	OAI21XL
	OAI221X1
	OAI221X2
	OAI221X4
	OAI221XL
	OAI222X1
	OAI222X2
	OAI222X4
	OAI222XL
	OAI22X1
	OAI22X2
	OAI22X4
	OAI22XL
	OAI2BB1X1
	OAI2BB1X2
	OAI2BB1X4
	OAI2BB1XL
	OAI2BB2X1
	OAI2BB2X2
	OAI2BB2X4
	OAI2BB2XL
	OAI31X1
	OAI31X2
	OAI31X4
	OAI31XL
	OAI32X1
	OAI32X2
	OAI32X4
	OAI32XL
	OAI33X1
	OAI33X2
	OAI33X4
	OAI33XL
	OR2X1
	OR2X2
	OR2X4
	OR2XL
	OR3X1
	OR3X2
	OR3X4
	OR3XL
	OR4X1
	OR4X2
	OR4X4
	OR4XL
	RSLATX1
	RSLATX2
	RSLATX4
	RSLATXL
	RSLATNX1
	RSLATNX2
	RSLATNX4
	RSLATNXL
	SDFFX1
	SDFFX2
	SDFFX4
	SDFFXL
	SDFFHQX1
	SDFFHQX2
	SDFFHQX4
	SDFFHQXL
	SDFFNX1
	SDFFNX2
	SDFFNX4
	SDFFNXL
	SDFFNRX1
	SDFFNRX2
	SDFFNRX4
	SDFFNRXL
	SDFFNSX1
	SDFFNSX2
	SDFFNSX4
	SDFFNSXL
	SDFFNSRX1
	SDFFNSRX2
	SDFFNSRX4
	SDFFNSRXL
	SDFFRX1
	SDFFRX2
	SDFFRX4
	SDFFRXL
	SDFFRHQX1
	SDFFRHQX2
	SDFFRHQX4
	SDFFRHQXL
	SDFFSX1
	SDFFSX2
	SDFFSX4
	SDFFSXL
	SDFFSHQX1
	SDFFSHQX2
	SDFFSHQX4
	SDFFSHQXL
	SDFFSRX1
	SDFFSRX2
	SDFFSRX4
	SDFFSRXL
	SDFFSRHQX1
	SDFFSRHQX2
	SDFFSRHQX4
	SDFFSRHQXL
	SDFFTRX1
	SDFFTRX2
	SDFFTRX4
	SDFFTRXL
	SEDFFHQX1
	SEDFFHQX2
	SEDFFHQX4
	SEDFFHQXL
	SEDFFX1
	SEDFFX2
	SEDFFX4
	SEDFFXL
	SEDFFTRX1
	SEDFFTRX2
	SEDFFTRX4
	SEDFFTRXL
	TBUFX12
	TBUFX16
	TBUFX1
	TBUFX20
	TBUFX2
	TBUFX3
	TBUFX4
	TBUFX8
	TBUFXL
	TBUFIX12
	TBUFIX16
	TBUFIX1
	TBUFIX20
	TBUFIX2
	TBUFIX3
	TBUFIX4
	TBUFIX8
	TBUFIXL
	TIEHI
	TIELO
	TTLATX1
	TTLATX2
	TTLATX4
	TTLATXL
	TLATX1
	TLATX2
	TLATX4
	TLATXL
	TLATNX1
	TLATNX2
	TLATNX4
	TLATNXL
	TLATNRX1
	TLATNRX2
	TLATNRX4
	TLATNRXL
	TLATNSX1
	TLATNSX2
	TLATNSX4
	TLATNSXL
	TLATNSRX1
	TLATNSRX2
	TLATNSRX4
	TLATNSRXL
	TLATRX1
	TLATRX2
	TLATRX4
	TLATRXL
	TLATSX1
	TLATSX2
	TLATSX4
	TLATSXL
	TLATSRX1
	TLATSRX2
	TLATSRX4
	TLATSRXL
	XNOR2X1
	XNOR2X2
	XNOR2X4
	XNOR2XL
	XOR2X1
	XOR2X2
	XOR2X4
	XOR2XL
	ANTENNA
vlog -work work /home/dtatest/gtl_sim/fame_v2/lib/tech/dare/components/tpz018nv.v  
Model Technology ModelSim SE-64 vlog 6.5 Compiler 2009.01 Jan 22 2009
-- Compiling module PCI33DGZ
-- Compiling module PCI33SDGZ
-- Compiling module PCI66DGZ
-- Compiling module PCI66SDGZ
-- Compiling module PDB02DGZ
-- Compiling module PDB02SDGZ
-- Compiling module PDB04DGZ
-- Compiling module PDB04SDGZ
-- Compiling module PDB08DGZ
-- Compiling module PDB08SDGZ
-- Compiling module PDB12DGZ
-- Compiling module PDB12SDGZ
-- Compiling module PDB16DGZ
-- Compiling module PDB16SDGZ
-- Compiling module PDB24DGZ
-- Compiling module PDB24SDGZ
-- Compiling module PDD02DGZ
-- Compiling module PDD02SDGZ
-- Compiling module PDD04DGZ
-- Compiling module PDD04SDGZ
-- Compiling module PDD08DGZ
-- Compiling module PDD08SDGZ
-- Compiling module PDD12DGZ
-- Compiling module PDD12SDGZ
-- Compiling module PDD16DGZ
-- Compiling module PDD16SDGZ
-- Compiling module PDD24DGZ
-- Compiling module PDD24SDGZ
-- Compiling module PDDDGZ
-- Compiling module PDDSDGZ
-- Compiling module PDDW02DGZ
-- Compiling module PDDW04DGZ
-- Compiling module PDDW08DGZ
-- Compiling module PDDW12DGZ
-- Compiling module PDDW16DGZ
-- Compiling module PDDW24DGZ
-- Compiling module PDDWDGZ
-- Compiling module PDIDGZ
-- Compiling module PDISDGZ
-- Compiling module PDO02CDG
-- Compiling module PDO04CDG
-- Compiling module PDO08CDG
-- Compiling module PDO12CDG
-- Compiling module PDO16CDG
-- Compiling module PDO24CDG
-- Compiling module PDT02DGZ
-- Compiling module PDT04DGZ
-- Compiling module PDT08DGZ
-- Compiling module PDT12DGZ
-- Compiling module PDT16DGZ
-- Compiling module PDT24DGZ
-- Compiling module PDU02DGZ
-- Compiling module PDU02SDGZ
-- Compiling module PDU04DGZ
-- Compiling module PDU04SDGZ
-- Compiling module PDU08DGZ
-- Compiling module PDU08SDGZ
-- Compiling module PDU12DGZ
-- Compiling module PDU12SDGZ
-- Compiling module PDU16DGZ
-- Compiling module PDU16SDGZ
-- Compiling module PDU24DGZ
-- Compiling module PDU24SDGZ
-- Compiling module PDUDGZ
-- Compiling module PDUSDGZ
-- Compiling module PDUW02DGZ
-- Compiling module PDUW04DGZ
-- Compiling module PDUW08DGZ
-- Compiling module PDUW12DGZ
-- Compiling module PDUW16DGZ
-- Compiling module PDUW24DGZ
-- Compiling module PDUWDGZ
-- Compiling module PDXO01DG
-- Compiling module PDXO02DG
-- Compiling module PDXO03DG
-- Compiling module PDXOE1DG
-- Compiling module PDXOE2DG
-- Compiling module PDXOE3DG
-- Compiling module PRB08DGZ
-- Compiling module PRB08SDGZ
-- Compiling module PRB12DGZ
-- Compiling module PRB12SDGZ
-- Compiling module PRB16DGZ
-- Compiling module PRB16SDGZ
-- Compiling module PRB24DGZ
-- Compiling module PRB24SDGZ
-- Compiling module PRCUT
-- Compiling module PRD08DGZ
-- Compiling module PRD08SDGZ
-- Compiling module PRD12DGZ
-- Compiling module PRD12SDGZ
-- Compiling module PRD16DGZ
-- Compiling module PRD16SDGZ
-- Compiling module PRD24DGZ
-- Compiling module PRD24SDGZ
-- Compiling module PRDW08DGZ
-- Compiling module PRDW12DGZ
-- Compiling module PRDW16DGZ
-- Compiling module PRDW24DGZ
-- Compiling module PRO08CDG
-- Compiling module PRO12CDG
-- Compiling module PRO16CDG
-- Compiling module PRO24CDG
-- Compiling module PRT08DGZ
-- Compiling module PRT12DGZ
-- Compiling module PRT16DGZ
-- Compiling module PRT24DGZ
-- Compiling module PRU08DGZ
-- Compiling module PRU08SDGZ
-- Compiling module PRU12DGZ
-- Compiling module PRU12SDGZ
-- Compiling module PRU16DGZ
-- Compiling module PRU16SDGZ
-- Compiling module PRU24DGZ
-- Compiling module PRU24SDGZ
-- Compiling module PRUW08DGZ
-- Compiling module PRUW12DGZ
-- Compiling module PRUW16DGZ
-- Compiling module PRUW24DGZ
-- Compiling module PVDD1ANA
-- Compiling module PVDD1DGZ
-- Compiling module PVDD2ANA
-- Compiling module PVDD2DGZ
-- Compiling module PVDD2POC
-- Compiling module PVSS1ANA
-- Compiling module PVSS1DGZ
-- Compiling module PVSS2ANA
-- Compiling module PVSS2DGZ
-- Compiling module PVSS3DGZ

Top level modules:
	PCI33DGZ
	PCI33SDGZ
	PCI66DGZ
	PCI66SDGZ
	PDB02DGZ
	PDB02SDGZ
	PDB04DGZ
	PDB04SDGZ
	PDB08DGZ
	PDB08SDGZ
	PDB12DGZ
	PDB12SDGZ
	PDB16DGZ
	PDB16SDGZ
	PDB24DGZ
	PDB24SDGZ
	PDD02DGZ
	PDD02SDGZ
	PDD04DGZ
	PDD04SDGZ
	PDD08DGZ
	PDD08SDGZ
	PDD12DGZ
	PDD12SDGZ
	PDD16DGZ
	PDD16SDGZ
	PDD24DGZ
	PDD24SDGZ
	PDDDGZ
	PDDSDGZ
	PDDW02DGZ
	PDDW04DGZ
	PDDW08DGZ
	PDDW12DGZ
	PDDW16DGZ
	PDDW24DGZ
	PDDWDGZ
	PDIDGZ
	PDISDGZ
	PDO02CDG
	PDO04CDG
	PDO08CDG
	PDO12CDG
	PDO16CDG
	PDO24CDG
	PDT02DGZ
	PDT04DGZ
	PDT08DGZ
	PDT12DGZ
	PDT16DGZ
	PDT24DGZ
	PDU02DGZ
	PDU02SDGZ
	PDU04DGZ
	PDU04SDGZ
	PDU08DGZ
	PDU08SDGZ
	PDU12DGZ
	PDU12SDGZ
	PDU16DGZ
	PDU16SDGZ
	PDU24DGZ
	PDU24SDGZ
	PDUDGZ
	PDUSDGZ
	PDUW02DGZ
	PDUW04DGZ
	PDUW08DGZ
	PDUW12DGZ
	PDUW16DGZ
	PDUW24DGZ
	PDUWDGZ
	PDXO01DG
	PDXO02DG
	PDXO03DG
	PDXOE1DG
	PDXOE2DG
	PDXOE3DG
	PRB08DGZ
	PRB08SDGZ
	PRB12DGZ
	PRB12SDGZ
	PRB16DGZ
	PRB16SDGZ
	PRB24DGZ
	PRB24SDGZ
	PRCUT
	PRD08DGZ
	PRD08SDGZ
	PRD12DGZ
	PRD12SDGZ
	PRD16DGZ
	PRD16SDGZ
	PRD24DGZ
	PRD24SDGZ
	PRDW08DGZ
	PRDW12DGZ
	PRDW16DGZ
	PRDW24DGZ
	PRO08CDG
	PRO12CDG
	PRO16CDG
	PRO24CDG
	PRT08DGZ
	PRT12DGZ
	PRT16DGZ
	PRT24DGZ
	PRU08DGZ
	PRU08SDGZ
	PRU12DGZ
	PRU12SDGZ
	PRU16DGZ
	PRU16SDGZ
	PRU24DGZ
	PRU24SDGZ
	PRUW08DGZ
	PRUW12DGZ
	PRUW16DGZ
	PRUW24DGZ
	PVDD1ANA
	PVDD1DGZ
	PVDD2ANA
	PVDD2DGZ
	PVDD2POC
	PVSS1ANA
	PVSS1DGZ
	PVSS2ANA
	PVSS2DGZ
	PVSS3DGZ
#vlog -work work /home/bilgiday/sram_new/verilog/sram2p8x32.v
#vlog -work work /home/bilgiday/sram_new/verilog/sram6x26.v  
#vlog -work work /home/bilgiday/sram_new/verilog/sram6x32.v  
#vlog -work work /home/bilgiday/sram_new/verilog/sram8x25.v  
#vlog -work work /home/bilgiday/sram_new/verilog/sram7x25.v  
#vlog -work work /home/bilgiday/sram_new/verilog/sram8x32.v  
#vlog -work work /home/bilgiday/sram_new/verilog/sram9x32.v  
#vlog -work work /home/bilgiday/sram_new/verilog/sram12x8.v  
#vlog -work work /home/bilgiday/sram_new/verilog/sram13x8.v  
#vlog -work work /home/dtatest/DTA-aes/workdir/aes_netlist.v
vlog -work work aes_cipher_top_tb.v
Model Technology ModelSim SE-64 vlog 6.5 Compiler 2009.01 Jan 22 2009
-- Compiling module clkgen
-- Compiling module aes_cipher_top_tb

Top level modules:
	aes_cipher_top_tb
vlog -work work /home/dtatest/DTA-aes/workdir/aes_netlist_wddl.v
Model Technology ModelSim SE-64 vlog 6.5 Compiler 2009.01 Jan 22 2009
-- Compiling module aes_rcon
-- Compiling module aes_sbox_0
-- Compiling module aes_sbox_1
-- Compiling module aes_sbox_2
-- Compiling module aes_sbox_3
-- Compiling module aes_key_expand_128
-- Compiling module aes_sbox_19
-- Compiling module aes_sbox_4
-- Compiling module aes_sbox_5
-- Compiling module aes_sbox_6
-- Compiling module aes_sbox_7
-- Compiling module WDDLNAND2X
-- Compiling module WDDLNOR2X
-- Compiling module WDDLINV
-- Compiling module WDDLDFFHQX2
-- Compiling module aes_sbox_8
-- Compiling module aes_sbox_9
-- Compiling module aes_sbox_10
-- Compiling module aes_sbox_11
-- Compiling module aes_sbox_12
-- Compiling module aes_sbox_13
-- Compiling module aes_sbox_14
-- Compiling module aes_sbox_15
-- Compiling module aes_sbox_16
-- Compiling module aes_sbox_17
-- Compiling module aes_sbox_18
-- Compiling module wddl_precharge_key
-- Compiling module wddl_precharge_pt
-- Compiling module aes_cipher_top

Top level modules:
	wddl_precharge_key
	wddl_precharge_pt
	aes_cipher_top
#make -C "../../software/test_soft/fault_tests/dtatest" prog.mem
#dc_shell -f wddl_sdfupdate.tcl
vsim -L work -novopt -c work.aes_cipher_top_tb -do gtl_aes_commandline.do +notimingchecks -sdfmax /aes_cipher_top_tb/dut=/home/dtatest/DTA-aes/workdir/wddl_aes.sdf
Reading /software/Mentor_Graphics/modelsim/modeltech/tcl/vsim/pref.tcl 

# 6.5

# vsim +notimingchecks -L work -do gtl_aes_commandline.do -c -sdfmax /aes_cipher_top_tb/dut=/home/dtatest/DTA-aes/workdir/wddl_aes.sdf -novopt work.aes_cipher_top_tb 
# //  ModelSim SE-64 6.5 Jan 22 2009 Linux 4.2.0-42-generic
# //
# //  Copyright 1991-2009 Mentor Graphics Corporation
# //              All Rights Reserved.
# //
# //  THIS WORK CONTAINS TRADE SECRET AND 
# //  PROPRIETARY INFORMATION WHICH IS THE PROPERTY
# //  OF MENTOR GRAPHICS CORPORATION OR ITS LICENSORS
# //  AND IS SUBJECT TO LICENSE TERMS.
# //
# Refreshing /home/dtatest/DTA-aes/work.aes_cipher_top_tb
# Loading work.aes_cipher_top_tb
# Refreshing /home/dtatest/DTA-aes/work.aes_cipher_top
# Loading work.aes_cipher_top
# ** Warning: (vsim-3009) [TSCALE] - Module 'aes_cipher_top' does not have a `timescale directive in effect, but previous modules do.
#         Region: /aes_cipher_top_tb/dut
# Refreshing /home/dtatest/DTA-aes/work.aes_key_expand_128
# Loading work.aes_key_expand_128
# ** Warning: (vsim-3009) [TSCALE] - Module 'aes_key_expand_128' does not have a `timescale directive in effect, but previous modules do.
#         Region: /aes_cipher_top_tb/dut/u0
# Refreshing /home/dtatest/DTA-aes/work.aes_sbox_3
# Loading work.aes_sbox_3
# ** Warning: (vsim-3009) [TSCALE] - Module 'aes_sbox_3' does not have a `timescale directive in effect, but previous modules do.
#         Region: /aes_cipher_top_tb/dut/u0/u0
# Refreshing /home/dtatest/DTA-aes/work.INVX1
# Loading work.INVX1
# Refreshing /home/dtatest/DTA-aes/work.OAI22X1
# Loading work.OAI22X1
# Refreshing /home/dtatest/DTA-aes/work.AOI222X1
# Loading work.AOI222X1
# Refreshing /home/dtatest/DTA-aes/work.NAND3X1
# Loading work.NAND3X1
# Refreshing /home/dtatest/DTA-aes/work.AOI211X1
# Loading work.AOI211X1
# Refreshing /home/dtatest/DTA-aes/work.NOR2X1
# Loading work.NOR2X1
# Refreshing /home/dtatest/DTA-aes/work.OAI21XL
# Loading work.OAI21XL
# Refreshing /home/dtatest/DTA-aes/work.NOR2BX1
# Loading work.NOR2BX1
# Refreshing /home/dtatest/DTA-aes/work.AOI211XL
# Loading work.AOI211XL
# Refreshing /home/dtatest/DTA-aes/work.AOI31XL
# Loading work.AOI31XL
# Refreshing /home/dtatest/DTA-aes/work.NAND2XL
# Loading work.NAND2XL
# Refreshing /home/dtatest/DTA-aes/work.NOR2XL
# Loading work.NOR2XL
# Refreshing /home/dtatest/DTA-aes/work.CLKINVX3
# Loading work.CLKINVX3
# Refreshing /home/dtatest/DTA-aes/work.AOI21XL
# Loading work.AOI21XL
# Refreshing /home/dtatest/DTA-aes/work.AOI2BB2XL
# Loading work.AOI2BB2XL
# Refreshing /home/dtatest/DTA-aes/work.INVXL
# Loading work.INVXL
# Refreshing /home/dtatest/DTA-aes/work.AOI32XL
# Loading work.AOI32XL
# Refreshing /home/dtatest/DTA-aes/work.NAND2X1
# Loading work.NAND2X1
# Refreshing /home/dtatest/DTA-aes/work.OAI211XL
# Loading work.OAI211XL
# Refreshing /home/dtatest/DTA-aes/work.OR4X2
# Loading work.OR4X2
# Refreshing /home/dtatest/DTA-aes/work.OAI22XL
# Loading work.OAI22XL
# Refreshing /home/dtatest/DTA-aes/work.AOI22XL
# Loading work.AOI22XL
# Refreshing /home/dtatest/DTA-aes/work.AOI21X1
# Loading work.AOI21X1
# Refreshing /home/dtatest/DTA-aes/work.AOI221XL
# Loading work.AOI221XL
# Refreshing /home/dtatest/DTA-aes/work.NOR3XL
# Loading work.NOR3XL
# Refreshing /home/dtatest/DTA-aes/work.NAND3XL
# Loading work.NAND3XL
# Refreshing /home/dtatest/DTA-aes/work.OAI2BB1XL
# Loading work.OAI2BB1XL
# Refreshing /home/dtatest/DTA-aes/work.AND2X2
# Loading work.AND2X2
# Refreshing /home/dtatest/DTA-aes/work.OR2X2
# Loading work.OR2X2
# Refreshing /home/dtatest/DTA-aes/work.INVX2
# Loading work.INVX2
# Refreshing /home/dtatest/DTA-aes/work.NAND2X2
# Loading work.NAND2X2
# Refreshing /home/dtatest/DTA-aes/work.NOR2X2
# Loading work.NOR2X2
# Refreshing /home/dtatest/DTA-aes/work.NOR2X4
# Loading work.NOR2X4
# Refreshing /home/dtatest/DTA-aes/work.BUFX3
# Loading work.BUFX3
# Refreshing /home/dtatest/DTA-aes/work.NAND4X1
# Loading work.NAND4X1
# Refreshing /home/dtatest/DTA-aes/work.NAND4BXL
# Loading work.NAND4BXL
# Refreshing /home/dtatest/DTA-aes/work.aes_sbox_2
# Loading work.aes_sbox_2
# ** Warning: (vsim-3009) [TSCALE] - Module 'aes_sbox_2' does not have a `timescale directive in effect, but previous modules do.
#         Region: /aes_cipher_top_tb/dut/u0/u1
# Refreshing /home/dtatest/DTA-aes/work.aes_sbox_1
# Loading work.aes_sbox_1
# ** Warning: (vsim-3009) [TSCALE] - Module 'aes_sbox_1' does not have a `timescale directive in effect, but previous modules do.
#         Region: /aes_cipher_top_tb/dut/u0/u2
# Refreshing /home/dtatest/DTA-aes/work.aes_sbox_0
# Loading work.aes_sbox_0
# ** Warning: (vsim-3009) [TSCALE] - Module 'aes_sbox_0' does not have a `timescale directive in effect, but previous modules do.
#         Region: /aes_cipher_top_tb/dut/u0/u3
# Refreshing /home/dtatest/DTA-aes/work.aes_rcon
# Loading work.aes_rcon
# ** Warning: (vsim-3009) [TSCALE] - Module 'aes_rcon' does not have a `timescale directive in effect, but previous modules do.
#         Region: /aes_cipher_top_tb/dut/u0/r0
# Refreshing /home/dtatest/DTA-aes/work.DFFX1
# Loading work.DFFX1
# Refreshing /home/dtatest/DTA-aes/work.DFFTRX1
# Loading work.DFFTRX1
# Refreshing /home/dtatest/DTA-aes/work.DFFHQX1
# Loading work.DFFHQX1
# Refreshing /home/dtatest/DTA-aes/work.DFFTRXL
# Loading work.DFFTRXL
# Refreshing /home/dtatest/DTA-aes/work.NAND4XL
# Loading work.NAND4XL
# Refreshing /home/dtatest/DTA-aes/work.OAI21X1
# Loading work.OAI21X1
# Refreshing /home/dtatest/DTA-aes/work.XOR2X1
# Loading work.XOR2X1
# Refreshing /home/dtatest/DTA-aes/work.DFFX2
# Loading work.DFFX2
# Refreshing /home/dtatest/DTA-aes/work.OAI211X1
# Loading work.OAI211X1
# Refreshing /home/dtatest/DTA-aes/work.OAI2BB1X1
# Loading work.OAI2BB1X1
# Refreshing /home/dtatest/DTA-aes/work.AOI22X1
# Loading work.AOI22X1
# Refreshing /home/dtatest/DTA-aes/work.aes_sbox_19
# Loading work.aes_sbox_19
# ** Warning: (vsim-3009) [TSCALE] - Module 'aes_sbox_19' does not have a `timescale directive in effect, but previous modules do.
#         Region: /aes_cipher_top_tb/dut/us00
# Refreshing /home/dtatest/DTA-aes/work.AOI31X4
# Loading work.AOI31X4
# Refreshing /home/dtatest/DTA-aes/work.aes_sbox_18
# Loading work.aes_sbox_18
# ** Warning: (vsim-3009) [TSCALE] - Module 'aes_sbox_18' does not have a `timescale directive in effect, but previous modules do.
#         Region: /aes_cipher_top_tb/dut/us01
# Refreshing /home/dtatest/DTA-aes/work.aes_sbox_17
# Loading work.aes_sbox_17
# ** Warning: (vsim-3009) [TSCALE] - Module 'aes_sbox_17' does not have a `timescale directive in effect, but previous modules do.
#         Region: /aes_cipher_top_tb/dut/us02
# Refreshing /home/dtatest/DTA-aes/work.aes_sbox_16
# Loading work.aes_sbox_16
# ** Warning: (vsim-3009) [TSCALE] - Module 'aes_sbox_16' does not have a `timescale directive in effect, but previous modules do.
#         Region: /aes_cipher_top_tb/dut/us03
# Refreshing /home/dtatest/DTA-aes/work.aes_sbox_15
# Loading work.aes_sbox_15
# ** Warning: (vsim-3009) [TSCALE] - Module 'aes_sbox_15' does not have a `timescale directive in effect, but previous modules do.
#         Region: /aes_cipher_top_tb/dut/us10
# Refreshing /home/dtatest/DTA-aes/work.aes_sbox_14
# Loading work.aes_sbox_14
# ** Warning: (vsim-3009) [TSCALE] - Module 'aes_sbox_14' does not have a `timescale directive in effect, but previous modules do.
#         Region: /aes_cipher_top_tb/dut/us11
# Refreshing /home/dtatest/DTA-aes/work.aes_sbox_13
# Loading work.aes_sbox_13
# ** Warning: (vsim-3009) [TSCALE] - Module 'aes_sbox_13' does not have a `timescale directive in effect, but previous modules do.
#         Region: /aes_cipher_top_tb/dut/us12
# Refreshing /home/dtatest/DTA-aes/work.aes_sbox_12
# Loading work.aes_sbox_12
# ** Warning: (vsim-3009) [TSCALE] - Module 'aes_sbox_12' does not have a `timescale directive in effect, but previous modules do.
#         Region: /aes_cipher_top_tb/dut/us13
# Refreshing /home/dtatest/DTA-aes/work.aes_sbox_11
# Loading work.aes_sbox_11
# ** Warning: (vsim-3009) [TSCALE] - Module 'aes_sbox_11' does not have a `timescale directive in effect, but previous modules do.
#         Region: /aes_cipher_top_tb/dut/us20
# Refreshing /home/dtatest/DTA-aes/work.aes_sbox_10
# Loading work.aes_sbox_10
# ** Warning: (vsim-3009) [TSCALE] - Module 'aes_sbox_10' does not have a `timescale directive in effect, but previous modules do.
#         Region: /aes_cipher_top_tb/dut/us21
# Refreshing /home/dtatest/DTA-aes/work.aes_sbox_9
# Loading work.aes_sbox_9
# ** Warning: (vsim-3009) [TSCALE] - Module 'aes_sbox_9' does not have a `timescale directive in effect, but previous modules do.
#         Region: /aes_cipher_top_tb/dut/us22
# Refreshing /home/dtatest/DTA-aes/work.aes_sbox_8
# Loading work.aes_sbox_8
# ** Warning: (vsim-3009) [TSCALE] - Module 'aes_sbox_8' does not have a `timescale directive in effect, but previous modules do.
#         Region: /aes_cipher_top_tb/dut/us23
# Refreshing /home/dtatest/DTA-aes/work.WDDLINV
# Loading work.WDDLINV
# ** Warning: (vsim-3009) [TSCALE] - Module 'WDDLINV' does not have a `timescale directive in effect, but previous modules do.
#         Region: /aes_cipher_top_tb/dut/us23/U6
# Refreshing /home/dtatest/DTA-aes/work.AND2X1
# Loading work.AND2X1
# Refreshing /home/dtatest/DTA-aes/work.BUFX1
# Loading work.BUFX1
# Refreshing /home/dtatest/DTA-aes/work.OR2X1
# Loading work.OR2X1
# Refreshing /home/dtatest/DTA-aes/work.WDDLNOR2X
# Loading work.WDDLNOR2X
# ** Warning: (vsim-3009) [TSCALE] - Module 'WDDLNOR2X' does not have a `timescale directive in effect, but previous modules do.
#         Region: /aes_cipher_top_tb/dut/us23/U16
# Refreshing /home/dtatest/DTA-aes/work.WDDLNAND2X
# Loading work.WDDLNAND2X
# ** Warning: (vsim-3009) [TSCALE] - Module 'WDDLNAND2X' does not have a `timescale directive in effect, but previous modules do.
#         Region: /aes_cipher_top_tb/dut/us23/U17
# Refreshing /home/dtatest/DTA-aes/work.aes_sbox_7
# Loading work.aes_sbox_7
# ** Warning: (vsim-3009) [TSCALE] - Module 'aes_sbox_7' does not have a `timescale directive in effect, but previous modules do.
#         Region: /aes_cipher_top_tb/dut/us30
# Refreshing /home/dtatest/DTA-aes/work.aes_sbox_6
# Loading work.aes_sbox_6
# ** Warning: (vsim-3009) [TSCALE] - Module 'aes_sbox_6' does not have a `timescale directive in effect, but previous modules do.
#         Region: /aes_cipher_top_tb/dut/us31
# Refreshing /home/dtatest/DTA-aes/work.aes_sbox_5
# Loading work.aes_sbox_5
# ** Warning: (vsim-3009) [TSCALE] - Module 'aes_sbox_5' does not have a `timescale directive in effect, but previous modules do.
#         Region: /aes_cipher_top_tb/dut/us32
# Refreshing /home/dtatest/DTA-aes/work.aes_sbox_4
# Loading work.aes_sbox_4
# ** Warning: (vsim-3009) [TSCALE] - Module 'aes_sbox_4' does not have a `timescale directive in effect, but previous modules do.
#         Region: /aes_cipher_top_tb/dut/us33
# Refreshing /home/dtatest/DTA-aes/work.EDFFX1
# Loading work.EDFFX1
# Refreshing /home/dtatest/DTA-aes/work.XOR2XL
# Loading work.XOR2XL
# Refreshing /home/dtatest/DTA-aes/work.DFFX4
# Loading work.DFFX4
# Refreshing /home/dtatest/DTA-aes/work.DFFHQX2
# Loading work.DFFHQX2
# Refreshing /home/dtatest/DTA-aes/work.WDDLDFFHQX2
# Loading work.WDDLDFFHQX2
# ** Warning: (vsim-3009) [TSCALE] - Module 'WDDLDFFHQX2' does not have a `timescale directive in effect, but previous modules do.
#         Region: /aes_cipher_top_tb/dut/sa23_reg_1_
# Refreshing /home/dtatest/DTA-aes/work.CLKINVX1
# Loading work.CLKINVX1
# Refreshing /home/dtatest/DTA-aes/work.AOI2BB2X1
# Loading work.AOI2BB2X1
# Refreshing /home/dtatest/DTA-aes/work.XNOR2X1
# Loading work.XNOR2X1
# Refreshing /home/dtatest/DTA-aes/work.NOR2BXL
# Loading work.NOR2BXL
# Refreshing /home/dtatest/DTA-aes/work.clkgen
# Loading work.clkgen
# Loading instances from /home/dtatest/DTA-aes/workdir/wddl_aes.sdf
# Refreshing /home/dtatest/DTA-aes/work.udp_dff
# Loading work.udp_dff
# ** Warning: (vsim-3017) /home/dtatest/DTA-aes/workdir/aes_netlist_wddl.v(9): [TFMPC] - Too few port connections. Expected 5, found 4.
#         Region: /aes_cipher_top_tb/dut/u0/r0/\rcnt_reg[2] 
# ** Warning: (vsim-3722) /home/dtatest/DTA-aes/workdir/aes_netlist_wddl.v(9): [TFMPC] - Missing connection for port 'QN'.
# Refreshing /home/dtatest/DTA-aes/work.udp_edfft
# Loading work.udp_edfft
# ** Warning: (vsim-3017) /home/dtatest/DTA-aes/workdir/aes_netlist_wddl.v(10): [TFMPC] - Too few port connections. Expected 5, found 4.
#         Region: /aes_cipher_top_tb/dut/u0/r0/\rcnt_reg[3] 
# ** Warning: (vsim-3722) /home/dtatest/DTA-aes/workdir/aes_netlist_wddl.v(10): [TFMPC] - Missing connection for port 'QN'.
# ** Warning: (vsim-3017) /home/dtatest/DTA-aes/workdir/aes_netlist_wddl.v(11): [TFMPC] - Too few port connections. Expected 5, found 4.
#         Region: /aes_cipher_top_tb/dut/u0/r0/\out_reg[30] 
# ** Warning: (vsim-3722) /home/dtatest/DTA-aes/workdir/aes_netlist_wddl.v(11): [TFMPC] - Missing connection for port 'QN'.
# ** Warning: (vsim-3017) /home/dtatest/DTA-aes/workdir/aes_netlist_wddl.v(18): [TFMPC] - Too few port connections. Expected 5, found 4.
#         Region: /aes_cipher_top_tb/dut/u0/r0/\rcnt_reg[1] 
# ** Warning: (vsim-3722) /home/dtatest/DTA-aes/workdir/aes_netlist_wddl.v(18): [TFMPC] - Missing connection for port 'QN'.
# ** Warning: (vsim-3017) /home/dtatest/DTA-aes/workdir/aes_netlist_wddl.v(19): [TFMPC] - Too few port connections. Expected 5, found 4.
#         Region: /aes_cipher_top_tb/dut/u0/r0/\out_reg[24] 
# ** Warning: (vsim-3722) /home/dtatest/DTA-aes/workdir/aes_netlist_wddl.v(19): [TFMPC] - Missing connection for port 'Q'.
# ** Warning: (vsim-3017) /home/dtatest/DTA-aes/workdir/aes_netlist_wddl.v(2012): [TFMPC] - Too few port connections. Expected 4, found 3.
#         Region: /aes_cipher_top_tb/dut/u0/\w_reg[3][17] 
# ** Warning: (vsim-3722) /home/dtatest/DTA-aes/workdir/aes_netlist_wddl.v(2012): [TFMPC] - Missing connection for port 'Q'.
# ** Warning: (vsim-3017) /home/dtatest/DTA-aes/workdir/aes_netlist_wddl.v(2013): [TFMPC] - Too few port connections. Expected 4, found 3.
#         Region: /aes_cipher_top_tb/dut/u0/\w_reg[3][1] 
# ** Warning: (vsim-3722) /home/dtatest/DTA-aes/workdir/aes_netlist_wddl.v(2013): [TFMPC] - Missing connection for port 'Q'.
# ** Warning: (vsim-3017) /home/dtatest/DTA-aes/workdir/aes_netlist_wddl.v(2014): [TFMPC] - Too few port connections. Expected 4, found 3.
#         Region: /aes_cipher_top_tb/dut/u0/\w_reg[3][9] 
# ** Warning: (vsim-3722) /home/dtatest/DTA-aes/workdir/aes_netlist_wddl.v(2014): [TFMPC] - Missing connection for port 'Q'.
# ** Warning: (vsim-3017) /home/dtatest/DTA-aes/workdir/aes_netlist_wddl.v(2015): [TFMPC] - Too few port connections. Expected 4, found 3.
#         Region: /aes_cipher_top_tb/dut/u0/\w_reg[3][23] 
# ** Warning: (vsim-3722) /home/dtatest/DTA-aes/workdir/aes_netlist_wddl.v(2015): [TFMPC] - Missing connection for port 'Q'.
# ** Warning: (vsim-3017) /home/dtatest/DTA-aes/workdir/aes_netlist_wddl.v(2016): [TFMPC] - Too few port connections. Expected 4, found 3.
#         Region: /aes_cipher_top_tb/dut/u0/\w_reg[3][7] 
# ** Warning: (vsim-3722) /home/dtatest/DTA-aes/workdir/aes_netlist_wddl.v(2016): [TFMPC] - Missing connection for port 'Q'.
# ** Warning: (vsim-3017) /home/dtatest/DTA-aes/workdir/aes_netlist_wddl.v(2017): [TFMPC] - Too few port connections. Expected 4, found 3.
#         Region: /aes_cipher_top_tb/dut/u0/\w_reg[3][15] 
# ** Warning: (vsim-3722) /home/dtatest/DTA-aes/workdir/aes_netlist_wddl.v(2017): [TFMPC] - Missing connection for port 'Q'.
# ** Warning: (vsim-3017) /home/dtatest/DTA-aes/workdir/aes_netlist_wddl.v(2018): [TFMPC] - Too few port connections. Expected 4, found 3.
#         Region: /aes_cipher_top_tb/dut/u0/\w_reg[3][31] 
# ** Warning: (vsim-3722) /home/dtatest/DTA-aes/workdir/aes_netlist_wddl.v(2018): [TFMPC] - Missing connection for port 'Q'.
# ** Warning: (vsim-3017) /home/dtatest/DTA-aes/workdir/aes_netlist_wddl.v(2019): [TFMPC] - Too few port connections. Expected 4, found 3.
#         Region: /aes_cipher_top_tb/dut/u0/\w_reg[3][25] 
# ** Warning: (vsim-3722) /home/dtatest/DTA-aes/workdir/aes_netlist_wddl.v(2019): [TFMPC] - Missing connection for port 'Q'.
# ** Warning: (vsim-3017) /home/dtatest/DTA-aes/workdir/aes_netlist_wddl.v(9582): [TFMPC] - Too few port connections. Expected 5, found 4.
#         Region: /aes_cipher_top_tb/dut/dcnt_reg_0_
# ** Warning: (vsim-3722) /home/dtatest/DTA-aes/workdir/aes_netlist_wddl.v(9582): [TFMPC] - Missing connection for port 'QN'.
# ** Warning: (vsim-3017) /home/dtatest/DTA-aes/workdir/aes_netlist_wddl.v(9713): [TFMPC] - Too few port connections. Expected 5, found 4.
#         Region: /aes_cipher_top_tb/dut/text_in_r_reg_127_
# ** Warning: (vsim-3722) /home/dtatest/DTA-aes/workdir/aes_netlist_wddl.v(9713): [TFMPC] - Missing connection for port 'QN'.
# Refreshing /home/dtatest/DTA-aes/work.udp_edff
# Loading work.udp_edff
# ** Warning: (vsim-3017) /home/dtatest/DTA-aes/workdir/aes_netlist_wddl.v(9715): [TFMPC] - Too few port connections. Expected 5, found 4.
#         Region: /aes_cipher_top_tb/dut/text_in_r_reg_126_
# ** Warning: (vsim-3722) /home/dtatest/DTA-aes/workdir/aes_netlist_wddl.v(9715): [TFMPC] - Missing connection for port 'QN'.
# ** Warning: (vsim-3017) /home/dtatest/DTA-aes/workdir/aes_netlist_wddl.v(9717): [TFMPC] - Too few port connections. Expected 5, found 4.
#         Region: /aes_cipher_top_tb/dut/text_in_r_reg_125_
# ** Warning: (vsim-3722) /home/dtatest/DTA-aes/workdir/aes_netlist_wddl.v(9717): [TFMPC] - Missing connection for port 'QN'.
# ** Warning: (vsim-3017) /home/dtatest/DTA-aes/workdir/aes_netlist_wddl.v(9719): [TFMPC] - Too few port connections. Expected 5, found 4.
#         Region: /aes_cipher_top_tb/dut/text_in_r_reg_124_
# ** Warning: (vsim-3722) /home/dtatest/DTA-aes/workdir/aes_netlist_wddl.v(9719): [TFMPC] - Missing connection for port 'QN'.
# ** Warning: (vsim-3017) /home/dtatest/DTA-aes/workdir/aes_netlist_wddl.v(9721): [TFMPC] - Too few port connections. Expected 5, found 4.
#         Region: /aes_cipher_top_tb/dut/text_in_r_reg_123_
# ** Warning: (vsim-3722) /home/dtatest/DTA-aes/workdir/aes_netlist_wddl.v(9721): [TFMPC] - Missing connection for port 'QN'.
# ** Warning: (vsim-3017) /home/dtatest/DTA-aes/workdir/aes_netlist_wddl.v(9723): [TFMPC] - Too few port connections. Expected 5, found 4.
#         Region: /aes_cipher_top_tb/dut/text_in_r_reg_122_
# ** Warning: (vsim-3722) /home/dtatest/DTA-aes/workdir/aes_netlist_wddl.v(9723): [TFMPC] - Missing connection for port 'QN'.
# ** Warning: (vsim-3017) /home/dtatest/DTA-aes/workdir/aes_netlist_wddl.v(9725): [TFMPC] - Too few port connections. Expected 5, found 4.
#         Region: /aes_cipher_top_tb/dut/text_in_r_reg_121_
# ** Warning: (vsim-3722) /home/dtatest/DTA-aes/workdir/aes_netlist_wddl.v(9725): [TFMPC] - Missing connection for port 'QN'.
# ** Warning: (vsim-3017) /home/dtatest/DTA-aes/workdir/aes_netlist_wddl.v(9727): [TFMPC] - Too few port connections. Expected 5, found 4.
#         Region: /aes_cipher_top_tb/dut/text_in_r_reg_120_
# ** Warning: (vsim-3722) /home/dtatest/DTA-aes/workdir/aes_netlist_wddl.v(9727): [TFMPC] - Missing connection for port 'QN'.
# ** Warning: (vsim-3017) /home/dtatest/DTA-aes/workdir/aes_netlist_wddl.v(9729): [TFMPC] - Too few port connections. Expected 5, found 4.
#         Region: /aes_cipher_top_tb/dut/text_in_r_reg_119_
# ** Warning: (vsim-3722) /home/dtatest/DTA-aes/workdir/aes_netlist_wddl.v(9729): [TFMPC] - Missing connection for port 'QN'.
# ** Warning: (vsim-3017) /home/dtatest/DTA-aes/workdir/aes_netlist_wddl.v(9731): [TFMPC] - Too few port connections. Expected 5, found 4.
#         Region: /aes_cipher_top_tb/dut/text_in_r_reg_118_
# ** Warning: (vsim-3722) /home/dtatest/DTA-aes/workdir/aes_netlist_wddl.v(9731): [TFMPC] - Missing connection for port 'QN'.
# ** Warning: (vsim-3017) /home/dtatest/DTA-aes/workdir/aes_netlist_wddl.v(9733): [TFMPC] - Too few port connections. Expected 5, found 4.
#         Region: /aes_cipher_top_tb/dut/text_in_r_reg_117_
# ** Warning: (vsim-3722) /home/dtatest/DTA-aes/workdir/aes_netlist_wddl.v(9733): [TFMPC] - Missing connection for port 'QN'.
# ** Warning: (vsim-3017) /home/dtatest/DTA-aes/workdir/aes_netlist_wddl.v(9735): [TFMPC] - Too few port connections. Expected 5, found 4.
#         Region: /aes_cipher_top_tb/dut/text_in_r_reg_116_
# ** Warning: (vsim-3722) /home/dtatest/DTA-aes/workdir/aes_netlist_wddl.v(9735): [TFMPC] - Missing connection for port 'QN'.
# ** Warning: (vsim-3017) /home/dtatest/DTA-aes/workdir/aes_netlist_wddl.v(9737): [TFMPC] - Too few port connections. Expected 5, found 4.
#         Region: /aes_cipher_top_tb/dut/text_in_r_reg_115_
# ** Warning: (vsim-3722) /home/dtatest/DTA-aes/workdir/aes_netlist_wddl.v(9737): [TFMPC] - Missing connection for port 'QN'.
# ** Warning: (vsim-3017) /home/dtatest/DTA-aes/workdir/aes_netlist_wddl.v(9739): [TFMPC] - Too few port connections. Expected 5, found 4.
#         Region: /aes_cipher_top_tb/dut/text_in_r_reg_114_
# ** Warning: (vsim-3722) /home/dtatest/DTA-aes/workdir/aes_netlist_wddl.v(9739): [TFMPC] - Missing connection for port 'QN'.
# ** Warning: (vsim-3017) /home/dtatest/DTA-aes/workdir/aes_netlist_wddl.v(9741): [TFMPC] - Too few port connections. Expected 5, found 4.
#         Region: /aes_cipher_top_tb/dut/text_in_r_reg_113_
# ** Warning: (vsim-3722) /home/dtatest/DTA-aes/workdir/aes_netlist_wddl.v(9741): [TFMPC] - Missing connection for port 'QN'.
# ** Warning: (vsim-3017) /home/dtatest/DTA-aes/workdir/aes_netlist_wddl.v(9743): [TFMPC] - Too few port connections. Expected 5, found 4.
#         Region: /aes_cipher_top_tb/dut/text_in_r_reg_112_
# ** Warning: (vsim-3722) /home/dtatest/DTA-aes/workdir/aes_netlist_wddl.v(9743): [TFMPC] - Missing connection for port 'QN'.
# ** Warning: (vsim-3017) /home/dtatest/DTA-aes/workdir/aes_netlist_wddl.v(9745): [TFMPC] - Too few port connections. Expected 5, found 4.
#         Region: /aes_cipher_top_tb/dut/text_in_r_reg_111_
# ** Warning: (vsim-3722) /home/dtatest/DTA-aes/workdir/aes_netlist_wddl.v(9745): [TFMPC] - Missing connection for port 'QN'.
# ** Warning: (vsim-3017) /home/dtatest/DTA-aes/workdir/aes_netlist_wddl.v(9747): [TFMPC] - Too few port connections. Expected 5, found 4.
#         Region: /aes_cipher_top_tb/dut/text_in_r_reg_110_
# ** Warning: (vsim-3722) /home/dtatest/DTA-aes/workdir/aes_netlist_wddl.v(9747): [TFMPC] - Missing connection for port 'QN'.
# ** Warning: (vsim-3017) /home/dtatest/DTA-aes/workdir/aes_netlist_wddl.v(9749): [TFMPC] - Too few port connections. Expected 5, found 4.
#         Region: /aes_cipher_top_tb/dut/text_in_r_reg_109_
# ** Warning: (vsim-3722) /home/dtatest/DTA-aes/workdir/aes_netlist_wddl.v(9749): [TFMPC] - Missing connection for port 'QN'.
# ** Warning: (vsim-3017) /home/dtatest/DTA-aes/workdir/aes_netlist_wddl.v(9751): [TFMPC] - Too few port connections. Expected 5, found 4.
#         Region: /aes_cipher_top_tb/dut/text_in_r_reg_108_
# ** Warning: (vsim-3722) /home/dtatest/DTA-aes/workdir/aes_netlist_wddl.v(9751): [TFMPC] - Missing connection for port 'QN'.
# ** Warning: (vsim-3017) /home/dtatest/DTA-aes/workdir/aes_netlist_wddl.v(9753): [TFMPC] - Too few port connections. Expected 5, found 4.
#         Region: /aes_cipher_top_tb/dut/text_in_r_reg_107_
# ** Warning: (vsim-3722) /home/dtatest/DTA-aes/workdir/aes_netlist_wddl.v(9753): [TFMPC] - Missing connection for port 'QN'.
# ** Warning: (vsim-3017) /home/dtatest/DTA-aes/workdir/aes_netlist_wddl.v(9755): [TFMPC] - Too few port connections. Expected 5, found 4.
#         Region: /aes_cipher_top_tb/dut/text_in_r_reg_106_
# ** Warning: (vsim-3722) /home/dtatest/DTA-aes/workdir/aes_netlist_wddl.v(9755): [TFMPC] - Missing connection for port 'QN'.
# ** Warning: (vsim-3017) /home/dtatest/DTA-aes/workdir/aes_netlist_wddl.v(9757): [TFMPC] - Too few port connections. Expected 5, found 4.
#         Region: /aes_cipher_top_tb/dut/text_in_r_reg_105_
# ** Warning: (vsim-3722) /home/dtatest/DTA-aes/workdir/aes_netlist_wddl.v(9757): [TFMPC] - Missing connection for port 'QN'.
# ** Warning: (vsim-3017) /home/dtatest/DTA-aes/workdir/aes_netlist_wddl.v(9759): [TFMPC] - Too few port connections. Expected 5, found 4.
#         Region: /aes_cipher_top_tb/dut/text_in_r_reg_104_
# ** Warning: (vsim-3722) /home/dtatest/DTA-aes/workdir/aes_netlist_wddl.v(9759): [TFMPC] - Missing connection for port 'QN'.
# ** Warning: (vsim-3017) /home/dtatest/DTA-aes/workdir/aes_netlist_wddl.v(9761): [TFMPC] - Too few port connections. Expected 5, found 4.
#         Region: /aes_cipher_top_tb/dut/text_in_r_reg_103_
# ** Warning: (vsim-3722) /home/dtatest/DTA-aes/workdir/aes_netlist_wddl.v(9761): [TFMPC] - Missing connection for port 'QN'.
# ** Warning: (vsim-3017) /home/dtatest/DTA-aes/workdir/aes_netlist_wddl.v(9763): [TFMPC] - Too few port connections. Expected 5, found 4.
#         Region: /aes_cipher_top_tb/dut/text_in_r_reg_102_
# ** Warning: (vsim-3722) /home/dtatest/DTA-aes/workdir/aes_netlist_wddl.v(9763): [TFMPC] - Missing connection for port 'QN'.
# ** Warning: (vsim-3017) /home/dtatest/DTA-aes/workdir/aes_netlist_wddl.v(9765): [TFMPC] - Too few port connections. Expected 5, found 4.
#         Region: /aes_cipher_top_tb/dut/text_in_r_reg_101_
# ** Warning: (vsim-3722) /home/dtatest/DTA-aes/workdir/aes_netlist_wddl.v(9765): [TFMPC] - Missing connection for port 'QN'.
# ** Warning: (vsim-3017) /home/dtatest/DTA-aes/workdir/aes_netlist_wddl.v(9767): [TFMPC] - Too few port connections. Expected 5, found 4.
#         Region: /aes_cipher_top_tb/dut/text_in_r_reg_100_
# ** Warning: (vsim-3722) /home/dtatest/DTA-aes/workdir/aes_netlist_wddl.v(9767): [TFMPC] - Missing connection for port 'QN'.
# ** Warning: (vsim-3017) /home/dtatest/DTA-aes/workdir/aes_netlist_wddl.v(9769): [TFMPC] - Too few port connections. Expected 5, found 4.
#         Region: /aes_cipher_top_tb/dut/text_in_r_reg_99_
# ** Warning: (vsim-3722) /home/dtatest/DTA-aes/workdir/aes_netlist_wddl.v(9769): [TFMPC] - Missing connection for port 'QN'.
# ** Warning: (vsim-3017) /home/dtatest/DTA-aes/workdir/aes_netlist_wddl.v(9771): [TFMPC] - Too few port connections. Expected 5, found 4.
#         Region: /aes_cipher_top_tb/dut/text_in_r_reg_98_
# ** Warning: (vsim-3722) /home/dtatest/DTA-aes/workdir/aes_netlist_wddl.v(9771): [TFMPC] - Missing connection for port 'QN'.
# ** Warning: (vsim-3017) /home/dtatest/DTA-aes/workdir/aes_netlist_wddl.v(9773): [TFMPC] - Too few port connections. Expected 5, found 4.
#         Region: /aes_cipher_top_tb/dut/text_in_r_reg_97_
# ** Warning: (vsim-3722) /home/dtatest/DTA-aes/workdir/aes_netlist_wddl.v(9773): [TFMPC] - Missing connection for port 'QN'.
# ** Warning: (vsim-3017) /home/dtatest/DTA-aes/workdir/aes_netlist_wddl.v(9775): [TFMPC] - Too few port connections. Expected 5, found 4.
#         Region: /aes_cipher_top_tb/dut/text_in_r_reg_96_
# ** Warning: (vsim-3722) /home/dtatest/DTA-aes/workdir/aes_netlist_wddl.v(9775): [TFMPC] - Missing connection for port 'QN'.
# ** Warning: (vsim-3017) /home/dtatest/DTA-aes/workdir/aes_netlist_wddl.v(9777): [TFMPC] - Too few port connections. Expected 5, found 4.
#         Region: /aes_cipher_top_tb/dut/text_in_r_reg_95_
# ** Warning: (vsim-3722) /home/dtatest/DTA-aes/workdir/aes_netlist_wddl.v(9777): [TFMPC] - Missing connection for port 'QN'.
# ** Warning: (vsim-3017) /home/dtatest/DTA-aes/workdir/aes_netlist_wddl.v(9779): [TFMPC] - Too few port connections. Expected 5, found 4.
#         Region: /aes_cipher_top_tb/dut/text_in_r_reg_94_
# ** Warning: (vsim-3722) /home/dtatest/DTA-aes/workdir/aes_netlist_wddl.v(9779): [TFMPC] - Missing connection for port 'QN'.
# ** Warning: (vsim-3017) /home/dtatest/DTA-aes/workdir/aes_netlist_wddl.v(9781): [TFMPC] - Too few port connections. Expected 5, found 4.
#         Region: /aes_cipher_top_tb/dut/text_in_r_reg_93_
# ** Warning: (vsim-3722) /home/dtatest/DTA-aes/workdir/aes_netlist_wddl.v(9781): [TFMPC] - Missing connection for port 'QN'.
# ** Warning: (vsim-3017) /home/dtatest/DTA-aes/workdir/aes_netlist_wddl.v(9783): [TFMPC] - Too few port connections. Expected 5, found 4.
#         Region: /aes_cipher_top_tb/dut/text_in_r_reg_92_
# ** Warning: (vsim-3722) /home/dtatest/DTA-aes/workdir/aes_netlist_wddl.v(9783): [TFMPC] - Missing connection for port 'QN'.
# ** Warning: (vsim-3017) /home/dtatest/DTA-aes/workdir/aes_netlist_wddl.v(9785): [TFMPC] - Too few port connections. Expected 5, found 4.
#         Region: /aes_cipher_top_tb/dut/text_in_r_reg_91_
# ** Warning: (vsim-3722) /home/dtatest/DTA-aes/workdir/aes_netlist_wddl.v(9785): [TFMPC] - Missing connection for port 'QN'.
# ** Warning: (vsim-3017) /home/dtatest/DTA-aes/workdir/aes_netlist_wddl.v(9787): [TFMPC] - Too few port connections. Expected 5, found 4.
#         Region: /aes_cipher_top_tb/dut/text_in_r_reg_90_
# ** Warning: (vsim-3722) /home/dtatest/DTA-aes/workdir/aes_netlist_wddl.v(9787): [TFMPC] - Missing connection for port 'QN'.
# ** Warning: (vsim-3017) /home/dtatest/DTA-aes/workdir/aes_netlist_wddl.v(9789): [TFMPC] - Too few port connections. Expected 5, found 4.
#         Region: /aes_cipher_top_tb/dut/text_in_r_reg_89_
# ** Warning: (vsim-3722) /home/dtatest/DTA-aes/workdir/aes_netlist_wddl.v(9789): [TFMPC] - Missing connection for port 'QN'.
# ** Warning: (vsim-3017) /home/dtatest/DTA-aes/workdir/aes_netlist_wddl.v(9791): [TFMPC] - Too few port connections. Expected 5, found 4.
#         Region: /aes_cipher_top_tb/dut/text_in_r_reg_88_
# ** Warning: (vsim-3722) /home/dtatest/DTA-aes/workdir/aes_netlist_wddl.v(9791): [TFMPC] - Missing connection for port 'QN'.
# ** Warning: (vsim-3017) /home/dtatest/DTA-aes/workdir/aes_netlist_wddl.v(9793): [TFMPC] - Too few port connections. Expected 5, found 4.
#         Region: /aes_cipher_top_tb/dut/text_in_r_reg_87_
# ** Warning: (vsim-3722) /home/dtatest/DTA-aes/workdir/aes_netlist_wddl.v(9793): [TFMPC] - Missing connection for port 'QN'.
# ** Warning: (vsim-3017) /home/dtatest/DTA-aes/workdir/aes_netlist_wddl.v(9795): [TFMPC] - Too few port connections. Expected 5, found 4.
#         Region: /aes_cipher_top_tb/dut/text_in_r_reg_86_
# ** Warning: (vsim-3722) /home/dtatest/DTA-aes/workdir/aes_netlist_wddl.v(9795): [TFMPC] - Missing connection for port 'QN'.
# ** Warning: (vsim-3017) /home/dtatest/DTA-aes/workdir/aes_netlist_wddl.v(9797): [TFMPC] - Too few port connections. Expected 5, found 4.
#         Region: /aes_cipher_top_tb/dut/text_in_r_reg_85_
# ** Warning: (vsim-3722) /home/dtatest/DTA-aes/workdir/aes_netlist_wddl.v(9797): [TFMPC] - Missing connection for port 'QN'.
# ** Warning: (vsim-3017) /home/dtatest/DTA-aes/workdir/aes_netlist_wddl.v(9799): [TFMPC] - Too few port connections. Expected 5, found 4.
#         Region: /aes_cipher_top_tb/dut/text_in_r_reg_84_
# ** Warning: (vsim-3722) /home/dtatest/DTA-aes/workdir/aes_netlist_wddl.v(9799): [TFMPC] - Missing connection for port 'QN'.
# ** Warning: (vsim-3017) /home/dtatest/DTA-aes/workdir/aes_netlist_wddl.v(9801): [TFMPC] - Too few port connections. Expected 5, found 4.
#         Region: /aes_cipher_top_tb/dut/text_in_r_reg_83_
# ** Warning: (vsim-3722) /home/dtatest/DTA-aes/workdir/aes_netlist_wddl.v(9801): [TFMPC] - Missing connection for port 'QN'.
# ** Warning: (vsim-3017) /home/dtatest/DTA-aes/workdir/aes_netlist_wddl.v(9803): [TFMPC] - Too few port connections. Expected 5, found 4.
#         Region: /aes_cipher_top_tb/dut/text_in_r_reg_82_
# ** Warning: (vsim-3722) /home/dtatest/DTA-aes/workdir/aes_netlist_wddl.v(9803): [TFMPC] - Missing connection for port 'QN'.
# ** Warning: (vsim-3017) /home/dtatest/DTA-aes/workdir/aes_netlist_wddl.v(9805): [TFMPC] - Too few port connections. Expected 5, found 4.
#         Region: /aes_cipher_top_tb/dut/text_in_r_reg_81_
# ** Warning: (vsim-3722) /home/dtatest/DTA-aes/workdir/aes_netlist_wddl.v(9805): [TFMPC] - Missing connection for port 'QN'.
# ** Warning: (vsim-3017) /home/dtatest/DTA-aes/workdir/aes_netlist_wddl.v(9807): [TFMPC] - Too few port connections. Expected 5, found 4.
#         Region: /aes_cipher_top_tb/dut/text_in_r_reg_80_
# ** Warning: (vsim-3722) /home/dtatest/DTA-aes/workdir/aes_netlist_wddl.v(9807): [TFMPC] - Missing connection for port 'QN'.
# ** Warning: (vsim-3017) /home/dtatest/DTA-aes/workdir/aes_netlist_wddl.v(9809): [TFMPC] - Too few port connections. Expected 5, found 4.
#         Region: /aes_cipher_top_tb/dut/text_in_r_reg_79_
# ** Warning: (vsim-3722) /home/dtatest/DTA-aes/workdir/aes_netlist_wddl.v(9809): [TFMPC] - Missing connection for port 'QN'.
# ** Warning: (vsim-3017) /home/dtatest/DTA-aes/workdir/aes_netlist_wddl.v(9811): [TFMPC] - Too few port connections. Expected 5, found 4.
#         Region: /aes_cipher_top_tb/dut/text_in_r_reg_78_
# ** Warning: (vsim-3722) /home/dtatest/DTA-aes/workdir/aes_netlist_wddl.v(9811): [TFMPC] - Missing connection for port 'QN'.
# ** Warning: (vsim-3017) /home/dtatest/DTA-aes/workdir/aes_netlist_wddl.v(9813): [TFMPC] - Too few port connections. Expected 5, found 4.
#         Region: /aes_cipher_top_tb/dut/text_in_r_reg_77_
# ** Warning: (vsim-3722) /home/dtatest/DTA-aes/workdir/aes_netlist_wddl.v(9813): [TFMPC] - Missing connection for port 'QN'.
# ** Warning: (vsim-3017) /home/dtatest/DTA-aes/workdir/aes_netlist_wddl.v(9815): [TFMPC] - Too few port connections. Expected 5, found 4.
#         Region: /aes_cipher_top_tb/dut/text_in_r_reg_76_
# ** Warning: (vsim-3722) /home/dtatest/DTA-aes/workdir/aes_netlist_wddl.v(9815): [TFMPC] - Missing connection for port 'QN'.
# ** Warning: (vsim-3017) /home/dtatest/DTA-aes/workdir/aes_netlist_wddl.v(9817): [TFMPC] - Too few port connections. Expected 5, found 4.
#         Region: /aes_cipher_top_tb/dut/text_in_r_reg_75_
# ** Warning: (vsim-3722) /home/dtatest/DTA-aes/workdir/aes_netlist_wddl.v(9817): [TFMPC] - Missing connection for port 'QN'.
# ** Warning: (vsim-3017) /home/dtatest/DTA-aes/workdir/aes_netlist_wddl.v(9819): [TFMPC] - Too few port connections. Expected 5, found 4.
#         Region: /aes_cipher_top_tb/dut/text_in_r_reg_74_
# ** Warning: (vsim-3722) /home/dtatest/DTA-aes/workdir/aes_netlist_wddl.v(9819): [TFMPC] - Missing connection for port 'QN'.
# ** Warning: (vsim-3017) /home/dtatest/DTA-aes/workdir/aes_netlist_wddl.v(9821): [TFMPC] - Too few port connections. Expected 5, found 4.
#         Region: /aes_cipher_top_tb/dut/text_in_r_reg_73_
# ** Warning: (vsim-3722) /home/dtatest/DTA-aes/workdir/aes_netlist_wddl.v(9821): [TFMPC] - Missing connection for port 'QN'.
# ** Warning: (vsim-3017) /home/dtatest/DTA-aes/workdir/aes_netlist_wddl.v(9823): [TFMPC] - Too few port connections. Expected 5, found 4.
#         Region: /aes_cipher_top_tb/dut/text_in_r_reg_72_
# ** Warning: (vsim-3722) /home/dtatest/DTA-aes/workdir/aes_netlist_wddl.v(9823): [TFMPC] - Missing connection for port 'QN'.
# ** Warning: (vsim-3017) /home/dtatest/DTA-aes/workdir/aes_netlist_wddl.v(9825): [TFMPC] - Too few port connections. Expected 5, found 4.
#         Region: /aes_cipher_top_tb/dut/text_in_r_reg_71_
# ** Warning: (vsim-3722) /home/dtatest/DTA-aes/workdir/aes_netlist_wddl.v(9825): [TFMPC] - Missing connection for port 'QN'.
# ** Warning: (vsim-3017) /home/dtatest/DTA-aes/workdir/aes_netlist_wddl.v(9827): [TFMPC] - Too few port connections. Expected 5, found 4.
#         Region: /aes_cipher_top_tb/dut/text_in_r_reg_70_
# ** Warning: (vsim-3722) /home/dtatest/DTA-aes/workdir/aes_netlist_wddl.v(9827): [TFMPC] - Missing connection for port 'QN'.
# ** Warning: (vsim-3017) /home/dtatest/DTA-aes/workdir/aes_netlist_wddl.v(9829): [TFMPC] - Too few port connections. Expected 5, found 4.
#         Region: /aes_cipher_top_tb/dut/text_in_r_reg_69_
# ** Warning: (vsim-3722) /home/dtatest/DTA-aes/workdir/aes_netlist_wddl.v(9829): [TFMPC] - Missing connection for port 'QN'.
# ** Warning: (vsim-3017) /home/dtatest/DTA-aes/workdir/aes_netlist_wddl.v(9831): [TFMPC] - Too few port connections. Expected 5, found 4.
#         Region: /aes_cipher_top_tb/dut/text_in_r_reg_68_
# ** Warning: (vsim-3722) /home/dtatest/DTA-aes/workdir/aes_netlist_wddl.v(9831): [TFMPC] - Missing connection for port 'QN'.
# ** Warning: (vsim-3017) /home/dtatest/DTA-aes/workdir/aes_netlist_wddl.v(9833): [TFMPC] - Too few port connections. Expected 5, found 4.
#         Region: /aes_cipher_top_tb/dut/text_in_r_reg_67_
# ** Warning: (vsim-3722) /home/dtatest/DTA-aes/workdir/aes_netlist_wddl.v(9833): [TFMPC] - Missing connection for port 'QN'.
# ** Warning: (vsim-3017) /home/dtatest/DTA-aes/workdir/aes_netlist_wddl.v(9835): [TFMPC] - Too few port connections. Expected 5, found 4.
#         Region: /aes_cipher_top_tb/dut/text_in_r_reg_66_
# ** Warning: (vsim-3722) /home/dtatest/DTA-aes/workdir/aes_netlist_wddl.v(9835): [TFMPC] - Missing connection for port 'QN'.
# ** Warning: (vsim-3017) /home/dtatest/DTA-aes/workdir/aes_netlist_wddl.v(9837): [TFMPC] - Too few port connections. Expected 5, found 4.
#         Region: /aes_cipher_top_tb/dut/text_in_r_reg_65_
# ** Warning: (vsim-3722) /home/dtatest/DTA-aes/workdir/aes_netlist_wddl.v(9837): [TFMPC] - Missing connection for port 'QN'.
# ** Warning: (vsim-3017) /home/dtatest/DTA-aes/workdir/aes_netlist_wddl.v(9839): [TFMPC] - Too few port connections. Expected 5, found 4.
#         Region: /aes_cipher_top_tb/dut/text_in_r_reg_64_
# ** Warning: (vsim-3722) /home/dtatest/DTA-aes/workdir/aes_netlist_wddl.v(9839): [TFMPC] - Missing connection for port 'QN'.
# ** Warning: (vsim-3017) /home/dtatest/DTA-aes/workdir/aes_netlist_wddl.v(9841): [TFMPC] - Too few port connections. Expected 5, found 4.
#         Region: /aes_cipher_top_tb/dut/text_in_r_reg_63_
# ** Warning: (vsim-3722) /home/dtatest/DTA-aes/workdir/aes_netlist_wddl.v(9841): [TFMPC] - Missing connection for port 'QN'.
# ** Warning: (vsim-3017) /home/dtatest/DTA-aes/workdir/aes_netlist_wddl.v(9843): [TFMPC] - Too few port connections. Expected 5, found 4.
#         Region: /aes_cipher_top_tb/dut/text_in_r_reg_62_
# ** Warning: (vsim-3722) /home/dtatest/DTA-aes/workdir/aes_netlist_wddl.v(9843): [TFMPC] - Missing connection for port 'QN'.
# ** Warning: (vsim-3017) /home/dtatest/DTA-aes/workdir/aes_netlist_wddl.v(9845): [TFMPC] - Too few port connections. Expected 5, found 4.
#         Region: /aes_cipher_top_tb/dut/text_in_r_reg_61_
# ** Warning: (vsim-3722) /home/dtatest/DTA-aes/workdir/aes_netlist_wddl.v(9845): [TFMPC] - Missing connection for port 'QN'.
# ** Warning: (vsim-3017) /home/dtatest/DTA-aes/workdir/aes_netlist_wddl.v(9847): [TFMPC] - Too few port connections. Expected 5, found 4.
#         Region: /aes_cipher_top_tb/dut/text_in_r_reg_60_
# ** Warning: (vsim-3722) /home/dtatest/DTA-aes/workdir/aes_netlist_wddl.v(9847): [TFMPC] - Missing connection for port 'QN'.
# ** Warning: (vsim-3017) /home/dtatest/DTA-aes/workdir/aes_netlist_wddl.v(9849): [TFMPC] - Too few port connections. Expected 5, found 4.
#         Region: /aes_cipher_top_tb/dut/text_in_r_reg_59_
# ** Warning: (vsim-3722) /home/dtatest/DTA-aes/workdir/aes_netlist_wddl.v(9849): [TFMPC] - Missing connection for port 'QN'.
# ** Warning: (vsim-3017) /home/dtatest/DTA-aes/workdir/aes_netlist_wddl.v(9851): [TFMPC] - Too few port connections. Expected 5, found 4.
#         Region: /aes_cipher_top_tb/dut/text_in_r_reg_58_
# ** Warning: (vsim-3722) /home/dtatest/DTA-aes/workdir/aes_netlist_wddl.v(9851): [TFMPC] - Missing connection for port 'QN'.
# ** Warning: (vsim-3017) /home/dtatest/DTA-aes/workdir/aes_netlist_wddl.v(9853): [TFMPC] - Too few port connections. Expected 5, found 4.
#         Region: /aes_cipher_top_tb/dut/text_in_r_reg_57_
# ** Warning: (vsim-3722) /home/dtatest/DTA-aes/workdir/aes_netlist_wddl.v(9853): [TFMPC] - Missing connection for port 'QN'.
# ** Warning: (vsim-3017) /home/dtatest/DTA-aes/workdir/aes_netlist_wddl.v(9855): [TFMPC] - Too few port connections. Expected 5, found 4.
#         Region: /aes_cipher_top_tb/dut/text_in_r_reg_56_
# ** Warning: (vsim-3722) /home/dtatest/DTA-aes/workdir/aes_netlist_wddl.v(9855): [TFMPC] - Missing connection for port 'QN'.
# ** Warning: (vsim-3017) /home/dtatest/DTA-aes/workdir/aes_netlist_wddl.v(9857): [TFMPC] - Too few port connections. Expected 5, found 4.
#         Region: /aes_cipher_top_tb/dut/text_in_r_reg_55_
# ** Warning: (vsim-3722) /home/dtatest/DTA-aes/workdir/aes_netlist_wddl.v(9857): [TFMPC] - Missing connection for port 'QN'.
# ** Warning: (vsim-3017) /home/dtatest/DTA-aes/workdir/aes_netlist_wddl.v(9859): [TFMPC] - Too few port connections. Expected 5, found 4.
#         Region: /aes_cipher_top_tb/dut/text_in_r_reg_54_
# ** Warning: (vsim-3722) /home/dtatest/DTA-aes/workdir/aes_netlist_wddl.v(9859): [TFMPC] - Missing connection for port 'QN'.
# ** Warning: (vsim-3017) /home/dtatest/DTA-aes/workdir/aes_netlist_wddl.v(9861): [TFMPC] - Too few port connections. Expected 5, found 4.
#         Region: /aes_cipher_top_tb/dut/text_in_r_reg_53_
# ** Warning: (vsim-3722) /home/dtatest/DTA-aes/workdir/aes_netlist_wddl.v(9861): [TFMPC] - Missing connection for port 'QN'.
# ** Warning: (vsim-3017) /home/dtatest/DTA-aes/workdir/aes_netlist_wddl.v(9863): [TFMPC] - Too few port connections. Expected 5, found 4.
#         Region: /aes_cipher_top_tb/dut/text_in_r_reg_52_
# ** Warning: (vsim-3722) /home/dtatest/DTA-aes/workdir/aes_netlist_wddl.v(9863): [TFMPC] - Missing connection for port 'QN'.
# ** Warning: (vsim-3017) /home/dtatest/DTA-aes/workdir/aes_netlist_wddl.v(9865): [TFMPC] - Too few port connections. Expected 5, found 4.
#         Region: /aes_cipher_top_tb/dut/text_in_r_reg_51_
# ** Warning: (vsim-3722) /home/dtatest/DTA-aes/workdir/aes_netlist_wddl.v(9865): [TFMPC] - Missing connection for port 'QN'.
# ** Warning: (vsim-3017) /home/dtatest/DTA-aes/workdir/aes_netlist_wddl.v(9867): [TFMPC] - Too few port connections. Expected 5, found 4.
#         Region: /aes_cipher_top_tb/dut/text_in_r_reg_50_
# ** Warning: (vsim-3722) /home/dtatest/DTA-aes/workdir/aes_netlist_wddl.v(9867): [TFMPC] - Missing connection for port 'QN'.
# ** Warning: (vsim-3017) /home/dtatest/DTA-aes/workdir/aes_netlist_wddl.v(9869): [TFMPC] - Too few port connections. Expected 5, found 4.
#         Region: /aes_cipher_top_tb/dut/text_in_r_reg_49_
# ** Warning: (vsim-3722) /home/dtatest/DTA-aes/workdir/aes_netlist_wddl.v(9869): [TFMPC] - Missing connection for port 'QN'.
# ** Warning: (vsim-3017) /home/dtatest/DTA-aes/workdir/aes_netlist_wddl.v(9871): [TFMPC] - Too few port connections. Expected 5, found 4.
#         Region: /aes_cipher_top_tb/dut/text_in_r_reg_48_
# ** Warning: (vsim-3722) /home/dtatest/DTA-aes/workdir/aes_netlist_wddl.v(9871): [TFMPC] - Missing connection for port 'QN'.
# ** Warning: (vsim-3017) /home/dtatest/DTA-aes/workdir/aes_netlist_wddl.v(9873): [TFMPC] - Too few port connections. Expected 5, found 4.
#         Region: /aes_cipher_top_tb/dut/text_in_r_reg_47_
# ** Warning: (vsim-3722) /home/dtatest/DTA-aes/workdir/aes_netlist_wddl.v(9873): [TFMPC] - Missing connection for port 'QN'.
# ** Warning: (vsim-3017) /home/dtatest/DTA-aes/workdir/aes_netlist_wddl.v(9875): [TFMPC] - Too few port connections. Expected 5, found 4.
#         Region: /aes_cipher_top_tb/dut/text_in_r_reg_46_
# ** Warning: (vsim-3722) /home/dtatest/DTA-aes/workdir/aes_netlist_wddl.v(9875): [TFMPC] - Missing connection for port 'QN'.
# ** Warning: (vsim-3017) /home/dtatest/DTA-aes/workdir/aes_netlist_wddl.v(9877): [TFMPC] - Too few port connections. Expected 5, found 4.
#         Region: /aes_cipher_top_tb/dut/text_in_r_reg_45_
# ** Warning: (vsim-3722) /home/dtatest/DTA-aes/workdir/aes_netlist_wddl.v(9877): [TFMPC] - Missing connection for port 'QN'.
# ** Warning: (vsim-3017) /home/dtatest/DTA-aes/workdir/aes_netlist_wddl.v(9879): [TFMPC] - Too few port connections. Expected 5, found 4.
#         Region: /aes_cipher_top_tb/dut/text_in_r_reg_44_
# ** Warning: (vsim-3722) /home/dtatest/DTA-aes/workdir/aes_netlist_wddl.v(9879): [TFMPC] - Missing connection for port 'QN'.
# ** Warning: (vsim-3017) /home/dtatest/DTA-aes/workdir/aes_netlist_wddl.v(9881): [TFMPC] - Too few port connections. Expected 5, found 4.
#         Region: /aes_cipher_top_tb/dut/text_in_r_reg_43_
# ** Warning: (vsim-3722) /home/dtatest/DTA-aes/workdir/aes_netlist_wddl.v(9881): [TFMPC] - Missing connection for port 'QN'.
# ** Warning: (vsim-3017) /home/dtatest/DTA-aes/workdir/aes_netlist_wddl.v(9883): [TFMPC] - Too few port connections. Expected 5, found 4.
#         Region: /aes_cipher_top_tb/dut/text_in_r_reg_42_
# ** Warning: (vsim-3722) /home/dtatest/DTA-aes/workdir/aes_netlist_wddl.v(9883): [TFMPC] - Missing connection for port 'QN'.
# ** Warning: (vsim-3017) /home/dtatest/DTA-aes/workdir/aes_netlist_wddl.v(9885): [TFMPC] - Too few port connections. Expected 5, found 4.
#         Region: /aes_cipher_top_tb/dut/text_in_r_reg_41_
# ** Warning: (vsim-3722) /home/dtatest/DTA-aes/workdir/aes_netlist_wddl.v(9885): [TFMPC] - Missing connection for port 'QN'.
# ** Warning: (vsim-3017) /home/dtatest/DTA-aes/workdir/aes_netlist_wddl.v(9887): [TFMPC] - Too few port connections. Expected 5, found 4.
#         Region: /aes_cipher_top_tb/dut/text_in_r_reg_40_
# ** Warning: (vsim-3722) /home/dtatest/DTA-aes/workdir/aes_netlist_wddl.v(9887): [TFMPC] - Missing connection for port 'QN'.
# ** Warning: (vsim-3017) /home/dtatest/DTA-aes/workdir/aes_netlist_wddl.v(9889): [TFMPC] - Too few port connections. Expected 5, found 4.
#         Region: /aes_cipher_top_tb/dut/text_in_r_reg_39_
# ** Warning: (vsim-3722) /home/dtatest/DTA-aes/workdir/aes_netlist_wddl.v(9889): [TFMPC] - Missing connection for port 'QN'.
# ** Warning: (vsim-3017) /home/dtatest/DTA-aes/workdir/aes_netlist_wddl.v(9891): [TFMPC] - Too few port connections. Expected 5, found 4.
#         Region: /aes_cipher_top_tb/dut/text_in_r_reg_38_
# ** Warning: (vsim-3722) /home/dtatest/DTA-aes/workdir/aes_netlist_wddl.v(9891): [TFMPC] - Missing connection for port 'QN'.
# ** Warning: (vsim-3017) /home/dtatest/DTA-aes/workdir/aes_netlist_wddl.v(9893): [TFMPC] - Too few port connections. Expected 5, found 4.
#         Region: /aes_cipher_top_tb/dut/text_in_r_reg_37_
# ** Warning: (vsim-3722) /home/dtatest/DTA-aes/workdir/aes_netlist_wddl.v(9893): [TFMPC] - Missing connection for port 'QN'.
# ** Warning: (vsim-3017) /home/dtatest/DTA-aes/workdir/aes_netlist_wddl.v(9895): [TFMPC] - Too few port connections. Expected 5, found 4.
#         Region: /aes_cipher_top_tb/dut/text_in_r_reg_36_
# ** Warning: (vsim-3722) /home/dtatest/DTA-aes/workdir/aes_netlist_wddl.v(9895): [TFMPC] - Missing connection for port 'QN'.
# ** Warning: (vsim-3017) /home/dtatest/DTA-aes/workdir/aes_netlist_wddl.v(9897): [TFMPC] - Too few port connections. Expected 5, found 4.
#         Region: /aes_cipher_top_tb/dut/text_in_r_reg_7_
# ** Warning: (vsim-3722) /home/dtatest/DTA-aes/workdir/aes_netlist_wddl.v(9897): [TFMPC] - Missing connection for port 'QN'.
# ** Warning: (vsim-3017) /home/dtatest/DTA-aes/workdir/aes_netlist_wddl.v(9899): [TFMPC] - Too few port connections. Expected 5, found 4.
#         Region: /aes_cipher_top_tb/dut/text_in_r_reg_6_
# ** Warning: (vsim-3722) /home/dtatest/DTA-aes/workdir/aes_netlist_wddl.v(9899): [TFMPC] - Missing connection for port 'QN'.
# ** Warning: (vsim-3017) /home/dtatest/DTA-aes/workdir/aes_netlist_wddl.v(9901): [TFMPC] - Too few port connections. Expected 5, found 4.
#         Region: /aes_cipher_top_tb/dut/text_in_r_reg_5_
# ** Warning: (vsim-3722) /home/dtatest/DTA-aes/workdir/aes_netlist_wddl.v(9901): [TFMPC] - Missing connection for port 'QN'.
# ** Warning: (vsim-3017) /home/dtatest/DTA-aes/workdir/aes_netlist_wddl.v(9903): [TFMPC] - Too few port connections. Expected 5, found 4.
#         Region: /aes_cipher_top_tb/dut/text_in_r_reg_4_
# ** Warning: (vsim-3722) /home/dtatest/DTA-aes/workdir/aes_netlist_wddl.v(9903): [TFMPC] - Missing connection for port 'QN'.
# ** Warning: (vsim-3017) /home/dtatest/DTA-aes/workdir/aes_netlist_wddl.v(9905): [TFMPC] - Too few port connections. Expected 5, found 4.
#         Region: /aes_cipher_top_tb/dut/text_in_r_reg_3_
# ** Warning: (vsim-3722) /home/dtatest/DTA-aes/workdir/aes_netlist_wddl.v(9905): [TFMPC] - Missing connection for port 'QN'.
# ** Warning: (vsim-3017) /home/dtatest/DTA-aes/workdir/aes_netlist_wddl.v(9907): [TFMPC] - Too few port connections. Expected 5, found 4.
#         Region: /aes_cipher_top_tb/dut/text_in_r_reg_2_
# ** Warning: (vsim-3722) /home/dtatest/DTA-aes/workdir/aes_netlist_wddl.v(9907): [TFMPC] - Missing connection for port 'QN'.
# ** Warning: (vsim-3017) /home/dtatest/DTA-aes/workdir/aes_netlist_wddl.v(9909): [TFMPC] - Too few port connections. Expected 5, found 4.
#         Region: /aes_cipher_top_tb/dut/text_in_r_reg_1_
# ** Warning: (vsim-3722) /home/dtatest/DTA-aes/workdir/aes_netlist_wddl.v(9909): [TFMPC] - Missing connection for port 'QN'.
# ** Warning: (vsim-3017) /home/dtatest/DTA-aes/workdir/aes_netlist_wddl.v(9911): [TFMPC] - Too few port connections. Expected 5, found 4.
#         Region: /aes_cipher_top_tb/dut/text_in_r_reg_0_
# ** Warning: (vsim-3722) /home/dtatest/DTA-aes/workdir/aes_netlist_wddl.v(9911): [TFMPC] - Missing connection for port 'QN'.
# ** Warning: (vsim-3017) /home/dtatest/DTA-aes/workdir/aes_netlist_wddl.v(9913): [TFMPC] - Too few port connections. Expected 5, found 4.
#         Region: /aes_cipher_top_tb/dut/text_in_r_reg_35_
# ** Warning: (vsim-3722) /home/dtatest/DTA-aes/workdir/aes_netlist_wddl.v(9913): [TFMPC] - Missing connection for port 'QN'.
# ** Warning: (vsim-3017) /home/dtatest/DTA-aes/workdir/aes_netlist_wddl.v(9915): [TFMPC] - Too few port connections. Expected 5, found 4.
#         Region: /aes_cipher_top_tb/dut/text_in_r_reg_34_
# ** Warning: (vsim-3722) /home/dtatest/DTA-aes/workdir/aes_netlist_wddl.v(9915): [TFMPC] - Missing connection for port 'QN'.
# ** Warning: (vsim-3017) /home/dtatest/DTA-aes/workdir/aes_netlist_wddl.v(9917): [TFMPC] - Too few port connections. Expected 5, found 4.
#         Region: /aes_cipher_top_tb/dut/text_in_r_reg_33_
# ** Warning: (vsim-3722) /home/dtatest/DTA-aes/workdir/aes_netlist_wddl.v(9917): [TFMPC] - Missing connection for port 'QN'.
# ** Warning: (vsim-3017) /home/dtatest/DTA-aes/workdir/aes_netlist_wddl.v(9919): [TFMPC] - Too few port connections. Expected 5, found 4.
#         Region: /aes_cipher_top_tb/dut/text_in_r_reg_32_
# ** Warning: (vsim-3722) /home/dtatest/DTA-aes/workdir/aes_netlist_wddl.v(9919): [TFMPC] - Missing connection for port 'QN'.
# ** Warning: (vsim-3017) /home/dtatest/DTA-aes/workdir/aes_netlist_wddl.v(9921): [TFMPC] - Too few port connections. Expected 5, found 4.
#         Region: /aes_cipher_top_tb/dut/text_in_r_reg_31_
# ** Warning: (vsim-3722) /home/dtatest/DTA-aes/workdir/aes_netlist_wddl.v(9921): [TFMPC] - Missing connection for port 'QN'.
# ** Warning: (vsim-3017) /home/dtatest/DTA-aes/workdir/aes_netlist_wddl.v(9923): [TFMPC] - Too few port connections. Expected 5, found 4.
#         Region: /aes_cipher_top_tb/dut/text_in_r_reg_30_
# ** Warning: (vsim-3722) /home/dtatest/DTA-aes/workdir/aes_netlist_wddl.v(9923): [TFMPC] - Missing connection for port 'QN'.
# ** Warning: (vsim-3017) /home/dtatest/DTA-aes/workdir/aes_netlist_wddl.v(9925): [TFMPC] - Too few port connections. Expected 5, found 4.
#         Region: /aes_cipher_top_tb/dut/text_in_r_reg_29_
# ** Warning: (vsim-3722) /home/dtatest/DTA-aes/workdir/aes_netlist_wddl.v(9925): [TFMPC] - Missing connection for port 'QN'.
# ** Warning: (vsim-3017) /home/dtatest/DTA-aes/workdir/aes_netlist_wddl.v(9927): [TFMPC] - Too few port connections. Expected 5, found 4.
#         Region: /aes_cipher_top_tb/dut/text_in_r_reg_28_
# ** Warning: (vsim-3722) /home/dtatest/DTA-aes/workdir/aes_netlist_wddl.v(9927): [TFMPC] - Missing connection for port 'QN'.
# ** Warning: (vsim-3017) /home/dtatest/DTA-aes/workdir/aes_netlist_wddl.v(9929): [TFMPC] - Too few port connections. Expected 5, found 4.
#         Region: /aes_cipher_top_tb/dut/text_in_r_reg_27_
# ** Warning: (vsim-3722) /home/dtatest/DTA-aes/workdir/aes_netlist_wddl.v(9929): [TFMPC] - Missing connection for port 'QN'.
# ** Warning: (vsim-3017) /home/dtatest/DTA-aes/workdir/aes_netlist_wddl.v(9931): [TFMPC] - Too few port connections. Expected 5, found 4.
#         Region: /aes_cipher_top_tb/dut/text_in_r_reg_26_
# ** Warning: (vsim-3722) /home/dtatest/DTA-aes/workdir/aes_netlist_wddl.v(9931): [TFMPC] - Missing connection for port 'QN'.
# ** Warning: (vsim-3017) /home/dtatest/DTA-aes/workdir/aes_netlist_wddl.v(9933): [TFMPC] - Too few port connections. Expected 5, found 4.
#         Region: /aes_cipher_top_tb/dut/text_in_r_reg_25_
# ** Warning: (vsim-3722) /home/dtatest/DTA-aes/workdir/aes_netlist_wddl.v(9933): [TFMPC] - Missing connection for port 'QN'.
# ** Warning: (vsim-3017) /home/dtatest/DTA-aes/workdir/aes_netlist_wddl.v(9935): [TFMPC] - Too few port connections. Expected 5, found 4.
#         Region: /aes_cipher_top_tb/dut/text_in_r_reg_24_
# ** Warning: (vsim-3722) /home/dtatest/DTA-aes/workdir/aes_netlist_wddl.v(9935): [TFMPC] - Missing connection for port 'QN'.
# ** Warning: (vsim-3017) /home/dtatest/DTA-aes/workdir/aes_netlist_wddl.v(9937): [TFMPC] - Too few port connections. Expected 5, found 4.
#         Region: /aes_cipher_top_tb/dut/text_in_r_reg_23_
# ** Warning: (vsim-3722) /home/dtatest/DTA-aes/workdir/aes_netlist_wddl.v(9937): [TFMPC] - Missing connection for port 'QN'.
# ** Warning: (vsim-3017) /home/dtatest/DTA-aes/workdir/aes_netlist_wddl.v(9939): [TFMPC] - Too few port connections. Expected 5, found 4.
#         Region: /aes_cipher_top_tb/dut/text_in_r_reg_22_
# ** Warning: (vsim-3722) /home/dtatest/DTA-aes/workdir/aes_netlist_wddl.v(9939): [TFMPC] - Missing connection for port 'QN'.
# ** Warning: (vsim-3017) /home/dtatest/DTA-aes/workdir/aes_netlist_wddl.v(9941): [TFMPC] - Too few port connections. Expected 5, found 4.
#         Region: /aes_cipher_top_tb/dut/text_in_r_reg_21_
# ** Warning: (vsim-3722) /home/dtatest/DTA-aes/workdir/aes_netlist_wddl.v(9941): [TFMPC] - Missing connection for port 'QN'.
# ** Warning: (vsim-3017) /home/dtatest/DTA-aes/workdir/aes_netlist_wddl.v(9943): [TFMPC] - Too few port connections. Expected 5, found 4.
#         Region: /aes_cipher_top_tb/dut/text_in_r_reg_20_
# ** Warning: (vsim-3722) /home/dtatest/DTA-aes/workdir/aes_netlist_wddl.v(9943): [TFMPC] - Missing connection for port 'QN'.
# ** Warning: (vsim-3017) /home/dtatest/DTA-aes/workdir/aes_netlist_wddl.v(9945): [TFMPC] - Too few port connections. Expected 5, found 4.
#         Region: /aes_cipher_top_tb/dut/text_in_r_reg_19_
# ** Warning: (vsim-3722) /home/dtatest/DTA-aes/workdir/aes_netlist_wddl.v(9945): [TFMPC] - Missing connection for port 'QN'.
# ** Warning: (vsim-3017) /home/dtatest/DTA-aes/workdir/aes_netlist_wddl.v(9947): [TFMPC] - Too few port connections. Expected 5, found 4.
#         Region: /aes_cipher_top_tb/dut/text_in_r_reg_18_
# ** Warning: (vsim-3722) /home/dtatest/DTA-aes/workdir/aes_netlist_wddl.v(9947): [TFMPC] - Missing connection for port 'QN'.
# ** Warning: (vsim-3017) /home/dtatest/DTA-aes/workdir/aes_netlist_wddl.v(9949): [TFMPC] - Too few port connections. Expected 5, found 4.
#         Region: /aes_cipher_top_tb/dut/text_in_r_reg_17_
# ** Warning: (vsim-3722) /home/dtatest/DTA-aes/workdir/aes_netlist_wddl.v(9949): [TFMPC] - Missing connection for port 'QN'.
# ** Warning: (vsim-3017) /home/dtatest/DTA-aes/workdir/aes_netlist_wddl.v(9951): [TFMPC] - Too few port connections. Expected 5, found 4.
#         Region: /aes_cipher_top_tb/dut/text_in_r_reg_16_
# ** Warning: (vsim-3722) /home/dtatest/DTA-aes/workdir/aes_netlist_wddl.v(9951): [TFMPC] - Missing connection for port 'QN'.
# ** Warning: (vsim-3017) /home/dtatest/DTA-aes/workdir/aes_netlist_wddl.v(9953): [TFMPC] - Too few port connections. Expected 5, found 4.
#         Region: /aes_cipher_top_tb/dut/text_in_r_reg_15_
# ** Warning: (vsim-3722) /home/dtatest/DTA-aes/workdir/aes_netlist_wddl.v(9953): [TFMPC] - Missing connection for port 'QN'.
# ** Warning: (vsim-3017) /home/dtatest/DTA-aes/workdir/aes_netlist_wddl.v(9955): [TFMPC] - Too few port connections. Expected 5, found 4.
#         Region: /aes_cipher_top_tb/dut/text_in_r_reg_14_
# ** Warning: (vsim-3722) /home/dtatest/DTA-aes/workdir/aes_netlist_wddl.v(9955): [TFMPC] - Missing connection for port 'QN'.
# ** Warning: (vsim-3017) /home/dtatest/DTA-aes/workdir/aes_netlist_wddl.v(9957): [TFMPC] - Too few port connections. Expected 5, found 4.
#         Region: /aes_cipher_top_tb/dut/text_in_r_reg_13_
# ** Warning: (vsim-3722) /home/dtatest/DTA-aes/workdir/aes_netlist_wddl.v(9957): [TFMPC] - Missing connection for port 'QN'.
# ** Warning: (vsim-3017) /home/dtatest/DTA-aes/workdir/aes_netlist_wddl.v(9959): [TFMPC] - Too few port connections. Expected 5, found 4.
#         Region: /aes_cipher_top_tb/dut/text_in_r_reg_12_
# ** Warning: (vsim-3722) /home/dtatest/DTA-aes/workdir/aes_netlist_wddl.v(9959): [TFMPC] - Missing connection for port 'QN'.
# ** Warning: (vsim-3017) /home/dtatest/DTA-aes/workdir/aes_netlist_wddl.v(9961): [TFMPC] - Too few port connections. Expected 5, found 4.
#         Region: /aes_cipher_top_tb/dut/text_in_r_reg_11_
# ** Warning: (vsim-3722) /home/dtatest/DTA-aes/workdir/aes_netlist_wddl.v(9961): [TFMPC] - Missing connection for port 'QN'.
# ** Warning: (vsim-3017) /home/dtatest/DTA-aes/workdir/aes_netlist_wddl.v(9963): [TFMPC] - Too few port connections. Expected 5, found 4.
#         Region: /aes_cipher_top_tb/dut/text_in_r_reg_10_
# ** Warning: (vsim-3722) /home/dtatest/DTA-aes/workdir/aes_netlist_wddl.v(9963): [TFMPC] - Missing connection for port 'QN'.
# ** Warning: (vsim-3017) /home/dtatest/DTA-aes/workdir/aes_netlist_wddl.v(9965): [TFMPC] - Too few port connections. Expected 5, found 4.
#         Region: /aes_cipher_top_tb/dut/text_in_r_reg_9_
# ** Warning: (vsim-3722) /home/dtatest/DTA-aes/workdir/aes_netlist_wddl.v(9965): [TFMPC] - Missing connection for port 'QN'.
# ** Warning: (vsim-3017) /home/dtatest/DTA-aes/workdir/aes_netlist_wddl.v(9967): [TFMPC] - Too few port connections. Expected 5, found 4.
#         Region: /aes_cipher_top_tb/dut/text_in_r_reg_8_
# ** Warning: (vsim-3722) /home/dtatest/DTA-aes/workdir/aes_netlist_wddl.v(9967): [TFMPC] - Missing connection for port 'QN'.
# ** Warning: (vsim-3017) /home/dtatest/DTA-aes/workdir/aes_netlist_wddl.v(9968): [TFMPC] - Too few port connections. Expected 4, found 3.
#         Region: /aes_cipher_top_tb/dut/dcnt_reg_1_
# ** Warning: (vsim-3722) /home/dtatest/DTA-aes/workdir/aes_netlist_wddl.v(9968): [TFMPC] - Missing connection for port 'Q'.
# ** Warning: (vsim-3017) /home/dtatest/DTA-aes/workdir/aes_netlist_wddl.v(10597): [TFMPC] - Too few port connections. Expected 5, found 4.
#         Region: /aes_cipher_top_tb/dut/dcnt_reg_3_
# ** Warning: (vsim-3722) /home/dtatest/DTA-aes/workdir/aes_netlist_wddl.v(10597): [TFMPC] - Missing connection for port 'Q'.
# Loading timing data from /home/dtatest/DTA-aes/workdir/wddl_aes.sdf
# ** Note: (vsim-3587) SDF Backannotation Successfully Completed.
#    Time: 0 ps  Iteration: 0  Region: /aes_cipher_top_tb  File: aes_cipher_top_tb.v
# do gtl_aes_commandline.do 
# Initial plaintext 24bbd333caa76ce9b5a9865c82f0fb64
# Final ciphertext 8d35255beda3c33da37837cb82b1af42
#vsim -L work -novopt -i work.aes_cipher_top_tb +notimingchecks -sdfmax /aes_cipher_top_tb/dut=/home/dtatest/DTA-aes/workdir/aes_synthesis.sdf
#make -C "../../software/test_soft/fault_tests/dtatest" clean
