# Preference setting overrides
gui_create_pref_key -category {Globals} -key {load_detail_for_funcov} -value_type {bool} -value {false}

# State setting overrides
gui_state_default_create -off -ini
gui_set_state_value -category Globals -key recent_databases -value {{gui_open_db -file /home/dtatest/DTA-aes/test.vcd -design V1} {gui_open_db -file /home/dtatest/gtl_sim/fame_v2/designs/leon3-asic/results_sync_nobufferWith0buffer/result_1/test_1.vcd -design V1} {gui_open_db -file /home/dtatest/gtl_sim/fame_v2/designs/leon3-asic/results_sync/result_0/test_0.vcd -design V1} {gui_open_db -file /home/dtatest/gtl_sim/fame_v2/designs/leon3-asic/results_fullchipzero/result_0/test_0.vcd -design V1} {gui_open_db -file /home/dtatest/gtl_sim/fame_v2/designs/leon3-asic/results_aes/result_0/test_0.vcd -design V1}}
gui_set_state_value -category Layout -key child_console_size_x -value 1614
gui_set_state_value -category Layout -key child_console_size_y -value 518
gui_set_state_value -category Layout -key child_data_coltype -value 87
gui_set_state_value -category Layout -key child_data_colvalue -value 147
gui_set_state_value -category Layout -key child_data_colvariable -value 371
gui_set_state_value -category Layout -key child_data_size_x -value 439
gui_set_state_value -category Layout -key child_data_size_y -value 426
gui_set_state_value -category Layout -key child_hier_col3 -value {-1}
gui_set_state_value -category Layout -key child_hier_colhier -value 271
gui_set_state_value -category Layout -key child_hier_colpd -value 0
gui_set_state_value -category Layout -key child_hier_coltype -value 54
gui_set_state_value -category Layout -key child_hier_size_x -value 334
gui_set_state_value -category Layout -key child_hier_size_y -value 426
gui_set_state_value -category Layout -key child_source_docknewline -value false
gui_set_state_value -category Layout -key child_source_pos_x -value {-2}
gui_set_state_value -category Layout -key child_source_pos_y -value {-15}
gui_set_state_value -category Layout -key child_source_size_x -value 844
gui_set_state_value -category Layout -key child_source_size_y -value 421
gui_set_state_value -category Layout -key child_wave_colname -value 232
gui_set_state_value -category Layout -key child_wave_colvalue -value 232
gui_set_state_value -category Layout -key child_wave_left -value 468
gui_set_state_value -category Layout -key child_wave_right -value 1140
gui_set_state_value -category Layout -key main_pos_x -value 65
gui_set_state_value -category Layout -key main_pos_y -value 24
gui_set_state_value -category Layout -key main_size_x -value 1679
gui_set_state_value -category Layout -key main_size_y -value 1049
gui_set_state_value -category Layout -key stand_wave_child_docknewline -value false
gui_set_state_value -category Layout -key stand_wave_child_pos_x -value {-2}
gui_set_state_value -category Layout -key stand_wave_child_pos_y -value {-15}
gui_set_state_value -category Layout -key stand_wave_child_size_x -value 1618
gui_set_state_value -category Layout -key stand_wave_child_size_y -value 859
gui_set_state_value -category Layout -key stand_wave_top_pos_x -value 65
gui_set_state_value -category Layout -key stand_wave_top_pos_y -value 59
gui_set_state_value -category Layout -key stand_wave_top_size_x -value 1678
gui_set_state_value -category Layout -key stand_wave_top_size_y -value 1027
gui_create_state_key -category FindDialog -key m_pMatchCase -value_type bool -value false
gui_create_state_key -category FindDialog -key m_pMatchWord -value_type bool -value false
gui_create_state_key -category FindDialog -key m_pUseCombo -value_type string -value {}
gui_create_state_key -category FindDialog -key m_pWrapAround -value_type bool -value true
gui_create_state_key -category Widget_History -key {TopLevel.1|qt_left_dock|DockWnd1|HSPane.1|pages|Hier.1|hbox1|Scope Explore} -value_type string -value {testbench.d3 testbench.d3.core0_leon3core0_cp2_v0}
gui_create_state_key -category Widget_History -key TopLevel.2|EkTopVbox|wndWorkspace|qt_workspacechild2|Wave.1|left|filterVBox|controlHBox|unnamed -value_type string -value *Q*
gui_state_default_create -off

# Begin command logging
gui_open_db -file /home/dtatest/DTA-aes/test.vcd -design V1
gui_list_expand -id  Hier.1   aes_cipher_top_tb
gui_list_collapse -id  Hier.1   aes_cipher_top_tb
gui_list_select -id Hier.1 -current_item_name aes_cipher_top_tb -current_item_type Scope  -selected  { aes_cipher_top_tb   }
gui_list_select -id Data.1 -selected  { {aes_cipher_top_tb.data_output_encrypt[127:0]}   }
gui_list_select -id Data.1 -selected  { {aes_cipher_top_tb.data_output_encrypt[127:0]}  aes_cipher_top_tb.rst   }
gui_list_select -id Data.1 -selected  { {aes_cipher_top_tb.data_output_encrypt[127:0]}  aes_cipher_top_tb.rst  aes_cipher_top_tb.ld   }
gui_list_select -id Data.1 -selected  { {aes_cipher_top_tb.data_output_encrypt[127:0]}  aes_cipher_top_tb.rst  aes_cipher_top_tb.ld  aes_cipher_top_tb.done   }
gui_list_select -id Data.1 -selected  { {aes_cipher_top_tb.data_output_encrypt[127:0]}  aes_cipher_top_tb.rst  aes_cipher_top_tb.ld  aes_cipher_top_tb.done  {aes_cipher_top_tb.key[127:0]}   }
gui_list_select_all -id Data.1
gui_open_window Wave
gui_list_add -id Wave.1 -from Data.1 { aes_cipher_top_tb.rst aes_cipher_top_tb.ld aes_cipher_top_tb.done {aes_cipher_top_tb.key[127:0]} {aes_cipher_top_tb.text_in[127:0]} {aes_cipher_top_tb.data_output_encrypt[127:0]} {aes_cipher_top_tb.text_out[127:0]} aes_cipher_top_tb.clk } -insertionbar
gui_zoom -window Wave.1 -full
gui_zoom -window Wave.1 -full
gui_zoom -window Wave.1 -full
gui_zoom -window Wave.1 -full
gui_zoom -window Wave.1 -full
gui_zoom -window Wave.1 -full
gui_zoom -window Wave.1 -full
gui_zoom -window Wave.1 -full
gui_zoom -window Wave.1 -full
gui_zoom -window Wave.1 -full
gui_marker_move -id  Wave.1 C1 592562
gui_zoom -window  Wave.1  -full
gui_close_window -window TopLevel.2
